#
# There is insufficient memory for the Java Runtime Environment to continue.
# Native memory allocation (mmap) failed to map 98566144 bytes for G1 virtual space
# Possible reasons:
#   The system is out of physical RAM or swap space
#   The process is running with CompressedOops enabled, and the Java Heap may be blocking the growth of the native heap
# Possible solutions:
#   Reduce memory load on the system
#   Increase physical memory or swap space
#   Check if swap backing store is full
#   Decrease Java heap size (-Xmx/-Xms)
#   Decrease number of Java threads
#   Decrease Java thread stack sizes (-Xss)
#   Set larger code cache with -XX:ReservedCodeCacheSize=
#   JVM is running with Unscaled Compressed Oops mode in which the Java heap is
#     placed in the first 4GB address space. The Java Heap base address is the
#     maximum limit for the native heap growth. Please use -XX:HeapBaseMinAddress
#     to set the Java Heap base and to place the Java Heap above 4GB virtual address.
# This output file may be truncated or incomplete.
#
#  Out of Memory Error (os_windows.cpp:3530), pid=16560, tid=3076
#
# JRE version:  (18.0.2+9) (build )
# Java VM: Java HotSpot(TM) 64-Bit Server VM (18.0.2+9-61, mixed mode, sharing, tiered, compressed oops, compressed class ptrs, g1 gc, windows-amd64)
# No core dump will be written. Minidumps are not enabled by default on client versions of Windows
#

---------------  S U M M A R Y ------------

Command Line: -Dfile.encoding=UTF-8 -XX:+ShowCodeDetailsInExceptionMessages UI.DiaDiem_GUI

Host: AMD Ryzen 5 5600H with Radeon Graphics         , 12 cores, 5G,  Windows 10 , 64 bit Build 19041 (10.0.19041.2788)
Time: Tue Apr 18 01:12:31 2023 SE Asia Standard Time elapsed time: 0.006894 seconds (0d 0h 0m 0s)

---------------  T H R E A D  ---------------

Current thread (0x000001ea4709e1a0):  JavaThread "Unknown thread" [_thread_in_vm, id=3076, stack(0x0000000100600000,0x0000000100700000)]

Stack: [0x0000000100600000,0x0000000100700000]
Native frames: (J=compiled Java code, j=interpreted, Vv=VM code, C=native code)
V  [jvm.dll+0x6993ca]
V  [jvm.dll+0x7f481d]
V  [jvm.dll+0x7f612e]
V  [jvm.dll+0x7f67e3]
V  [jvm.dll+0x25cdaf]
V  [jvm.dll+0x696319]
V  [jvm.dll+0x68ae4a]
V  [jvm.dll+0x3223eb]
V  [jvm.dll+0x329dc6]
V  [jvm.dll+0x37eade]
V  [jvm.dll+0x37ed0f]
V  [jvm.dll+0x2fa16a]
V  [jvm.dll+0x2fb1cd]
V  [jvm.dll+0x7c3450]
V  [jvm.dll+0x38be61]
V  [jvm.dll+0x7a2073]
V  [jvm.dll+0x40dc3f]
V  [jvm.dll+0x40f611]
C  [jli.dll+0x526b]
C  [ucrtbase.dll+0x21bb2]
C  [KERNEL32.DLL+0x17604]
C  [ntdll.dll+0x526a1]


---------------  P R O C E S S  ---------------

Threads class SMR info:
_java_thread_list=0x00007ffd193ce550, length=0, elements={
}

Java Threads: ( => current thread )

Other Threads:
  0x000001ea470efd30 WorkerThread "GC Thread#0" [stack: 0x0000000100700000,0x0000000100800000] [id=22304]
  0x000001ea470fe720 ConcurrentGCThread "G1 Main Marker" [stack: 0x0000000100800000,0x0000000100900000] [id=20676]
  0x000001ea471007d0 WorkerThread "G1 Conc#0" [stack: 0x0000000100900000,0x0000000100a00000] [id=11028]

[error occurred during error reporting (printing all threads), id 0xc0000005, EXCEPTION_ACCESS_VIOLATION (0xc0000005) at pc=0x00007ffd18bfa707]

VM state: not at safepoint (not fully initialized)

VM Mutex/Monitor currently owned by a thread:  ([mutex/lock_event])
[0x000001ea47098e30] Heap_lock - owner thread: 0x000001ea4709e1a0

Heap address: 0x00000000a2400000, size: 1500 MB, Compressed Oops mode: 32-bit

CDS archive(s) mapped at: [0x0000000000000000-0x0000000000000000-0x0000000000000000), size 0, SharedBaseAddress: 0x0000000800000000, ArchiveRelocationMode: 0.
Narrow klass base: 0x0000000000000000, Narrow klass shift: 0, Narrow klass range: 0x0

GC Precious Log:
 CardTable entry size: 512
 Card Set container configuration: InlinePtr #cards 5 size 8 Array Of Cards #cards 12 size 40 Howl #buckets 4 coarsen threshold 1843 Howl Bitmap #cards 512 size 80 coarsen threshold 460 Card regions per heap region 1 cards per card region 2048

Heap:
 garbage-first heap   total 0K, used 0K [0x00000000a2400000, 0x0000000100000000)
  region size 1024K, 0 young (0K), 0 survivors (0K)

[error occurred during error reporting (printing heap information), id 0xc0000005, EXCEPTION_ACCESS_VIOLATION (0xc0000005) at pc=0x00007ffd18fe1859]

GC Heap History (0 events):
No events

Deoptimization events (0 events):
No events

Classes loaded (0 events):
No events

Classes unloaded (0 events):
No events

Classes redefined (0 events):
No events

Internal exceptions (0 events):
No events

VM Operations (0 events):
No events

Events (1 events):
Event: 0.005 Loaded shared library C:\Program Files\Java\jdk-18.0.2\bin\java.dll


Dynamic libraries:
0x00007ff7fa7c0000 - 0x00007ff7fa7d0000 	C:\Program Files\Java\jdk-18.0.2\bin\javaw.exe
0x00007ffd4fab0000 - 0x00007ffd4fca8000 	C:\WINDOWS\SYSTEM32\ntdll.dll
0x00007ffd4f720000 - 0x00007ffd4f7df000 	C:\WINDOWS\System32\KERNEL32.DLL
0x00007ffd4d800000 - 0x00007ffd4dada000 	C:\WINDOWS\System32\KERNELBASE.dll
0x00007ffd4d660000 - 0x00007ffd4d760000 	C:\WINDOWS\System32\ucrtbase.dll
0x00007ffd47d80000 - 0x00007ffd47d9a000 	C:\Program Files\Java\jdk-18.0.2\bin\VCRUNTIME140.dll
0x00007ffd47d20000 - 0x00007ffd47d38000 	C:\Program Files\Java\jdk-18.0.2\bin\jli.dll
0x00007ffd4e700000 - 0x00007ffd4e7ae000 	C:\WINDOWS\System32\ADVAPI32.dll
0x00007ffd4f810000 - 0x00007ffd4f8ae000 	C:\WINDOWS\System32\msvcrt.dll
0x00007ffd4e140000 - 0x00007ffd4e1dc000 	C:\WINDOWS\System32\sechost.dll
0x00007ffd4f940000 - 0x00007ffd4fa66000 	C:\WINDOWS\System32\RPCRT4.dll
0x00007ffd4ec30000 - 0x00007ffd4edcd000 	C:\WINDOWS\System32\USER32.dll
0x00007ffd3bad0000 - 0x00007ffd3bd6a000 	C:\WINDOWS\WinSxS\amd64_microsoft.windows.common-controls_6595b64144ccf1df_6.0.19041.1110_none_60b5254171f9507e\COMCTL32.dll
0x00007ffd4dae0000 - 0x00007ffd4db02000 	C:\WINDOWS\System32\win32u.dll
0x00007ffd4e7b0000 - 0x00007ffd4e7db000 	C:\WINDOWS\System32\GDI32.dll
0x00007ffd4d4c0000 - 0x00007ffd4d5d0000 	C:\WINDOWS\System32\gdi32full.dll
0x00007ffd4d760000 - 0x00007ffd4d7fd000 	C:\WINDOWS\System32\msvcp_win.dll
0x00007ffd449e0000 - 0x00007ffd449ea000 	C:\WINDOWS\SYSTEM32\VERSION.dll
0x00007ffd4f7e0000 - 0x00007ffd4f810000 	C:\WINDOWS\System32\IMM32.DLL
0x00007ffd4a990000 - 0x00007ffd4a99c000 	C:\Program Files\Java\jdk-18.0.2\bin\vcruntime140_1.dll
0x00007ffd45340000 - 0x00007ffd453cd000 	C:\Program Files\Java\jdk-18.0.2\bin\msvcp140.dll
0x00007ffd188f0000 - 0x00007ffd19501000 	C:\Program Files\Java\jdk-18.0.2\bin\server\jvm.dll
0x00007ffd4eb40000 - 0x00007ffd4eb48000 	C:\WINDOWS\System32\PSAPI.DLL
0x00007ffd48640000 - 0x00007ffd48649000 	C:\WINDOWS\SYSTEM32\WSOCK32.dll
0x00007ffd428c0000 - 0x00007ffd428e7000 	C:\WINDOWS\SYSTEM32\WINMM.dll
0x00007ffd4ead0000 - 0x00007ffd4eb3b000 	C:\WINDOWS\System32\WS2_32.dll
0x00007ffd4afa0000 - 0x00007ffd4afb2000 	C:\WINDOWS\SYSTEM32\kernel.appcore.dll
0x00007ffd47d10000 - 0x00007ffd47d1a000 	C:\Program Files\Java\jdk-18.0.2\bin\jimage.dll
0x00007ffd3c6f0000 - 0x00007ffd3c8d4000 	C:\WINDOWS\SYSTEM32\DBGHELP.DLL
0x00007ffd39770000 - 0x00007ffd397a4000 	C:\WINDOWS\SYSTEM32\dbgcore.DLL
0x00007ffd4d5d0000 - 0x00007ffd4d652000 	C:\WINDOWS\System32\bcryptPrimitives.dll
0x00007ffd458e0000 - 0x00007ffd45905000 	C:\Program Files\Java\jdk-18.0.2\bin\java.dll

dbghelp: loaded successfully - version: 4.0.5 - missing functions: none
symbol engine: initialized successfully - sym options: 0x614 - pdb path: .;C:\Program Files\Java\jdk-18.0.2\bin;C:\WINDOWS\SYSTEM32;C:\WINDOWS\WinSxS\amd64_microsoft.windows.common-controls_6595b64144ccf1df_6.0.19041.1110_none_60b5254171f9507e;C:\Program Files\Java\jdk-18.0.2\bin\server

VM Arguments:
jvm_args: -Dfile.encoding=UTF-8 -XX:+ShowCodeDetailsInExceptionMessages 
java_command: UI.DiaDiem_GUI
java_class_path (initial): C:\Users\hoang\Videos\CongTyDuLich-Nhom5-JavaProject\SourceCode\bin;C:\Users\hoang\Videos\CongTyDuLich-Nhom5-JavaProject\SourceCode\Lib\sqljdbc42.jar;C:\Users\hoang\Videos\CongTyDuLich-Nhom5-JavaProject\SourceCode\Lib\jdatepicker-1.3.4.jar
Launcher Type: SUN_STANDARD

[Global flags]
     intx CICompilerCount                          = 4                                         {product} {ergonomic}
     uint ConcGCThreads                            = 3                                         {product} {ergonomic}
     uint G1ConcRefinementThreads                  = 10                                        {product} {ergonomic}
   size_t G1HeapRegionSize                         = 1048576                                   {product} {ergonomic}
    uintx GCDrainStackTargetSize                   = 64                                        {product} {ergonomic}
   size_t InitialHeapSize                          = 98566144                                  {product} {ergonomic}
   size_t MarkStackSize                            = 4194304                                   {product} {ergonomic}
   size_t MaxHeapSize                              = 1572864000                                {product} {ergonomic}
   size_t MinHeapDeltaBytes                        = 1048576                                   {product} {ergonomic}
   size_t MinHeapSize                              = 8388608                                   {product} {ergonomic}
    uintx NonNMethodCodeHeapSize                   = 5839372                                {pd product} {ergonomic}
    uintx NonProfiledCodeHeapSize                  = 122909434                              {pd product} {ergonomic}
    uintx ProfiledCodeHeapSize                     = 122909434                              {pd product} {ergonomic}
    uintx ReservedCodeCacheSize                    = 251658240                              {pd product} {ergonomic}
     bool SegmentedCodeCache                       = true                                      {product} {ergonomic}
     bool ShowCodeDetailsInExceptionMessages       = true                                   {manageable} {command line}
   size_t SoftMaxHeapSize                          = 1572864000                             {manageable} {ergonomic}
     bool UseCompressedClassPointers               = true                           {product lp64_product} {ergonomic}
     bool UseCompressedOops                        = true                           {product lp64_product} {ergonomic}
     bool UseG1GC                                  = true                                      {product} {ergonomic}
     bool UseLargePagesIndividualAllocation        = false                                  {pd product} {ergonomic}

Logging:
Log output configuration:
 #0: stdout all=warning uptime,level,tags foldmultilines=false
 #1: stderr all=off uptime,level,tags foldmultilines=false

Environment Variables:
PATH=C:\Program Files\Common Files\Oracle\Java\javapath;C:\WINDOWS\system32;C:\WINDOWS;C:\WINDOWS\System32\Wbem;C:\WINDOWS\System32\WindowsPowerShell\v1.0\;C:\WINDOWS\System32\OpenSSH\;C:\Program Files\Azure Data Studio\bin;C:\Program Files\MongoDB\Server\5.0\bin;C:\Program Files\MongoDB\Tools\100\bin;C:\Program Files\Git\cmd;C:\Program Files (x86)\Microsoft SQL Server\160\Tools\Binn\;C:\Program Files\Microsoft SQL Server\160\Tools\Binn\;C:\Program Files\Microsoft SQL Server\Client SDK\ODBC\170\Tools\Binn\;C:\Program Files\Microsoft SQL Server\160\DTS\Binn\;C:\Program Files (x86)\Microsoft SQL Server\160\DTS\Binn\;C:\Users\hoang\AppData\Local\Microsoft\WindowsApps;;C:\Program Files\Azure Data Studio\bin;C:\Users\hoang\AppData\Local\Programs\Microsoft VS Code\bin;C:\Users\hoang\AppData\Local\Programs\mongosh\
USERNAME=hoang
OS=Windows_NT
PROCESSOR_IDENTIFIER=AMD64 Family 25 Model 80 Stepping 0, AuthenticAMD



---------------  S Y S T E M  ---------------

OS:
 Windows 10 , 64 bit Build 19041 (10.0.19041.2788)
OS uptime: 0 days 8:49 hours

CPU: total 12 (initial active 12) (12 cores per cpu, 2 threads per core) family 25 model 80 stepping 0 microcode 0x0, cx8, cmov, fxsr, ht, mmx, 3dnowpref, sse, sse2, sse3, ssse3, sse4a, sse4.1, sse4.2, popcnt, lzcnt, tsc, tscinvbit, avx, avx2, aes, erms, clmul, bmi1, bmi2, adx, sha, fma, vzeroupper, clflush, clflushopt

Memory: 4k page, system-wide physical 5996M (353M free)
TotalPageFile size 24428M (AvailPageFile size 39M)
current process WorkingSet (physical memory assigned to process): 10M, peak: 10M
current process commit charge ("private bytes"): 64M, peak: 158M

vm_info: Java HotSpot(TM) 64-Bit Server VM (18.0.2+9-61) for windows-amd64 JRE (18.0.2+9-61), built on Jun  7 2022 13:09:01 by "mach5one" with MS VC++ 16.8 / 16.9 (VS2019)

END.
