#
# There is insufficient memory for the Java Runtime Environment to continue.
# Native memory allocation (malloc) failed to allocate 171056 bytes for Chunk::new
# Possible reasons:
#   The system is out of physical RAM or swap space
#   The process is running with CompressedOops enabled, and the Java Heap may be blocking the growth of the native heap
# Possible solutions:
#   Reduce memory load on the system
#   Increase physical memory or swap space
#   Check if swap backing store is full
#   Decrease Java heap size (-Xmx/-Xms)
#   Decrease number of Java threads
#   Decrease Java thread stack sizes (-Xss)
#   Set larger code cache with -XX:ReservedCodeCacheSize=
#   JVM is running with Unscaled Compressed Oops mode in which the Java heap is
#     placed in the first 4GB address space. The Java Heap base address is the
#     maximum limit for the native heap growth. Please use -XX:HeapBaseMinAddress
#     to set the Java Heap base and to place the Java Heap above 4GB virtual address.
# This output file may be truncated or incomplete.
#
#  Out of Memory Error (arena.cpp:184), pid=18512, tid=10120
#
# JRE version: Java(TM) SE Runtime Environment (18.0.2+9) (build 18.0.2+9-61)
# Java VM: Java HotSpot(TM) 64-Bit Server VM (18.0.2+9-61, mixed mode, sharing, tiered, compressed oops, compressed class ptrs, g1 gc, windows-amd64)
# No core dump will be written. Minidumps are not enabled by default on client versions of Windows
#

---------------  S U M M A R Y ------------

Command Line: -Dfile.encoding=UTF-8 -XX:+ShowCodeDetailsInExceptionMessages UI.QuanLiTour_GUI

Host: AMD Ryzen 5 5600H with Radeon Graphics         , 12 cores, 5G,  Windows 10 , 64 bit Build 19041 (10.0.19041.2788)
Time: Mon Apr 17 21:36:41 2023 SE Asia Standard Time elapsed time: 1230.653746 seconds (0d 0h 20m 30s)

---------------  T H R E A D  ---------------

Current thread (0x0000014c5a4c2970):  JavaThread "C2 CompilerThread0" daemon [_thread_in_native, id=10120, stack(0x00000049ae700000,0x00000049ae800000)]


Current CompileTask:
C2:1230654 3149  s    4       sun.java2d.Disposer::add (61 bytes)

Stack: [0x00000049ae700000,0x00000049ae800000]
Native frames: (J=compiled Java code, j=interpreted, Vv=VM code, C=native code)
V  [jvm.dll+0x6993ca]
V  [jvm.dll+0x7f481d]
V  [jvm.dll+0x7f612e]
V  [jvm.dll+0x7f67e3]
V  [jvm.dll+0x25cdaf]
V  [jvm.dll+0xb8c2f]
V  [jvm.dll+0xb8fa5]
V  [jvm.dll+0x386091]
V  [jvm.dll+0x34fd01]
V  [jvm.dll+0x34f19a]
V  [jvm.dll+0x22ff51]
V  [jvm.dll+0x22f321]
V  [jvm.dll+0x1ba01c]
V  [jvm.dll+0x23ec9a]
V  [jvm.dll+0x23cf85]
V  [jvm.dll+0x7a6e21]
V  [jvm.dll+0x7a125a]
V  [jvm.dll+0x698275]
C  [ucrtbase.dll+0x21bb2]
C  [KERNEL32.DLL+0x17604]
C  [ntdll.dll+0x526a1]


---------------  P R O C E S S  ---------------

Threads class SMR info:
_java_thread_list=0x0000014c63754df0, length=18, elements={
0x0000014c5a4976e0, 0x0000014c5a498480, 0x0000014c5a4afac0, 0x0000014c5a4b4470,
0x0000014c5a4b4e10, 0x0000014c5a4bdd00, 0x0000014c5a4c2970, 0x0000014c5a4c5ac0,
0x0000014c5a4c74b0, 0x0000014c5e885ec0, 0x0000014c5e8875d0, 0x0000014c5ead0020,
0x0000014c5eacde70, 0x0000014c5eace340, 0x0000014c5ead04f0, 0x0000014c5eacd000,
0x0000014c5ead09c0, 0x0000014c5eacf680
}

Java Threads: ( => current thread )
  0x0000014c5a4976e0 JavaThread "Reference Handler" daemon [_thread_blocked, id=19420, stack(0x00000049ae100000,0x00000049ae200000)]
  0x0000014c5a498480 JavaThread "Finalizer" daemon [_thread_blocked, id=19436, stack(0x00000049ae200000,0x00000049ae300000)]
  0x0000014c5a4afac0 JavaThread "Signal Dispatcher" daemon [_thread_blocked, id=16960, stack(0x00000049ae300000,0x00000049ae400000)]
  0x0000014c5a4b4470 JavaThread "Attach Listener" daemon [_thread_blocked, id=16508, stack(0x00000049ae400000,0x00000049ae500000)]
  0x0000014c5a4b4e10 JavaThread "Service Thread" daemon [_thread_blocked, id=17464, stack(0x00000049ae500000,0x00000049ae600000)]
  0x0000014c5a4bdd00 JavaThread "Monitor Deflation Thread" daemon [_thread_blocked, id=17524, stack(0x00000049ae600000,0x00000049ae700000)]
=>0x0000014c5a4c2970 JavaThread "C2 CompilerThread0" daemon [_thread_in_native, id=10120, stack(0x00000049ae700000,0x00000049ae800000)]
  0x0000014c5a4c5ac0 JavaThread "C1 CompilerThread0" daemon [_thread_blocked, id=17004, stack(0x00000049ae800000,0x00000049ae900000)]
  0x0000014c5a4c74b0 JavaThread "Sweeper thread" daemon [_thread_blocked, id=5976, stack(0x00000049ae900000,0x00000049aea00000)]
  0x0000014c5e885ec0 JavaThread "Notification Thread" daemon [_thread_blocked, id=19312, stack(0x00000049aea00000,0x00000049aeb00000)]
  0x0000014c5e8875d0 JavaThread "Common-Cleaner" daemon [_thread_blocked, id=19064, stack(0x00000049aec00000,0x00000049aed00000)]
  0x0000014c5ead0020 JavaThread "Java2D Disposer" daemon [_thread_blocked, id=4548, stack(0x00000049aed00000,0x00000049aee00000)]
  0x0000014c5eacde70 JavaThread "AWT-Shutdown" [_thread_blocked, id=16572, stack(0x00000049aee00000,0x00000049aef00000)]
  0x0000014c5eace340 JavaThread "AWT-Windows" daemon [_thread_in_native, id=12176, stack(0x00000049aef00000,0x00000049af000000)]
  0x0000014c5ead04f0 JavaThread "AWT-EventQueue-0" [_thread_in_Java, id=17036, stack(0x00000049afb00000,0x00000049afc00000)]
  0x0000014c5eacd000 JavaThread "DestroyJavaVM" [_thread_blocked, id=9092, stack(0x00000049ada00000,0x00000049adb00000)]
  0x0000014c5ead09c0 JavaThread "D3D Screen Updater" daemon [_thread_blocked, id=17944, stack(0x00000049aff00000,0x00000049b0000000)]
  0x0000014c5eacf680 JavaThread "TimerQueue" daemon [_thread_blocked, id=7356, stack(0x00000049afa00000,0x00000049afb00000)]

Other Threads:
  0x0000014c5a4926d0 VMThread "VM Thread" [stack: 0x00000049ae000000,0x00000049ae100000] [id=18644]
  0x0000014c5e8871b0 WatcherThread "VM Periodic Task Thread" [stack: 0x00000049aeb00000,0x00000049aec00000] [id=19068]
  0x0000014c3d2a08f0 WorkerThread "GC Thread#0" [stack: 0x00000049adb00000,0x00000049adc00000] [id=12192]
  0x0000014c64b4bbf0 WorkerThread "GC Thread#1" [stack: 0x00000049afc00000,0x00000049afd00000] [id=19444]
  0x0000014c65545b80 WorkerThread "GC Thread#2" [stack: 0x00000049b0000000,0x00000049b0100000] [id=19448]
  0x0000014c64e24230 WorkerThread "GC Thread#3" [stack: 0x00000049b0100000,0x00000049b0200000] [id=19452]
  0x0000014c64e244d0 WorkerThread "GC Thread#4" [stack: 0x00000049b0200000,0x00000049b0300000] [id=2832]
  0x0000014c64a3cea0 WorkerThread "GC Thread#5" [stack: 0x00000049b0300000,0x00000049b0400000] [id=4232]
  0x0000014c64cde440 WorkerThread "GC Thread#6" [stack: 0x00000049b0400000,0x00000049b0500000] [id=19388]
  0x0000014c64cde6e0 WorkerThread "GC Thread#7" [stack: 0x00000049b0500000,0x00000049b0600000] [id=10288]
  0x0000014c656979a0 WorkerThread "GC Thread#8" [stack: 0x00000049b0600000,0x00000049b0700000] [id=4132]
  0x0000014c65698450 WorkerThread "GC Thread#9" [stack: 0x00000049b0700000,0x00000049b0800000] [id=17912]
  0x0000014c3d2aeb50 ConcurrentGCThread "G1 Main Marker" [stack: 0x00000049adc00000,0x00000049add00000] [id=19292]
  0x0000014c3d2b0550 WorkerThread "G1 Conc#0" [stack: 0x00000049add00000,0x00000049ade00000] [id=17736]
  0x0000014c3d3017c0 ConcurrentGCThread "G1 Refine#0" [stack: 0x00000049ade00000,0x00000049adf00000] [id=5220]
  0x0000014c3d3020d0 ConcurrentGCThread "G1 Service" [stack: 0x00000049adf00000,0x00000049ae000000] [id=19264]

Threads with active compile tasks:
C2 CompilerThread0  1230754 3149  s    4       sun.java2d.Disposer::add (61 bytes)

VM state: not at safepoint (normal execution)

VM Mutex/Monitor currently owned by a thread: None

Heap address: 0x00000000a2400000, size: 1500 MB, Compressed Oops mode: 32-bit

CDS archive(s) mapped at: [0x0000000800000000-0x0000000800ba0000-0x0000000800ba0000), size 12189696, SharedBaseAddress: 0x0000000800000000, ArchiveRelocationMode: 0.
Compressed class space mapped at: 0x0000000800c00000-0x0000000840c00000, reserved size: 1073741824
Narrow klass base: 0x0000000800000000, Narrow klass shift: 0, Narrow klass range: 0x100000000

GC Precious Log:
 CardTable entry size: 512
 Card Set container configuration: InlinePtr #cards 5 size 8 Array Of Cards #cards 12 size 40 Howl #buckets 4 coarsen threshold 1843 Howl Bitmap #cards 512 size 80 coarsen threshold 460 Card regions per heap region 1 cards per card region 2048
 CPUs: 12 total, 12 available
 Memory: 5996M
 Large Page Support: Disabled
 NUMA Support: Disabled
 Compressed Oops: Enabled (32-bit)
 Heap Region Size: 1M
 Heap Min Capacity: 8M
 Heap Initial Capacity: 94M
 Heap Max Capacity: 1500M
 Pre-touch: Disabled
 Parallel Workers: 10
 Concurrent Workers: 3
 Concurrent Refinement Workers: 10
 Periodic GC: Disabled

Heap:
 garbage-first heap   total 96256K, used 30858K [0x00000000a2400000, 0x0000000100000000)
  region size 1024K, 20 young (20480K), 7 survivors (7168K)
 Metaspace       used 13052K, committed 13248K, reserved 1114112K
  class space    used 1386K, committed 1536K, reserved 1048576K

Heap Regions: E=young(eden), S=young(survivor), O=old, HS=humongous(starts), HC=humongous(continues), CS=collection set, F=free, OA=open archive, CA=closed archive, TAMS=top-at-mark-start (previous, next)
|   0|0x00000000a2400000, 0x00000000a2500000, 0x00000000a2500000|100%|HS|  |TAMS 0x00000000a2400000, 0x00000000a2400000| Complete 
|   1|0x00000000a2500000, 0x00000000a2600000, 0x00000000a2600000|100%|HC|  |TAMS 0x00000000a2500000, 0x00000000a2500000| Complete 
|   2|0x00000000a2600000, 0x00000000a2700000, 0x00000000a2700000|100%|HS|  |TAMS 0x00000000a2600000, 0x00000000a2600000| Complete 
|   3|0x00000000a2700000, 0x00000000a2800000, 0x00000000a2800000|100%|HS|  |TAMS 0x00000000a2700000, 0x00000000a2700000| Complete 
|   4|0x00000000a2800000, 0x00000000a2900000, 0x00000000a2900000|100%|HC|  |TAMS 0x00000000a2800000, 0x00000000a2800000| Complete 
|   5|0x00000000a2900000, 0x00000000a2a00000, 0x00000000a2a00000|100%| O|  |TAMS 0x00000000a2900000, 0x00000000a2900000| Untracked 
|   6|0x00000000a2a00000, 0x00000000a2b00000, 0x00000000a2b00000|100%| O|  |TAMS 0x00000000a2a00000, 0x00000000a2a00000| Untracked 
|   7|0x00000000a2b00000, 0x00000000a2c00000, 0x00000000a2c00000|100%| O|  |TAMS 0x00000000a2b00000, 0x00000000a2b00000| Untracked 
|   8|0x00000000a2c00000, 0x00000000a2d00000, 0x00000000a2d00000|100%| O|  |TAMS 0x00000000a2c00000, 0x00000000a2c00000| Untracked 
|   9|0x00000000a2d00000, 0x00000000a2e00000, 0x00000000a2e00000|100%| O|  |TAMS 0x00000000a2d00000, 0x00000000a2d00000| Untracked 
|  10|0x00000000a2e00000, 0x00000000a2f00000, 0x00000000a2f00000|100%| O|  |TAMS 0x00000000a2e00000, 0x00000000a2e00000| Untracked 
|  11|0x00000000a2f00000, 0x00000000a2f22800, 0x00000000a3000000| 13%| O|  |TAMS 0x00000000a2f00000, 0x00000000a2f00000| Untracked 
|  12|0x00000000a3000000, 0x00000000a3000000, 0x00000000a3100000|  0%| F|  |TAMS 0x00000000a3000000, 0x00000000a3000000| Untracked 
|  13|0x00000000a3100000, 0x00000000a3100000, 0x00000000a3200000|  0%| F|  |TAMS 0x00000000a3100000, 0x00000000a3100000| Untracked 
|  14|0x00000000a3200000, 0x00000000a3200000, 0x00000000a3300000|  0%| F|  |TAMS 0x00000000a3200000, 0x00000000a3200000| Untracked 
|  15|0x00000000a3300000, 0x00000000a3300000, 0x00000000a3400000|  0%| F|  |TAMS 0x00000000a3300000, 0x00000000a3300000| Untracked 
|  16|0x00000000a3400000, 0x00000000a3400000, 0x00000000a3500000|  0%| F|  |TAMS 0x00000000a3400000, 0x00000000a3400000| Untracked 
|  17|0x00000000a3500000, 0x00000000a3500000, 0x00000000a3600000|  0%| F|  |TAMS 0x00000000a3500000, 0x00000000a3500000| Untracked 
|  18|0x00000000a3600000, 0x00000000a3600000, 0x00000000a3700000|  0%| F|  |TAMS 0x00000000a3600000, 0x00000000a3600000| Untracked 
|  19|0x00000000a3700000, 0x00000000a3700000, 0x00000000a3800000|  0%| F|  |TAMS 0x00000000a3700000, 0x00000000a3700000| Untracked 
|  20|0x00000000a3800000, 0x00000000a3800000, 0x00000000a3900000|  0%| F|  |TAMS 0x00000000a3800000, 0x00000000a3800000| Untracked 
|  21|0x00000000a3900000, 0x00000000a3900000, 0x00000000a3a00000|  0%| F|  |TAMS 0x00000000a3900000, 0x00000000a3900000| Untracked 
|  22|0x00000000a3a00000, 0x00000000a3a00000, 0x00000000a3b00000|  0%| F|  |TAMS 0x00000000a3a00000, 0x00000000a3a00000| Untracked 
|  23|0x00000000a3b00000, 0x00000000a3b00000, 0x00000000a3c00000|  0%| F|  |TAMS 0x00000000a3b00000, 0x00000000a3b00000| Untracked 
|  24|0x00000000a3c00000, 0x00000000a3c00000, 0x00000000a3d00000|  0%| F|  |TAMS 0x00000000a3c00000, 0x00000000a3c00000| Untracked 
|  25|0x00000000a3d00000, 0x00000000a3d00000, 0x00000000a3e00000|  0%| F|  |TAMS 0x00000000a3d00000, 0x00000000a3d00000| Untracked 
|  26|0x00000000a3e00000, 0x00000000a3e00000, 0x00000000a3f00000|  0%| F|  |TAMS 0x00000000a3e00000, 0x00000000a3e00000| Untracked 
|  27|0x00000000a3f00000, 0x00000000a3f00000, 0x00000000a4000000|  0%| F|  |TAMS 0x00000000a3f00000, 0x00000000a3f00000| Untracked 
|  28|0x00000000a4000000, 0x00000000a4000000, 0x00000000a4100000|  0%| F|  |TAMS 0x00000000a4000000, 0x00000000a4000000| Untracked 
|  29|0x00000000a4100000, 0x00000000a4100000, 0x00000000a4200000|  0%| F|  |TAMS 0x00000000a4100000, 0x00000000a4100000| Untracked 
|  30|0x00000000a4200000, 0x00000000a4200000, 0x00000000a4300000|  0%| F|  |TAMS 0x00000000a4200000, 0x00000000a4200000| Untracked 
|  31|0x00000000a4300000, 0x00000000a4400000, 0x00000000a4400000|100%| S|CS|TAMS 0x00000000a4300000, 0x00000000a4300000| Complete 
|  32|0x00000000a4400000, 0x00000000a4500000, 0x00000000a4500000|100%| S|CS|TAMS 0x00000000a4400000, 0x00000000a4400000| Complete 
|  33|0x00000000a4500000, 0x00000000a4600000, 0x00000000a4600000|100%| S|CS|TAMS 0x00000000a4500000, 0x00000000a4500000| Complete 
|  34|0x00000000a4600000, 0x00000000a4700000, 0x00000000a4700000|100%| S|CS|TAMS 0x00000000a4600000, 0x00000000a4600000| Complete 
|  35|0x00000000a4700000, 0x00000000a4800000, 0x00000000a4800000|100%| S|CS|TAMS 0x00000000a4700000, 0x00000000a4700000| Complete 
|  36|0x00000000a4800000, 0x00000000a4900000, 0x00000000a4900000|100%| S|CS|TAMS 0x00000000a4800000, 0x00000000a4800000| Complete 
|  37|0x00000000a4900000, 0x00000000a4a00000, 0x00000000a4a00000|100%| S|CS|TAMS 0x00000000a4900000, 0x00000000a4900000| Complete 
|  38|0x00000000a4a00000, 0x00000000a4a00000, 0x00000000a4b00000|  0%| F|  |TAMS 0x00000000a4a00000, 0x00000000a4a00000| Untracked 
|  39|0x00000000a4b00000, 0x00000000a4b00000, 0x00000000a4c00000|  0%| F|  |TAMS 0x00000000a4b00000, 0x00000000a4b00000| Untracked 
|  40|0x00000000a4c00000, 0x00000000a4c00000, 0x00000000a4d00000|  0%| F|  |TAMS 0x00000000a4c00000, 0x00000000a4c00000| Untracked 
|  41|0x00000000a4d00000, 0x00000000a4d00000, 0x00000000a4e00000|  0%| F|  |TAMS 0x00000000a4d00000, 0x00000000a4d00000| Untracked 
|  42|0x00000000a4e00000, 0x00000000a4e00000, 0x00000000a4f00000|  0%| F|  |TAMS 0x00000000a4e00000, 0x00000000a4e00000| Untracked 
|  43|0x00000000a4f00000, 0x00000000a4f00000, 0x00000000a5000000|  0%| F|  |TAMS 0x00000000a4f00000, 0x00000000a4f00000| Untracked 
|  44|0x00000000a5000000, 0x00000000a5000000, 0x00000000a5100000|  0%| F|  |TAMS 0x00000000a5000000, 0x00000000a5000000| Untracked 
|  45|0x00000000a5100000, 0x00000000a5100000, 0x00000000a5200000|  0%| F|  |TAMS 0x00000000a5100000, 0x00000000a5100000| Untracked 
|  46|0x00000000a5200000, 0x00000000a5200000, 0x00000000a5300000|  0%| F|  |TAMS 0x00000000a5200000, 0x00000000a5200000| Untracked 
|  47|0x00000000a5300000, 0x00000000a5300000, 0x00000000a5400000|  0%| F|  |TAMS 0x00000000a5300000, 0x00000000a5300000| Untracked 
|  48|0x00000000a5400000, 0x00000000a5400000, 0x00000000a5500000|  0%| F|  |TAMS 0x00000000a5400000, 0x00000000a5400000| Untracked 
|  49|0x00000000a5500000, 0x00000000a5500000, 0x00000000a5600000|  0%| F|  |TAMS 0x00000000a5500000, 0x00000000a5500000| Untracked 
|  50|0x00000000a5600000, 0x00000000a5600000, 0x00000000a5700000|  0%| F|  |TAMS 0x00000000a5600000, 0x00000000a5600000| Untracked 
|  51|0x00000000a5700000, 0x00000000a5700000, 0x00000000a5800000|  0%| F|  |TAMS 0x00000000a5700000, 0x00000000a5700000| Untracked 
|  52|0x00000000a5800000, 0x00000000a5800000, 0x00000000a5900000|  0%| F|  |TAMS 0x00000000a5800000, 0x00000000a5800000| Untracked 
|  53|0x00000000a5900000, 0x00000000a5900000, 0x00000000a5a00000|  0%| F|  |TAMS 0x00000000a5900000, 0x00000000a5900000| Untracked 
|  54|0x00000000a5a00000, 0x00000000a5a00000, 0x00000000a5b00000|  0%| F|  |TAMS 0x00000000a5a00000, 0x00000000a5a00000| Untracked 
|  55|0x00000000a5b00000, 0x00000000a5b00000, 0x00000000a5c00000|  0%| F|  |TAMS 0x00000000a5b00000, 0x00000000a5b00000| Untracked 
|  56|0x00000000a5c00000, 0x00000000a5c00000, 0x00000000a5d00000|  0%| F|  |TAMS 0x00000000a5c00000, 0x00000000a5c00000| Untracked 
|  57|0x00000000a5d00000, 0x00000000a5d00000, 0x00000000a5e00000|  0%| F|  |TAMS 0x00000000a5d00000, 0x00000000a5d00000| Untracked 
|  58|0x00000000a5e00000, 0x00000000a5e00000, 0x00000000a5f00000|  0%| F|  |TAMS 0x00000000a5e00000, 0x00000000a5e00000| Untracked 
|  59|0x00000000a5f00000, 0x00000000a5f00000, 0x00000000a6000000|  0%| F|  |TAMS 0x00000000a5f00000, 0x00000000a5f00000| Untracked 
|  60|0x00000000a6000000, 0x00000000a6000000, 0x00000000a6100000|  0%| F|  |TAMS 0x00000000a6000000, 0x00000000a6000000| Untracked 
|  61|0x00000000a6100000, 0x00000000a6100000, 0x00000000a6200000|  0%| F|  |TAMS 0x00000000a6100000, 0x00000000a6100000| Untracked 
|  62|0x00000000a6200000, 0x00000000a6200000, 0x00000000a6300000|  0%| F|  |TAMS 0x00000000a6200000, 0x00000000a6200000| Untracked 
|  63|0x00000000a6300000, 0x00000000a6300000, 0x00000000a6400000|  0%| F|  |TAMS 0x00000000a6300000, 0x00000000a6300000| Untracked 
|  64|0x00000000a6400000, 0x00000000a6400000, 0x00000000a6500000|  0%| F|  |TAMS 0x00000000a6400000, 0x00000000a6400000| Untracked 
|  65|0x00000000a6500000, 0x00000000a6500000, 0x00000000a6600000|  0%| F|  |TAMS 0x00000000a6500000, 0x00000000a6500000| Untracked 
|  66|0x00000000a6600000, 0x00000000a6600000, 0x00000000a6700000|  0%| F|  |TAMS 0x00000000a6600000, 0x00000000a6600000| Untracked 
|  67|0x00000000a6700000, 0x00000000a6700000, 0x00000000a6800000|  0%| F|  |TAMS 0x00000000a6700000, 0x00000000a6700000| Untracked 
|  68|0x00000000a6800000, 0x00000000a6800000, 0x00000000a6900000|  0%| F|  |TAMS 0x00000000a6800000, 0x00000000a6800000| Untracked 
|  69|0x00000000a6900000, 0x00000000a6900000, 0x00000000a6a00000|  0%| F|  |TAMS 0x00000000a6900000, 0x00000000a6900000| Untracked 
|  70|0x00000000a6a00000, 0x00000000a6a00000, 0x00000000a6b00000|  0%| F|  |TAMS 0x00000000a6a00000, 0x00000000a6a00000| Untracked 
|  71|0x00000000a6b00000, 0x00000000a6b00000, 0x00000000a6c00000|  0%| F|  |TAMS 0x00000000a6b00000, 0x00000000a6b00000| Untracked 
|  72|0x00000000a6c00000, 0x00000000a6c00000, 0x00000000a6d00000|  0%| F|  |TAMS 0x00000000a6c00000, 0x00000000a6c00000| Untracked 
|  73|0x00000000a6d00000, 0x00000000a6d00000, 0x00000000a6e00000|  0%| F|  |TAMS 0x00000000a6d00000, 0x00000000a6d00000| Untracked 
|  74|0x00000000a6e00000, 0x00000000a6e00000, 0x00000000a6f00000|  0%| F|  |TAMS 0x00000000a6e00000, 0x00000000a6e00000| Untracked 
|  75|0x00000000a6f00000, 0x00000000a6f00000, 0x00000000a7000000|  0%| F|  |TAMS 0x00000000a6f00000, 0x00000000a6f00000| Untracked 
|  76|0x00000000a7000000, 0x00000000a7000000, 0x00000000a7100000|  0%| F|  |TAMS 0x00000000a7000000, 0x00000000a7000000| Untracked 
|  77|0x00000000a7100000, 0x00000000a7100000, 0x00000000a7200000|  0%| F|  |TAMS 0x00000000a7100000, 0x00000000a7100000| Untracked 
|  78|0x00000000a7200000, 0x00000000a7200000, 0x00000000a7300000|  0%| F|  |TAMS 0x00000000a7200000, 0x00000000a7200000| Untracked 
|  79|0x00000000a7300000, 0x00000000a7300000, 0x00000000a7400000|  0%| F|  |TAMS 0x00000000a7300000, 0x00000000a7300000| Untracked 
|  80|0x00000000a7400000, 0x00000000a74826d0, 0x00000000a7500000| 50%| E|  |TAMS 0x00000000a7400000, 0x00000000a7400000| Complete 
|  81|0x00000000a7500000, 0x00000000a7600000, 0x00000000a7600000|100%| E|CS|TAMS 0x00000000a7500000, 0x00000000a7500000| Complete 
|  82|0x00000000a7600000, 0x00000000a7700000, 0x00000000a7700000|100%| E|CS|TAMS 0x00000000a7600000, 0x00000000a7600000| Complete 
|  83|0x00000000a7700000, 0x00000000a7800000, 0x00000000a7800000|100%| E|CS|TAMS 0x00000000a7700000, 0x00000000a7700000| Complete 
|  84|0x00000000a7800000, 0x00000000a7900000, 0x00000000a7900000|100%| E|CS|TAMS 0x00000000a7800000, 0x00000000a7800000| Complete 
|  85|0x00000000a7900000, 0x00000000a7a00000, 0x00000000a7a00000|100%| E|CS|TAMS 0x00000000a7900000, 0x00000000a7900000| Complete 
|  86|0x00000000a7a00000, 0x00000000a7b00000, 0x00000000a7b00000|100%| E|CS|TAMS 0x00000000a7a00000, 0x00000000a7a00000| Complete 
|  87|0x00000000a7b00000, 0x00000000a7c00000, 0x00000000a7c00000|100%| E|CS|TAMS 0x00000000a7b00000, 0x00000000a7b00000| Complete 
|  88|0x00000000a7c00000, 0x00000000a7d00000, 0x00000000a7d00000|100%| E|CS|TAMS 0x00000000a7c00000, 0x00000000a7c00000| Complete 
|  89|0x00000000a7d00000, 0x00000000a7e00000, 0x00000000a7e00000|100%| E|CS|TAMS 0x00000000a7d00000, 0x00000000a7d00000| Complete 
|  90|0x00000000a7e00000, 0x00000000a7f00000, 0x00000000a7f00000|100%| E|CS|TAMS 0x00000000a7e00000, 0x00000000a7e00000| Complete 
|  91|0x00000000a7f00000, 0x00000000a8000000, 0x00000000a8000000|100%| E|CS|TAMS 0x00000000a7f00000, 0x00000000a7f00000| Complete 
|  92|0x00000000a8000000, 0x00000000a8100000, 0x00000000a8100000|100%| E|CS|TAMS 0x00000000a8000000, 0x00000000a8000000| Complete 
|  93|0x00000000a8100000, 0x00000000a8200000, 0x00000000a8200000|100%| E|CS|TAMS 0x00000000a8100000, 0x00000000a8100000| Complete 

Card table byte_map: [0x0000014c54400000,0x0000014c546f0000] _byte_map_base: 0x0000014c53eee000

Marking Bits (Prev, Next): (CMBitMap*) 0x0000014c3d2a0ef0, (CMBitMap*) 0x0000014c3d2a0f30
 Prev Bits: [0x0000014c549e0000, 0x0000014c56150000)
 Next Bits: [0x0000014c56150000, 0x0000014c578c0000)

Polling page: 0x0000014c3b1a0000

Metaspace:

Usage:
  Non-class:     11.39 MB used.
      Class:      1.35 MB used.
       Both:     12.75 MB used.

Virtual space:
  Non-class space:       64.00 MB reserved,      11.44 MB ( 18%) committed,  1 nodes.
      Class space:        1.00 GB reserved,       1.50 MB ( <1%) committed,  1 nodes.
             Both:        1.06 GB reserved,      12.94 MB (  1%) committed. 

Chunk freelists:
   Non-Class:  0 bytes
       Class:  2.55 MB
        Both:  2.55 MB

MaxMetaspaceSize: unlimited
CompressedClassSpaceSize: 1.00 GB
Initial GC threshold: 21.00 MB
Current GC threshold: 21.00 MB
CDS: on
MetaspaceReclaimPolicy: balanced
 - commit_granule_bytes: 65536.
 - commit_granule_words: 8192.
 - virtual_space_node_default_size: 8388608.
 - enlarge_chunks_in_place: 1.
 - new_chunks_are_fully_committed: 0.
 - uncommit_free_chunks: 1.
 - use_allocation_guard: 0.


Internal statistics:

num_allocs_failed_limit: 0.
num_arena_births: 140.
num_arena_deaths: 0.
num_vsnodes_births: 2.
num_vsnodes_deaths: 0.
num_space_committed: 207.
num_space_uncommitted: 0.
num_chunks_returned_to_freelist: 0.
num_chunks_taken_from_freelist: 223.
num_chunk_merges: 0.
num_chunk_splits: 116.
num_chunks_enlarged: 41.
num_inconsistent_stats: 0.

CodeHeap 'non-profiled nmethods': size=120000Kb used=1867Kb max_used=1867Kb free=118132Kb
 bounds [0x0000014c4c660000, 0x0000014c4c8d0000, 0x0000014c53b90000]
CodeHeap 'profiled nmethods': size=120000Kb used=6291Kb max_used=6291Kb free=113708Kb
 bounds [0x0000014c45130000, 0x0000014c45760000, 0x0000014c4c660000]
CodeHeap 'non-nmethods': size=5760Kb used=1339Kb max_used=1379Kb free=4420Kb
 bounds [0x0000014c44b90000, 0x0000014c44e00000, 0x0000014c45130000]
 total_blobs=3833 nmethods=3164 adapters=580
 compilation: enabled
              stopped_count=0, restarted_count=0
 full_count=0

Compilation events (20 events):
Event: 1230.571 Thread 0x0000014c5a4c5ac0 nmethod 3145 0x0000014c45743b10 code [0x0000014c45743cc0, 0x0000014c45743e08]
Event: 1230.571 Thread 0x0000014c5a4c5ac0 3146       3       java.awt.image.BufferedImage$1::run (48 bytes)
Event: 1230.572 Thread 0x0000014c5a4c5ac0 nmethod 3146 0x0000014c45743e90 code [0x0000014c457440c0, 0x0000014c457448b8]
Event: 1230.572 Thread 0x0000014c5a4c5ac0 3148       3       java.awt.image.BufferedImage::coerceData (38 bytes)
Event: 1230.572 Thread 0x0000014c5a4c5ac0 nmethod 3148 0x0000014c45744b10 code [0x0000014c45744cc0, 0x0000014c45744fa8]
Event: 1230.572 Thread 0x0000014c5a4c5ac0 3137       3       sun.awt.image.IntegerInterleavedRaster::<init> (32 bytes)
Event: 1230.572 Thread 0x0000014c5a4c5ac0 nmethod 3137 0x0000014c45745090 code [0x0000014c45745260, 0x0000014c45745608]
Event: 1230.572 Thread 0x0000014c5a4c5ac0 3147       3       java.awt.image.Raster::createPackedRaster (181 bytes)
Event: 1230.573 Thread 0x0000014c5a4c5ac0 nmethod 3147 0x0000014c45745810 code [0x0000014c45745ae0, 0x0000014c45746e78]
Event: 1230.573 Thread 0x0000014c5a4c5ac0 3151       3       java.awt.image.DataBuffer::<init> (40 bytes)
Event: 1230.574 Thread 0x0000014c5a4c5ac0 nmethod 3151 0x0000014c45747410 code [0x0000014c457475c0, 0x0000014c457478e8]
Event: 1230.574 Thread 0x0000014c5a4c5ac0 3152       3       java.awt.image.DataBufferInt::<init> (35 bytes)
Event: 1230.574 Thread 0x0000014c5a4c5ac0 nmethod 3152 0x0000014c45747a10 code [0x0000014c45747be0, 0x0000014c457480c8]
Event: 1230.574 Thread 0x0000014c5a4c5ac0 3153       3       java.awt.image.DirectColorModel::createCompatibleWritableRaster (114 bytes)
Event: 1230.574 Thread 0x0000014c5a4c5ac0 nmethod 3153 0x0000014c45748210 code [0x0000014c45748420, 0x0000014c45748a68]
Event: 1230.574 Thread 0x0000014c5a4c5ac0 3154       3       sun.awt.image.BufImgSurfaceData::createData (909 bytes)
Event: 1230.577 Thread 0x0000014c5a4c5ac0 nmethod 3154 0x0000014c45748c90 code [0x0000014c45749200, 0x0000014c4574c4b8]
Event: 1230.577 Thread 0x0000014c5a4c5ac0 3160  s    3       sun.awt.image.BufImgSurfaceData::getSolidLoops (85 bytes)
Event: 1230.651 Thread 0x0000014c5a4c5ac0 nmethod 3160 0x0000014c4574d290 code [0x0000014c4574d4c0, 0x0000014c4574dda8]
Event: 1230.651 Thread 0x0000014c5a4c5ac0 3155       3       sun.awt.image.BufImgSurfaceData::createDataIC (75 bytes)

GC Heap History (6 events):
Event: 2.692 GC heap before
{Heap before GC invocations=0 (full 0):
 garbage-first heap   total 96256K, used 27648K [0x00000000a2400000, 0x0000000100000000)
  region size 1024K, 23 young (23552K), 0 survivors (0K)
 Metaspace       used 12148K, committed 12352K, reserved 1114112K
  class space    used 1357K, committed 1472K, reserved 1048576K
}
Event: 2.696 GC heap after
{Heap after GC invocations=1 (full 0):
 garbage-first heap   total 96256K, used 9323K [0x00000000a2400000, 0x0000000100000000)
  region size 1024K, 3 young (3072K), 3 survivors (3072K)
 Metaspace       used 12148K, committed 12352K, reserved 1114112K
  class space    used 1357K, committed 1472K, reserved 1048576K
}
Event: 7.807 GC heap before
{Heap before GC invocations=1 (full 0):
 garbage-first heap   total 96256K, used 40043K [0x00000000a2400000, 0x0000000100000000)
  region size 1024K, 33 young (33792K), 3 survivors (3072K)
 Metaspace       used 12646K, committed 12864K, reserved 1114112K
  class space    used 1357K, committed 1472K, reserved 1048576K
}
Event: 7.810 GC heap after
{Heap after GC invocations=2 (full 0):
 garbage-first heap   total 96256K, used 10023K [0x00000000a2400000, 0x0000000100000000)
  region size 1024K, 1 young (1024K), 1 survivors (1024K)
 Metaspace       used 12646K, committed 12864K, reserved 1114112K
  class space    used 1357K, committed 1472K, reserved 1048576K
}
Event: 1230.581 GC heap before
{Heap before GC invocations=2 (full 0):
 garbage-first heap   total 96256K, used 66343K [0x00000000a2400000, 0x0000000100000000)
  region size 1024K, 56 young (57344K), 1 survivors (1024K)
 Metaspace       used 13047K, committed 13248K, reserved 1114112K
  class space    used 1386K, committed 1536K, reserved 1048576K
}
Event: 1230.629 GC heap after
{Heap after GC invocations=3 (full 0):
 garbage-first heap   total 96256K, used 18570K [0x00000000a2400000, 0x0000000100000000)
  region size 1024K, 7 young (7168K), 7 survivors (7168K)
 Metaspace       used 13047K, committed 13248K, reserved 1114112K
  class space    used 1386K, committed 1536K, reserved 1048576K
}

Deoptimization events (20 events):
Event: 22.966 Thread 0x0000014c5ead04f0 Uncommon trap: trap_request=0xffffff45 fr.pc=0x0000014c4c781a34 relative=0x00000000000011f4
Event: 22.966 Thread 0x0000014c5ead04f0 Uncommon trap: reason=unstable_if action=reinterpret pc=0x0000014c4c781a34 method=sun.java2d.SunGraphics2D.checkFontInfo(Lsun/java2d/loops/FontInfo;Ljava/awt/Font;Ljava/awt/font/FontRenderContext;)Lsun/java2d/loops/FontInfo; @ 1 c2
Event: 22.966 Thread 0x0000014c5ead04f0 DEOPT PACKING pc=0x0000014c4c781a34 sp=0x00000049afbfd870
Event: 22.966 Thread 0x0000014c5ead04f0 DEOPT UNPACKING pc=0x0000014c44be23a3 sp=0x00000049afbfd830 mode 2
Event: 26.625 Thread 0x0000014c5ead04f0 Uncommon trap: trap_request=0xffffff45 fr.pc=0x0000014c4c81dbe8 relative=0x0000000000002d68
Event: 26.625 Thread 0x0000014c5ead04f0 Uncommon trap: reason=unstable_if action=reinterpret pc=0x0000014c4c81dbe8 method=java.awt.EventQueue.getPriority(Ljava/awt/AWTEvent;)I @ 4 c2
Event: 26.626 Thread 0x0000014c5ead04f0 DEOPT PACKING pc=0x0000014c4c81dbe8 sp=0x00000049afbfe970
Event: 26.626 Thread 0x0000014c5ead04f0 DEOPT UNPACKING pc=0x0000014c44be23a3 sp=0x00000049afbfe838 mode 2
Event: 26.626 Thread 0x0000014c5ead04f0 Uncommon trap: trap_request=0xffffff45 fr.pc=0x0000014c4c8260a4 relative=0x0000000000000084
Event: 26.626 Thread 0x0000014c5ead04f0 Uncommon trap: reason=unstable_if action=reinterpret pc=0x0000014c4c8260a4 method=java.awt.EventQueue.eventToCacheIndex(Ljava/awt/AWTEvent;)I @ 71 c2
Event: 26.626 Thread 0x0000014c5ead04f0 DEOPT PACKING pc=0x0000014c4c8260a4 sp=0x00000049afbfe770
Event: 26.626 Thread 0x0000014c5ead04f0 DEOPT UNPACKING pc=0x0000014c44be23a3 sp=0x00000049afbfe708 mode 2
Event: 344.378 Thread 0x0000014c5ead09c0 Uncommon trap: trap_request=0xffffffcc fr.pc=0x0000014c4c82b164 relative=0x0000000000000244
Event: 344.378 Thread 0x0000014c5ead09c0 Uncommon trap: reason=intrinsic_or_type_checked_inlining action=make_not_entrant pc=0x0000014c4c82b164 method=java.util.Arrays.copyOf([Ljava/lang/Object;ILjava/lang/Class;)[Ljava/lang/Object; @ 35 c2
Event: 344.378 Thread 0x0000014c5ead09c0 DEOPT PACKING pc=0x0000014c4c82b164 sp=0x00000049afffee60
Event: 344.378 Thread 0x0000014c5ead09c0 DEOPT UNPACKING pc=0x0000014c44be23a3 sp=0x00000049afffedf0 mode 2
Event: 473.570 Thread 0x0000014c5ead09c0 Uncommon trap: trap_request=0xffffffdc fr.pc=0x0000014c4c82c1b0 relative=0x0000000000000190
Event: 473.570 Thread 0x0000014c5ead09c0 Uncommon trap: reason=class_check action=make_not_entrant pc=0x0000014c4c82c1b0 method=java.util.ArrayList.toArray([Ljava/lang/Object;)[Ljava/lang/Object; @ 21 c2
Event: 473.570 Thread 0x0000014c5ead09c0 DEOPT PACKING pc=0x0000014c4c82c1b0 sp=0x00000049afffeec0
Event: 473.570 Thread 0x0000014c5ead09c0 DEOPT UNPACKING pc=0x0000014c44be23a3 sp=0x00000049afffee80 mode 2

Classes loaded (20 events):
Event: 22.966 Loading class java/text/BreakIterator$BreakIteratorCache
Event: 22.966 Loading class java/text/BreakIterator$BreakIteratorCache done
Event: 22.966 Loading class javax/swing/text/DefaultHighlighter$LayeredHighlightInfo
Event: 22.966 Loading class javax/swing/text/DefaultHighlighter$HighlightInfo
Event: 22.966 Loading class javax/swing/text/DefaultHighlighter$HighlightInfo done
Event: 22.966 Loading class javax/swing/text/DefaultHighlighter$LayeredHighlightInfo done
Event: 25.641 Loading class java/awt/LightweightDispatcher$2
Event: 25.641 Loading class java/awt/LightweightDispatcher$2 done
Event: 26.290 Loading class java/security/DomainCombiner
Event: 26.301 Loading class java/security/DomainCombiner done
Event: 26.610 Loading class java/awt/KeyboardFocusManager$2
Event: 26.610 Loading class java/awt/KeyboardFocusManager$2 done
Event: 26.610 Loading class sun/awt/SunToolkit$1
Event: 26.622 Loading class sun/awt/SunToolkit$1 done
Event: 1229.916 Loading class java/util/WeakHashMap$KeyIterator
Event: 1229.918 Loading class java/util/WeakHashMap$HashIterator
Event: 1229.918 Loading class java/util/WeakHashMap$HashIterator done
Event: 1229.919 Loading class java/util/WeakHashMap$KeyIterator done
Event: 1230.572 Loading class javax/swing/RepaintManager$DisplayChangedRunnable
Event: 1230.572 Loading class javax/swing/RepaintManager$DisplayChangedRunnable done

Classes unloaded (0 events):
No events

Classes redefined (0 events):
No events

Internal exceptions (20 events):
Event: 0.059 Thread 0x0000014c3d2501f0 Exception <a 'java/lang/ClassNotFoundException'{0x00000000a808e028}: sun/awt/resources/spi/awtProvider> (0x00000000a808e028) 
thrown [s\open\src\hotspot\share\classfile\systemDictionary.cpp, line 255]
Event: 0.072 Thread 0x0000014c3d2501f0 Exception <a 'java/io/FileNotFoundException'{0x00000000a80e31c8}> (0x00000000a80e31c8) 
thrown [s\open\src\hotspot\share\prims\jni.cpp, line 516]
Event: 0.076 Thread 0x0000014c3d2501f0 Exception <a 'java/io/FileNotFoundException'{0x00000000a7f10cf8}> (0x00000000a7f10cf8) 
thrown [s\open\src\hotspot\share\prims\jni.cpp, line 516]
Event: 0.099 Thread 0x0000014c3d2501f0 Exception <a 'java/lang/NoSuchMethodError'{0x00000000a7f5ab60}: 'java.lang.Object java.lang.invoke.DirectMethodHandle$Holder.invokeStaticInit(java.lang.Object)'> (0x00000000a7f5ab60) 
thrown [s\open\src\hotspot\share\interpreter\linkResolver.cpp, line 759]
Event: 0.150 Thread 0x0000014c3d2501f0 Exception <a 'java/lang/NoSuchMethodError'{0x00000000a7e1b9f8}: 'void java.lang.invoke.DirectMethodHandle$Holder.invokeSpecial(java.lang.Object, java.lang.Object, java.lang.Object)'> (0x00000000a7e1b9f8) 
thrown [s\open\src\hotspot\share\interpreter\linkResolver.cpp, line 759]
Event: 0.155 Thread 0x0000014c3d2501f0 Exception <a 'java/lang/NoSuchMethodError'{0x00000000a7e469b0}: 'java.lang.Object java.lang.invoke.DirectMethodHandle$Holder.newInvokeSpecial(java.lang.Object, java.lang.Object, java.lang.Object, java.lang.Object, java.lang.Object)'> (0x00000000a7e469b0) 
thrown [s\open\src\hotspot\share\interpreter\linkResolver.cpp, line 759]
Event: 0.159 Thread 0x0000014c3d2501f0 Exception <a 'java/lang/NoSuchMethodError'{0x00000000a7e78af8}: 'java.lang.Object java.lang.invoke.DirectMethodHandle$Holder.invokeStatic(java.lang.Object, int, java.lang.Object)'> (0x00000000a7e78af8) 
thrown [s\open\src\hotspot\share\interpreter\linkResolver.cpp, line 759]
Event: 0.174 Thread 0x0000014c3d2501f0 Exception <a 'java/lang/ClassNotFoundException'{0x00000000a7d35cd8}: com/sun/swing/internal/plaf/metal/resources/spi/metalProvider> (0x00000000a7d35cd8) 
thrown [s\open\src\hotspot\share\classfile\systemDictionary.cpp, line 255]
Event: 0.174 Thread 0x0000014c3d2501f0 Exception <a 'java/lang/ClassNotFoundException'{0x00000000a7d39cc0}: com/sun/swing/internal/plaf/basic/resources/spi/basicProvider> (0x00000000a7d39cc0) 
thrown [s\open\src\hotspot\share\classfile\systemDictionary.cpp, line 255]
Event: 0.180 Thread 0x0000014c3d2501f0 Exception <a 'java/lang/NoSuchMethodError'{0x00000000a7d5a640}: 'int java.lang.invoke.Invokers$Holder.invokeExact_MT(java.lang.Object, java.lang.Object)'> (0x00000000a7d5a640) 
thrown [s\open\src\hotspot\share\interpreter\linkResolver.cpp, line 759]
Event: 0.201 Thread 0x0000014c5eace810 Exception <a 'java/lang/NoSuchMethodError'{0x00000000a7c8c150}: 'java.lang.Object java.lang.invoke.DirectMethodHandle$Holder.newInvokeSpecial(java.lang.Object, java.lang.Object, java.lang.Object, int, int, int, int, int)'> (0x00000000a7c8c150) 
thrown [s\open\src\hotspot\share\interpreter\linkResolver.cpp, line 759]
Event: 0.214 Thread 0x0000014c3d2501f0 Exception <a 'java/io/FileNotFoundException'{0x00000000a7d73438}> (0x00000000a7d73438) 
thrown [s\open\src\hotspot\share\prims\jni.cpp, line 516]
Event: 0.236 Thread 0x0000014c3d2501f0 Exception <a 'java/lang/NoSuchMethodError'{0x00000000a7b425a8}: 'void java.lang.invoke.DirectMethodHandle$Holder.invokeStatic(java.lang.Object, java.lang.Object, java.lang.Object)'> (0x00000000a7b425a8) 
thrown [s\open\src\hotspot\share\interpreter\linkResolver.cpp, line 759]
Event: 0.236 Thread 0x0000014c3d2501f0 Exception <a 'java/lang/NoSuchMethodError'{0x00000000a7b48a50}: 'void java.lang.invoke.DirectMethodHandle$Holder.invokeStatic(java.lang.Object, java.lang.Object)'> (0x00000000a7b48a50) 
thrown [s\open\src\hotspot\share\interpreter\linkResolver.cpp, line 759]
Event: 0.294 Thread 0x0000014c3d2501f0 Exception <a 'java/lang/NoSuchMethodError'{0x00000000a7ab81c0}: 'void java.lang.invoke.DirectMethodHandle$Holder.invokeStaticInit(java.lang.Object)'> (0x00000000a7ab81c0) 
thrown [s\open\src\hotspot\share\interpreter\linkResolver.cpp, line 759]
Event: 0.329 Thread 0x0000014c3d2501f0 Exception <a 'java/lang/NoSuchMethodError'{0x00000000a7930770}: 'java.lang.Object java.lang.invoke.DirectMethodHandle$Holder.invokeStaticInit(java.lang.Object, int, int, int, int)'> (0x00000000a7930770) 
thrown [s\open\src\hotspot\share\interpreter\linkResolver.cpp, line 759]
Event: 0.372 Thread 0x0000014c3d2501f0 Exception <a 'java/lang/NoSuchMethodError'{0x00000000a79943e8}: 'java.lang.Object java.lang.invoke.DirectMethodHandle$Holder.invokeStaticInit(java.lang.Object, java.lang.Object, int, int, int, int)'> (0x00000000a79943e8) 
thrown [s\open\src\hotspot\share\interpreter\linkResolver.cpp, line 759]
Event: 0.534 Thread 0x0000014c5eace340 Exception <a 'java/lang/NoSuchMethodError'{0x00000000a7f85e88}: 'void java.lang.invoke.DirectMethodHandle$Holder.invokeVirtual(java.lang.Object, java.lang.Object)'> (0x00000000a7f85e88) 
thrown [s\open\src\hotspot\share\interpreter\linkResolver.cpp, line 759]
Event: 0.701 Thread 0x0000014c5ead04f0 Implicit null exception at 0x0000014c4c6da3b0 to 0x0000014c4c6da411
Event: 20.932 Thread 0x0000014c5ead04f0 Implicit null exception at 0x0000014c4c7a524b to 0x0000014c4c7a53c0

VM Operations (20 events):
Event: 16.525 Executing VM operation: Cleanup
Event: 16.525 Executing VM operation: Cleanup done
Event: 17.536 Executing VM operation: Cleanup
Event: 17.536 Executing VM operation: Cleanup done
Event: 20.566 Executing VM operation: Cleanup
Event: 20.566 Executing VM operation: Cleanup done
Event: 21.576 Executing VM operation: Cleanup
Event: 21.576 Executing VM operation: Cleanup done
Event: 22.582 Executing VM operation: Cleanup
Event: 22.582 Executing VM operation: Cleanup done
Event: 23.597 Executing VM operation: Cleanup
Event: 23.597 Executing VM operation: Cleanup done
Event: 24.607 Executing VM operation: Cleanup
Event: 24.607 Executing VM operation: Cleanup done
Event: 26.629 Executing VM operation: Cleanup
Event: 26.629 Executing VM operation: Cleanup done
Event: 266.940 Executing VM operation: Cleanup
Event: 266.940 Executing VM operation: Cleanup done
Event: 1230.577 Executing VM operation: G1CollectForAllocation
Event: 1230.630 Executing VM operation: G1CollectForAllocation done

Events (20 events):
Event: 0.183 Thread 0x0000014c5eace810 Thread added: 0x0000014c5eace810
Event: 0.208 Thread 0x0000014c5ead04f0 Thread added: 0x0000014c5ead04f0
Event: 0.211 Loaded shared library C:\Program Files\Java\jdk-18.0.2\bin\freetype.dll
Event: 0.211 Loaded shared library C:\Program Files\Java\jdk-18.0.2\bin\fontmanager.dll
Event: 0.272 Thread 0x0000014c637055f0 Thread added: 0x0000014c637055f0
Event: 0.288 Loaded shared library C:\Program Files\Java\jdk-18.0.2\bin\verify.dll
Event: 0.521 Thread 0x0000014c5eacece0 Thread added: 0x0000014c5eacece0
Event: 0.667 Thread 0x0000014c3d2501f0 Thread exited: 0x0000014c3d2501f0
Event: 0.667 Thread 0x0000014c5eacd000 Thread added: 0x0000014c5eacd000
Event: 0.673 Thread 0x0000014c5ead09c0 Thread added: 0x0000014c5ead09c0
Event: 1.053 Thread 0x0000014c637055f0 Thread exited: 0x0000014c637055f0
Event: 2.230 Thread 0x0000014c6473faf0 Thread added: 0x0000014c6473faf0
Event: 2.385 Thread 0x0000014c6473faf0 Thread exited: 0x0000014c6473faf0
Event: 3.063 Thread 0x0000014c653a3040 Thread added: 0x0000014c653a3040
Event: 3.303 Thread 0x0000014c653a3040 Thread exited: 0x0000014c653a3040
Event: 5.512 Thread 0x0000014c647b6d80 Thread added: 0x0000014c647b6d80
Event: 5.538 Thread 0x0000014c5eace810 Thread exited: 0x0000014c5eace810
Event: 5.575 Thread 0x0000014c5eacece0 Thread exited: 0x0000014c5eacece0
Event: 5.928 Thread 0x0000014c647b6d80 Thread exited: 0x0000014c647b6d80
Event: 12.933 Thread 0x0000014c5eacf680 Thread added: 0x0000014c5eacf680


Dynamic libraries:
0x00007ff7fa7c0000 - 0x00007ff7fa7d0000 	C:\Program Files\Java\jdk-18.0.2\bin\javaw.exe
0x00007ffd4fab0000 - 0x00007ffd4fca8000 	C:\WINDOWS\SYSTEM32\ntdll.dll
0x00007ffd4f720000 - 0x00007ffd4f7df000 	C:\WINDOWS\System32\KERNEL32.DLL
0x00007ffd4d800000 - 0x00007ffd4dada000 	C:\WINDOWS\System32\KERNELBASE.dll
0x00007ffd4d660000 - 0x00007ffd4d760000 	C:\WINDOWS\System32\ucrtbase.dll
0x00007ffd47d80000 - 0x00007ffd47d98000 	C:\Program Files\Java\jdk-18.0.2\bin\jli.dll
0x00007ffd47d10000 - 0x00007ffd47d2a000 	C:\Program Files\Java\jdk-18.0.2\bin\VCRUNTIME140.dll
0x00007ffd4e700000 - 0x00007ffd4e7ae000 	C:\WINDOWS\System32\ADVAPI32.dll
0x00007ffd4f810000 - 0x00007ffd4f8ae000 	C:\WINDOWS\System32\msvcrt.dll
0x00007ffd4e140000 - 0x00007ffd4e1dc000 	C:\WINDOWS\System32\sechost.dll
0x00007ffd4f940000 - 0x00007ffd4fa66000 	C:\WINDOWS\System32\RPCRT4.dll
0x00007ffd4ec30000 - 0x00007ffd4edcd000 	C:\WINDOWS\System32\USER32.dll
0x00007ffd4dae0000 - 0x00007ffd4db02000 	C:\WINDOWS\System32\win32u.dll
0x00007ffd3bad0000 - 0x00007ffd3bd6a000 	C:\WINDOWS\WinSxS\amd64_microsoft.windows.common-controls_6595b64144ccf1df_6.0.19041.1110_none_60b5254171f9507e\COMCTL32.dll
0x00007ffd4e7b0000 - 0x00007ffd4e7db000 	C:\WINDOWS\System32\GDI32.dll
0x00007ffd4d4c0000 - 0x00007ffd4d5d0000 	C:\WINDOWS\System32\gdi32full.dll
0x00007ffd4d760000 - 0x00007ffd4d7fd000 	C:\WINDOWS\System32\msvcp_win.dll
0x00007ffd449e0000 - 0x00007ffd449ea000 	C:\WINDOWS\SYSTEM32\VERSION.dll
0x00007ffd4f7e0000 - 0x00007ffd4f810000 	C:\WINDOWS\System32\IMM32.DLL
0x00007ffd479b0000 - 0x00007ffd479bc000 	C:\Program Files\Java\jdk-18.0.2\bin\vcruntime140_1.dll
0x00007ffd45470000 - 0x00007ffd454fd000 	C:\Program Files\Java\jdk-18.0.2\bin\msvcp140.dll
0x00007ffd02d90000 - 0x00007ffd039a1000 	C:\Program Files\Java\jdk-18.0.2\bin\server\jvm.dll
0x00007ffd4eb40000 - 0x00007ffd4eb48000 	C:\WINDOWS\System32\PSAPI.DLL
0x00007ffd428c0000 - 0x00007ffd428e7000 	C:\WINDOWS\SYSTEM32\WINMM.dll
0x00007ffd47760000 - 0x00007ffd47769000 	C:\WINDOWS\SYSTEM32\WSOCK32.dll
0x00007ffd4ead0000 - 0x00007ffd4eb3b000 	C:\WINDOWS\System32\WS2_32.dll
0x00007ffd4afa0000 - 0x00007ffd4afb2000 	C:\WINDOWS\SYSTEM32\kernel.appcore.dll
0x00007ffd47660000 - 0x00007ffd4766a000 	C:\Program Files\Java\jdk-18.0.2\bin\jimage.dll
0x00007ffd3c6f0000 - 0x00007ffd3c8d4000 	C:\WINDOWS\SYSTEM32\DBGHELP.DLL
0x00007ffd39770000 - 0x00007ffd397a4000 	C:\WINDOWS\SYSTEM32\dbgcore.DLL
0x00007ffd4d5d0000 - 0x00007ffd4d652000 	C:\WINDOWS\System32\bcryptPrimitives.dll
0x00007ffd45440000 - 0x00007ffd45465000 	C:\Program Files\Java\jdk-18.0.2\bin\java.dll
0x00007ffd45360000 - 0x00007ffd45436000 	C:\Program Files\Java\jdk-18.0.2\bin\jsvml.dll
0x00007ffd4edd0000 - 0x00007ffd4f514000 	C:\WINDOWS\System32\SHELL32.dll
0x00007ffd4b280000 - 0x00007ffd4ba13000 	C:\WINDOWS\SYSTEM32\windows.storage.dll
0x00007ffd4db20000 - 0x00007ffd4de74000 	C:\WINDOWS\System32\combase.dll
0x00007ffd4cc20000 - 0x00007ffd4cc4e000 	C:\WINDOWS\SYSTEM32\Wldp.dll
0x00007ffd4e840000 - 0x00007ffd4e8ed000 	C:\WINDOWS\System32\SHCORE.dll
0x00007ffd4de80000 - 0x00007ffd4ded5000 	C:\WINDOWS\System32\shlwapi.dll
0x00007ffd4d100000 - 0x00007ffd4d11f000 	C:\WINDOWS\SYSTEM32\profapi.dll
0x00007ffd45e00000 - 0x00007ffd45e13000 	C:\Program Files\Java\jdk-18.0.2\bin\net.dll
0x00007ffd460b0000 - 0x00007ffd461ba000 	C:\WINDOWS\SYSTEM32\WINHTTP.dll
0x00007ffd4c980000 - 0x00007ffd4c9ea000 	C:\WINDOWS\system32\mswsock.dll
0x00007ffd45340000 - 0x00007ffd45356000 	C:\Program Files\Java\jdk-18.0.2\bin\nio.dll
0x00007ffd45320000 - 0x00007ffd45338000 	C:\Program Files\Java\jdk-18.0.2\bin\zip.dll
0x00007ffd26390000 - 0x00007ffd2651f000 	C:\Program Files\Java\jdk-18.0.2\bin\awt.dll
0x00007ffd4e070000 - 0x00007ffd4e13d000 	C:\WINDOWS\System32\OLEAUT32.dll
0x00007ffd4a9d0000 - 0x00007ffd4aa60000 	C:\WINDOWS\SYSTEM32\apphelp.dll
0x00007ffd4af70000 - 0x00007ffd4af9f000 	C:\WINDOWS\system32\DWMAPI.DLL
0x00007ffd4ab10000 - 0x00007ffd4abae000 	C:\WINDOWS\system32\uxtheme.dll
0x00007ffd24cd0000 - 0x00007ffd24df5000 	C:\WINDOWS\system32\opengl32.dll
0x00007ffd45670000 - 0x00007ffd4569c000 	C:\WINDOWS\SYSTEM32\GLU32.dll
0x00007ffd4f600000 - 0x00007ffd4f714000 	C:\WINDOWS\System32\MSCTF.dll
0x00007ffd4dee0000 - 0x00007ffd4e00a000 	C:\WINDOWS\System32\ole32.dll
0x00007ffd3e130000 - 0x00007ffd3e2fd000 	C:\WINDOWS\system32\d3d9.dll
0x00007ffd428f0000 - 0x00007ffd42acb000 	C:\WINDOWS\System32\DriverStore\FileRepository\u0365645.inf_amd64_6ea274c917f5f2dc\B365437\aticfx64.dll
0x00007ffd45630000 - 0x00007ffd45663000 	C:\WINDOWS\System32\DriverStore\FileRepository\u0365645.inf_amd64_6ea274c917f5f2dc\B365437\atiu9p64.dll
0x00007ffd02080000 - 0x00007ffd02d8c000 	C:\WINDOWS\System32\DriverStore\FileRepository\u0365645.inf_amd64_6ea274c917f5f2dc\B365437\atiumd64.dll
0x000000005b190000 - 0x000000005c050000 	C:\WINDOWS\System32\DriverStore\FileRepository\u0365645.inf_amd64_6ea274c917f5f2dc\B365437\atiumd6a.dll
0x00007ffd4d1c0000 - 0x00007ffd4d1e7000 	C:\WINDOWS\System32\bcrypt.dll
0x00007ffd4c790000 - 0x00007ffd4c7db000 	C:\WINDOWS\SYSTEM32\POWRPROF.dll
0x00007ffd4c600000 - 0x00007ffd4c612000 	C:\WINDOWS\SYSTEM32\UMPDC.dll
0x00007ffd40360000 - 0x00007ffd4038f000 	C:\WINDOWS\SYSTEM32\amdihk64.dll
0x00007ffd42dd0000 - 0x00007ffd42e0b000 	C:\WINDOWS\SYSTEM32\dxcore.dll
0x00007ffd4d470000 - 0x00007ffd4d4be000 	C:\WINDOWS\System32\cfgmgr32.dll
0x00007ffd3f1f0000 - 0x00007ffd3f276000 	C:\Program Files\Java\jdk-18.0.2\bin\freetype.dll
0x00007ffd37c90000 - 0x00007ffd37d38000 	C:\Program Files\Java\jdk-18.0.2\bin\fontmanager.dll
0x00007ffd46ba0000 - 0x00007ffd46bb0000 	C:\Program Files\Java\jdk-18.0.2\bin\verify.dll
0x00007ffd4cb70000 - 0x00007ffd4cb88000 	C:\WINDOWS\SYSTEM32\CRYPTSP.dll
0x00007ffd4c230000 - 0x00007ffd4c264000 	C:\WINDOWS\system32\rsaenh.dll
0x00007ffd4d0c0000 - 0x00007ffd4d0ee000 	C:\WINDOWS\SYSTEM32\USERENV.dll
0x00007ffd4cb90000 - 0x00007ffd4cb9c000 	C:\WINDOWS\SYSTEM32\CRYPTBASE.dll
0x00007ffd4c620000 - 0x00007ffd4c65c000 	C:\WINDOWS\SYSTEM32\IPHLPAPI.DLL
0x00007ffd4db10000 - 0x00007ffd4db18000 	C:\WINDOWS\System32\NSI.dll
0x00007ffd444a0000 - 0x00007ffd444b7000 	C:\WINDOWS\SYSTEM32\dhcpcsvc6.DLL
0x00007ffd44ad0000 - 0x00007ffd44aed000 	C:\WINDOWS\SYSTEM32\dhcpcsvc.DLL
0x00007ffd4c670000 - 0x00007ffd4c73b000 	C:\WINDOWS\SYSTEM32\DNSAPI.dll
0x00007ffd4e650000 - 0x00007ffd4e6f9000 	C:\WINDOWS\System32\clbcatq.dll
0x00007ffd44e10000 - 0x00007ffd44fc4000 	C:\WINDOWS\SYSTEM32\WindowsCodecs.dll
0x00007ffd3dda0000 - 0x00007ffd3ddde000 	C:\WINDOWS\system32\dataexchange.dll
0x00007ffd48d40000 - 0x00007ffd48fa3000 	C:\WINDOWS\system32\d3d11.dll
0x00007ffd49df0000 - 0x00007ffd49fd3000 	C:\WINDOWS\system32\dcomp.dll
0x00007ffd4ba80000 - 0x00007ffd4bb73000 	C:\WINDOWS\system32\dxgi.dll
0x00007ffd45a30000 - 0x00007ffd45c30000 	C:\WINDOWS\system32\twinapi.appcore.dll
0x00007ffd39100000 - 0x00007ffd391f9000 	C:\WINDOWS\SYSTEM32\textinputframework.dll
0x00007ffd4a360000 - 0x00007ffd4a6be000 	C:\WINDOWS\System32\CoreUIComponents.dll
0x00007ffd4a6c0000 - 0x00007ffd4a7b2000 	C:\WINDOWS\System32\CoreMessaging.dll
0x00007ffd49b40000 - 0x00007ffd49c94000 	C:\WINDOWS\SYSTEM32\wintypes.dll
0x00007ffd4c350000 - 0x00007ffd4c383000 	C:\WINDOWS\SYSTEM32\ntmarta.dll

dbghelp: loaded successfully - version: 4.0.5 - missing functions: none
symbol engine: initialized successfully - sym options: 0x614 - pdb path: .;C:\Program Files\Java\jdk-18.0.2\bin;C:\WINDOWS\SYSTEM32;C:\WINDOWS\WinSxS\amd64_microsoft.windows.common-controls_6595b64144ccf1df_6.0.19041.1110_none_60b5254171f9507e;C:\Program Files\Java\jdk-18.0.2\bin\server;C:\WINDOWS\System32\DriverStore\FileRepository\u0365645.inf_amd64_6ea274c917f5f2dc\B365437

VM Arguments:
jvm_args: -Dfile.encoding=UTF-8 -XX:+ShowCodeDetailsInExceptionMessages 
java_command: UI.QuanLiTour_GUI
java_class_path (initial): C:\Users\hoang\Videos\CongTyDuLich-Nhom5-JavaProject\SourceCode\bin;C:\Users\hoang\Videos\CongTyDuLich-Nhom5-JavaProject\SourceCode\Lib\sqljdbc42.jar;C:\Users\hoang\Videos\CongTyDuLich-Nhom5-JavaProject\SourceCode\Lib\jdatepicker-1.3.4.jar
Launcher Type: SUN_STANDARD

[Global flags]
     intx CICompilerCount                          = 4                                         {product} {ergonomic}
     uint ConcGCThreads                            = 3                                         {product} {ergonomic}
     uint G1ConcRefinementThreads                  = 10                                        {product} {ergonomic}
   size_t G1HeapRegionSize                         = 1048576                                   {product} {ergonomic}
    uintx GCDrainStackTargetSize                   = 64                                        {product} {ergonomic}
   size_t InitialHeapSize                          = 98566144                                  {product} {ergonomic}
   size_t MarkStackSize                            = 4194304                                   {product} {ergonomic}
   size_t MaxHeapSize                              = 1572864000                                {product} {ergonomic}
   size_t MaxNewSize                               = 943718400                                 {product} {ergonomic}
   size_t MinHeapDeltaBytes                        = 1048576                                   {product} {ergonomic}
   size_t MinHeapSize                              = 8388608                                   {product} {ergonomic}
    uintx NonNMethodCodeHeapSize                   = 5839372                                {pd product} {ergonomic}
    uintx NonProfiledCodeHeapSize                  = 122909434                              {pd product} {ergonomic}
    uintx ProfiledCodeHeapSize                     = 122909434                              {pd product} {ergonomic}
    uintx ReservedCodeCacheSize                    = 251658240                              {pd product} {ergonomic}
     bool SegmentedCodeCache                       = true                                      {product} {ergonomic}
     bool ShowCodeDetailsInExceptionMessages       = true                                   {manageable} {command line}
   size_t SoftMaxHeapSize                          = 1572864000                             {manageable} {ergonomic}
     bool UseCompressedClassPointers               = true                           {product lp64_product} {ergonomic}
     bool UseCompressedOops                        = true                           {product lp64_product} {ergonomic}
     bool UseG1GC                                  = true                                      {product} {ergonomic}
     bool UseLargePagesIndividualAllocation        = false                                  {pd product} {ergonomic}

Logging:
Log output configuration:
 #0: stdout all=warning uptime,level,tags foldmultilines=false
 #1: stderr all=off uptime,level,tags foldmultilines=false

Environment Variables:
PATH=C:\Program Files\Common Files\Oracle\Java\javapath;C:\WINDOWS\system32;C:\WINDOWS;C:\WINDOWS\System32\Wbem;C:\WINDOWS\System32\WindowsPowerShell\v1.0\;C:\WINDOWS\System32\OpenSSH\;C:\Program Files\Azure Data Studio\bin;C:\Program Files\MongoDB\Server\5.0\bin;C:\Program Files\MongoDB\Tools\100\bin;C:\Program Files\Git\cmd;C:\Program Files (x86)\Microsoft SQL Server\160\Tools\Binn\;C:\Program Files\Microsoft SQL Server\160\Tools\Binn\;C:\Program Files\Microsoft SQL Server\Client SDK\ODBC\170\Tools\Binn\;C:\Program Files\Microsoft SQL Server\160\DTS\Binn\;C:\Program Files (x86)\Microsoft SQL Server\160\DTS\Binn\;C:\Users\hoang\AppData\Local\Microsoft\WindowsApps;;C:\Program Files\Azure Data Studio\bin;C:\Users\hoang\AppData\Local\Programs\Microsoft VS Code\bin;C:\Users\hoang\AppData\Local\Programs\mongosh\
USERNAME=hoang
OS=Windows_NT
PROCESSOR_IDENTIFIER=AMD64 Family 25 Model 80 Stepping 0, AuthenticAMD



---------------  S Y S T E M  ---------------

OS:
 Windows 10 , 64 bit Build 19041 (10.0.19041.2788)
OS uptime: 0 days 5:13 hours

CPU: total 12 (initial active 12) (12 cores per cpu, 2 threads per core) family 25 model 80 stepping 0 microcode 0x0, cx8, cmov, fxsr, ht, mmx, 3dnowpref, sse, sse2, sse3, ssse3, sse4a, sse4.1, sse4.2, popcnt, lzcnt, tsc, tscinvbit, avx, avx2, aes, erms, clmul, bmi1, bmi2, adx, sha, fma, vzeroupper, clflush, clflushopt

Memory: 4k page, system-wide physical 5996M (135M free)
TotalPageFile size 24428M (AvailPageFile size 0M)
current process WorkingSet (physical memory assigned to process): 158M, peak: 205M
current process commit charge ("private bytes"): 691M, peak: 706M

vm_info: Java HotSpot(TM) 64-Bit Server VM (18.0.2+9-61) for windows-amd64 JRE (18.0.2+9-61), built on Jun  7 2022 13:09:01 by "mach5one" with MS VC++ 16.8 / 16.9 (VS2019)

END.
