#
# There is insufficient memory for the Java Runtime Environment to continue.
# Native memory allocation (malloc) failed to allocate 32744 bytes for Chunk::new
# Possible reasons:
#   The system is out of physical RAM or swap space
#   The process is running with CompressedOops enabled, and the Java Heap may be blocking the growth of the native heap
# Possible solutions:
#   Reduce memory load on the system
#   Increase physical memory or swap space
#   Check if swap backing store is full
#   Decrease Java heap size (-Xmx/-Xms)
#   Decrease number of Java threads
#   Decrease Java thread stack sizes (-Xss)
#   Set larger code cache with -XX:ReservedCodeCacheSize=
#   JVM is running with Zero Based Compressed Oops mode in which the Java heap is
#     placed in the first 32GB address space. The Java Heap base address is the
#     maximum limit for the native heap growth. Please use -XX:HeapBaseMinAddress
#     to set the Java Heap base and to place the Java Heap above 32GB virtual address.
# This output file may be truncated or incomplete.
#
#  Out of Memory Error (arena.cpp:184), pid=27940, tid=29268
#
# JRE version: Java(TM) SE Runtime Environment (18.0.1+10) (build 18.0.1+10-24)
# Java VM: Java HotSpot(TM) 64-Bit Server VM (18.0.1+10-24, mixed mode, sharing, tiered, compressed oops, compressed class ptrs, g1 gc, windows-amd64)
# No core dump will be written. Minidumps are not enabled by default on client versions of Windows
#

---------------  S U M M A R Y ------------

Command Line: -Dfile.encoding=UTF-8 -XX:+ShowCodeDetailsInExceptionMessages UI.Tour_GUI

Host: 11th Gen Intel(R) Core(TM) i5-11400H @ 2.70GHz, 12 cores, 15G,  Windows 10 , 64 bit Build 19041 (10.0.19041.2546)
Time: Tue Apr 11 21:26:36 2023 SE Asia Standard Time elapsed time: 1138.787745 seconds (0d 0h 18m 58s)

---------------  T H R E A D  ---------------

Current thread (0x00000241802b5020):  JavaThread "C1 CompilerThread0" daemon [_thread_in_native, id=29268, stack(0x000000b3c9000000,0x000000b3c9100000)]


Current CompileTask:
C1:1138787 1436  s    3       sun.java2d.loops.GraphicsPrimitiveMgr::locatePrim (95 bytes)

Stack: [0x000000b3c9000000,0x000000b3c9100000]
Native frames: (J=compiled Java code, j=interpreted, Vv=VM code, C=native code)
V  [jvm.dll+0x69887a]
V  [jvm.dll+0x7f38bd]
V  [jvm.dll+0x7f51ce]
V  [jvm.dll+0x7f5883]
V  [jvm.dll+0x25ca3f]
V  [jvm.dll+0xb8c2f]
V  [jvm.dll+0xb8fa5]
V  [jvm.dll+0x126bfd]
V  [jvm.dll+0x1873d5]
V  [jvm.dll+0x1722ae]
V  [jvm.dll+0x1601f0]
V  [jvm.dll+0x148d67]
V  [jvm.dll+0x1486cf]
V  [jvm.dll+0x148926]
V  [jvm.dll+0x147d9a]
V  [jvm.dll+0x149a81]
V  [jvm.dll+0x23e8ca]
V  [jvm.dll+0x23cbb5]
V  [jvm.dll+0x7a5fb1]
V  [jvm.dll+0x7a03ea]
V  [jvm.dll+0x697725]
C  [ucrtbase.dll+0x21bb2]
C  [KERNEL32.DLL+0x17614]
C  [ntdll.dll+0x526a1]


---------------  P R O C E S S  ---------------

Threads class SMR info:
_java_thread_list=0x0000024185cfd410, length=17, elements={
0x000002418028a800, 0x000002418028b940, 0x00000241802a4460, 0x00000241802a4e00,
0x00000241802a77b0, 0x00000241802aa900, 0x00000241802ac6c0, 0x00000241802b5020,
0x00000241802b3630, 0x0000024184cd1f70, 0x0000024184cd6ac0, 0x0000024184d79860,
0x0000024184d79d20, 0x0000024184d7a1e0, 0x0000024184fba010, 0x0000024185a15db0,
0x0000024185a18900
}

Java Threads: ( => current thread )
  0x000002418028a800 JavaThread "Reference Handler" daemon [_thread_blocked, id=24232, stack(0x000000b3c8900000,0x000000b3c8a00000)]
  0x000002418028b940 JavaThread "Finalizer" daemon [_thread_blocked, id=23924, stack(0x000000b3c8a00000,0x000000b3c8b00000)]
  0x00000241802a4460 JavaThread "Signal Dispatcher" daemon [_thread_blocked, id=2892, stack(0x000000b3c8b00000,0x000000b3c8c00000)]
  0x00000241802a4e00 JavaThread "Attach Listener" daemon [_thread_blocked, id=28236, stack(0x000000b3c8c00000,0x000000b3c8d00000)]
  0x00000241802a77b0 JavaThread "Service Thread" daemon [_thread_blocked, id=27204, stack(0x000000b3c8d00000,0x000000b3c8e00000)]
  0x00000241802aa900 JavaThread "Monitor Deflation Thread" daemon [_thread_blocked, id=17112, stack(0x000000b3c8e00000,0x000000b3c8f00000)]
  0x00000241802ac6c0 JavaThread "C2 CompilerThread0" daemon [_thread_blocked, id=17052, stack(0x000000b3c8f00000,0x000000b3c9000000)]
=>0x00000241802b5020 JavaThread "C1 CompilerThread0" daemon [_thread_in_native, id=29268, stack(0x000000b3c9000000,0x000000b3c9100000)]
  0x00000241802b3630 JavaThread "Sweeper thread" daemon [_thread_blocked, id=8720, stack(0x000000b3c9100000,0x000000b3c9200000)]
  0x0000024184cd1f70 JavaThread "Notification Thread" daemon [_thread_blocked, id=27372, stack(0x000000b3c9200000,0x000000b3c9300000)]
  0x0000024184cd6ac0 JavaThread "Common-Cleaner" daemon [_thread_blocked, id=9132, stack(0x000000b3c9400000,0x000000b3c9500000)]
  0x0000024184d79860 JavaThread "Java2D Disposer" daemon [_thread_blocked, id=17920, stack(0x000000b3c9500000,0x000000b3c9600000)]
  0x0000024184d79d20 JavaThread "AWT-Shutdown" [_thread_blocked, id=16688, stack(0x000000b3c9600000,0x000000b3c9700000)]
  0x0000024184d7a1e0 JavaThread "AWT-Windows" daemon [_thread_in_native, id=16520, stack(0x000000b3c9700000,0x000000b3c9800000)]
  0x0000024184fba010 JavaThread "AWT-EventQueue-0" [_thread_blocked, id=10144, stack(0x000000b3c9900000,0x000000b3c9a00000)]
  0x0000024185a15db0 JavaThread "DestroyJavaVM" [_thread_blocked, id=27192, stack(0x000000b3c8200000,0x000000b3c8300000)]
  0x0000024185a18900 JavaThread "TimerQueue" daemon [_thread_blocked, id=29064, stack(0x000000b3c9e00000,0x000000b3c9f00000)]

Other Threads:
  0x00000241802871c0 VMThread "VM Thread" [stack: 0x000000b3c8800000,0x000000b3c8900000] [id=21764]
  0x0000024184cd6850 WatcherThread "VM Periodic Task Thread" [stack: 0x000000b3c9300000,0x000000b3c9400000] [id=23588]
  0x00000241db900ed0 WorkerThread "GC Thread#0" [stack: 0x000000b3c8300000,0x000000b3c8400000] [id=21592]
  0x00000241db911a50 ConcurrentGCThread "G1 Main Marker" [stack: 0x000000b3c8400000,0x000000b3c8500000] [id=21788]
  0x00000241db913450 WorkerThread "G1 Conc#0" [stack: 0x000000b3c8500000,0x000000b3c8600000] [id=19972]
  0x00000241db94e830 ConcurrentGCThread "G1 Refine#0" [stack: 0x000000b3c8600000,0x000000b3c8700000] [id=16208]
  0x00000241db94f140 ConcurrentGCThread "G1 Service" [stack: 0x000000b3c8700000,0x000000b3c8800000] [id=16180]

Threads with active compile tasks:
C1 CompilerThread0  1138813 1436  s    3       sun.java2d.loops.GraphicsPrimitiveMgr::locatePrim (95 bytes)

VM state: not at safepoint (normal execution)

VM Mutex/Monitor currently owned by a thread: None

Heap address: 0x0000000703a00000, size: 4038 MB, Compressed Oops mode: Zero based, Oop shift amount: 3

CDS archive(s) mapped at: [0x0000000800000000-0x0000000800ba0000-0x0000000800ba0000), size 12189696, SharedBaseAddress: 0x0000000800000000, ArchiveRelocationMode: 0.
Compressed class space mapped at: 0x0000000800c00000-0x0000000840c00000, reserved size: 1073741824
Narrow klass base: 0x0000000800000000, Narrow klass shift: 0, Narrow klass range: 0x100000000

GC Precious Log:
 CardTable entry size: 512
 Card Set container configuration: InlinePtr #cards 4 size 8 Array Of Cards #cards 16 size 48 Howl #buckets 8 coarsen threshold 3686 Howl Bitmap #cards 512 size 80 coarsen threshold 460 Card regions per heap region 1 cards per card region 4096
 CPUs: 12 total, 12 available
 Memory: 16147M
 Large Page Support: Disabled
 NUMA Support: Disabled
 Compressed Oops: Enabled (Zero based)
 Heap Region Size: 2M
 Heap Min Capacity: 8M
 Heap Initial Capacity: 254M
 Heap Max Capacity: 4038M
 Pre-touch: Disabled
 Parallel Workers: 10
 Concurrent Workers: 3
 Concurrent Refinement Workers: 10
 Periodic GC: Disabled

Heap:
 garbage-first heap   total 260096K, used 20480K [0x0000000703a00000, 0x0000000800000000)
  region size 2048K, 7 young (14336K), 0 survivors (0K)
 Metaspace       used 11484K, committed 11712K, reserved 1114112K
  class space    used 1325K, committed 1472K, reserved 1048576K

Heap Regions: E=young(eden), S=young(survivor), O=old, HS=humongous(starts), HC=humongous(continues), CS=collection set, F=free, OA=open archive, CA=closed archive, TAMS=top-at-mark-start (previous, next)
|   0|0x0000000703a00000, 0x0000000703c00000, 0x0000000703c00000|100%|HS|  |TAMS 0x0000000703a00000, 0x0000000703a00000| Complete 
|   1|0x0000000703c00000, 0x0000000703e00000, 0x0000000703e00000|100%|HS|  |TAMS 0x0000000703c00000, 0x0000000703c00000| Complete 
|   2|0x0000000703e00000, 0x0000000704000000, 0x0000000704000000|100%|HC|  |TAMS 0x0000000703e00000, 0x0000000703e00000| Complete 
|   3|0x0000000704000000, 0x0000000704200000, 0x0000000704200000|100%|HC|  |TAMS 0x0000000704000000, 0x0000000704000000| Complete 
|   4|0x0000000704200000, 0x0000000704200000, 0x0000000704400000|  0%| F|  |TAMS 0x0000000704200000, 0x0000000704200000| Untracked 
|   5|0x0000000704400000, 0x0000000704400000, 0x0000000704600000|  0%| F|  |TAMS 0x0000000704400000, 0x0000000704400000| Untracked 
|   6|0x0000000704600000, 0x0000000704600000, 0x0000000704800000|  0%| F|  |TAMS 0x0000000704600000, 0x0000000704600000| Untracked 
|   7|0x0000000704800000, 0x0000000704800000, 0x0000000704a00000|  0%| F|  |TAMS 0x0000000704800000, 0x0000000704800000| Untracked 
|   8|0x0000000704a00000, 0x0000000704a00000, 0x0000000704c00000|  0%| F|  |TAMS 0x0000000704a00000, 0x0000000704a00000| Untracked 
|   9|0x0000000704c00000, 0x0000000704c00000, 0x0000000704e00000|  0%| F|  |TAMS 0x0000000704c00000, 0x0000000704c00000| Untracked 
|  10|0x0000000704e00000, 0x0000000704e00000, 0x0000000705000000|  0%| F|  |TAMS 0x0000000704e00000, 0x0000000704e00000| Untracked 
|  11|0x0000000705000000, 0x0000000705000000, 0x0000000705200000|  0%| F|  |TAMS 0x0000000705000000, 0x0000000705000000| Untracked 
|  12|0x0000000705200000, 0x0000000705200000, 0x0000000705400000|  0%| F|  |TAMS 0x0000000705200000, 0x0000000705200000| Untracked 
|  13|0x0000000705400000, 0x0000000705400000, 0x0000000705600000|  0%| F|  |TAMS 0x0000000705400000, 0x0000000705400000| Untracked 
|  14|0x0000000705600000, 0x0000000705600000, 0x0000000705800000|  0%| F|  |TAMS 0x0000000705600000, 0x0000000705600000| Untracked 
|  15|0x0000000705800000, 0x0000000705800000, 0x0000000705a00000|  0%| F|  |TAMS 0x0000000705800000, 0x0000000705800000| Untracked 
|  16|0x0000000705a00000, 0x0000000705a00000, 0x0000000705c00000|  0%| F|  |TAMS 0x0000000705a00000, 0x0000000705a00000| Untracked 
|  17|0x0000000705c00000, 0x0000000705c00000, 0x0000000705e00000|  0%| F|  |TAMS 0x0000000705c00000, 0x0000000705c00000| Untracked 
|  18|0x0000000705e00000, 0x0000000705e00000, 0x0000000706000000|  0%| F|  |TAMS 0x0000000705e00000, 0x0000000705e00000| Untracked 
|  19|0x0000000706000000, 0x0000000706000000, 0x0000000706200000|  0%| F|  |TAMS 0x0000000706000000, 0x0000000706000000| Untracked 
|  20|0x0000000706200000, 0x0000000706200000, 0x0000000706400000|  0%| F|  |TAMS 0x0000000706200000, 0x0000000706200000| Untracked 
|  21|0x0000000706400000, 0x0000000706400000, 0x0000000706600000|  0%| F|  |TAMS 0x0000000706400000, 0x0000000706400000| Untracked 
|  22|0x0000000706600000, 0x0000000706600000, 0x0000000706800000|  0%| F|  |TAMS 0x0000000706600000, 0x0000000706600000| Untracked 
|  23|0x0000000706800000, 0x0000000706800000, 0x0000000706a00000|  0%| F|  |TAMS 0x0000000706800000, 0x0000000706800000| Untracked 
|  24|0x0000000706a00000, 0x0000000706a00000, 0x0000000706c00000|  0%| F|  |TAMS 0x0000000706a00000, 0x0000000706a00000| Untracked 
|  25|0x0000000706c00000, 0x0000000706c00000, 0x0000000706e00000|  0%| F|  |TAMS 0x0000000706c00000, 0x0000000706c00000| Untracked 
|  26|0x0000000706e00000, 0x0000000706e00000, 0x0000000707000000|  0%| F|  |TAMS 0x0000000706e00000, 0x0000000706e00000| Untracked 
|  27|0x0000000707000000, 0x0000000707000000, 0x0000000707200000|  0%| F|  |TAMS 0x0000000707000000, 0x0000000707000000| Untracked 
|  28|0x0000000707200000, 0x0000000707200000, 0x0000000707400000|  0%| F|  |TAMS 0x0000000707200000, 0x0000000707200000| Untracked 
|  29|0x0000000707400000, 0x0000000707400000, 0x0000000707600000|  0%| F|  |TAMS 0x0000000707400000, 0x0000000707400000| Untracked 
|  30|0x0000000707600000, 0x0000000707600000, 0x0000000707800000|  0%| F|  |TAMS 0x0000000707600000, 0x0000000707600000| Untracked 
|  31|0x0000000707800000, 0x0000000707800000, 0x0000000707a00000|  0%| F|  |TAMS 0x0000000707800000, 0x0000000707800000| Untracked 
|  32|0x0000000707a00000, 0x0000000707a00000, 0x0000000707c00000|  0%| F|  |TAMS 0x0000000707a00000, 0x0000000707a00000| Untracked 
|  33|0x0000000707c00000, 0x0000000707c00000, 0x0000000707e00000|  0%| F|  |TAMS 0x0000000707c00000, 0x0000000707c00000| Untracked 
|  34|0x0000000707e00000, 0x0000000707e00000, 0x0000000708000000|  0%| F|  |TAMS 0x0000000707e00000, 0x0000000707e00000| Untracked 
|  35|0x0000000708000000, 0x0000000708000000, 0x0000000708200000|  0%| F|  |TAMS 0x0000000708000000, 0x0000000708000000| Untracked 
|  36|0x0000000708200000, 0x0000000708200000, 0x0000000708400000|  0%| F|  |TAMS 0x0000000708200000, 0x0000000708200000| Untracked 
|  37|0x0000000708400000, 0x0000000708400000, 0x0000000708600000|  0%| F|  |TAMS 0x0000000708400000, 0x0000000708400000| Untracked 
|  38|0x0000000708600000, 0x0000000708600000, 0x0000000708800000|  0%| F|  |TAMS 0x0000000708600000, 0x0000000708600000| Untracked 
|  39|0x0000000708800000, 0x0000000708800000, 0x0000000708a00000|  0%| F|  |TAMS 0x0000000708800000, 0x0000000708800000| Untracked 
|  40|0x0000000708a00000, 0x0000000708a00000, 0x0000000708c00000|  0%| F|  |TAMS 0x0000000708a00000, 0x0000000708a00000| Untracked 
|  41|0x0000000708c00000, 0x0000000708c00000, 0x0000000708e00000|  0%| F|  |TAMS 0x0000000708c00000, 0x0000000708c00000| Untracked 
|  42|0x0000000708e00000, 0x0000000708e00000, 0x0000000709000000|  0%| F|  |TAMS 0x0000000708e00000, 0x0000000708e00000| Untracked 
|  43|0x0000000709000000, 0x0000000709000000, 0x0000000709200000|  0%| F|  |TAMS 0x0000000709000000, 0x0000000709000000| Untracked 
|  44|0x0000000709200000, 0x0000000709200000, 0x0000000709400000|  0%| F|  |TAMS 0x0000000709200000, 0x0000000709200000| Untracked 
|  45|0x0000000709400000, 0x0000000709400000, 0x0000000709600000|  0%| F|  |TAMS 0x0000000709400000, 0x0000000709400000| Untracked 
|  46|0x0000000709600000, 0x0000000709600000, 0x0000000709800000|  0%| F|  |TAMS 0x0000000709600000, 0x0000000709600000| Untracked 
|  47|0x0000000709800000, 0x0000000709800000, 0x0000000709a00000|  0%| F|  |TAMS 0x0000000709800000, 0x0000000709800000| Untracked 
|  48|0x0000000709a00000, 0x0000000709a00000, 0x0000000709c00000|  0%| F|  |TAMS 0x0000000709a00000, 0x0000000709a00000| Untracked 
|  49|0x0000000709c00000, 0x0000000709c00000, 0x0000000709e00000|  0%| F|  |TAMS 0x0000000709c00000, 0x0000000709c00000| Untracked 
|  50|0x0000000709e00000, 0x0000000709e00000, 0x000000070a000000|  0%| F|  |TAMS 0x0000000709e00000, 0x0000000709e00000| Untracked 
|  51|0x000000070a000000, 0x000000070a000000, 0x000000070a200000|  0%| F|  |TAMS 0x000000070a000000, 0x000000070a000000| Untracked 
|  52|0x000000070a200000, 0x000000070a200000, 0x000000070a400000|  0%| F|  |TAMS 0x000000070a200000, 0x000000070a200000| Untracked 
|  53|0x000000070a400000, 0x000000070a400000, 0x000000070a600000|  0%| F|  |TAMS 0x000000070a400000, 0x000000070a400000| Untracked 
|  54|0x000000070a600000, 0x000000070a600000, 0x000000070a800000|  0%| F|  |TAMS 0x000000070a600000, 0x000000070a600000| Untracked 
|  55|0x000000070a800000, 0x000000070a800000, 0x000000070aa00000|  0%| F|  |TAMS 0x000000070a800000, 0x000000070a800000| Untracked 
|  56|0x000000070aa00000, 0x000000070aa00000, 0x000000070ac00000|  0%| F|  |TAMS 0x000000070aa00000, 0x000000070aa00000| Untracked 
|  57|0x000000070ac00000, 0x000000070ac00000, 0x000000070ae00000|  0%| F|  |TAMS 0x000000070ac00000, 0x000000070ac00000| Untracked 
|  58|0x000000070ae00000, 0x000000070ae00000, 0x000000070b000000|  0%| F|  |TAMS 0x000000070ae00000, 0x000000070ae00000| Untracked 
|  59|0x000000070b000000, 0x000000070b000000, 0x000000070b200000|  0%| F|  |TAMS 0x000000070b000000, 0x000000070b000000| Untracked 
|  60|0x000000070b200000, 0x000000070b200000, 0x000000070b400000|  0%| F|  |TAMS 0x000000070b200000, 0x000000070b200000| Untracked 
|  61|0x000000070b400000, 0x000000070b400000, 0x000000070b600000|  0%| F|  |TAMS 0x000000070b400000, 0x000000070b400000| Untracked 
|  62|0x000000070b600000, 0x000000070b600000, 0x000000070b800000|  0%| F|  |TAMS 0x000000070b600000, 0x000000070b600000| Untracked 
|  63|0x000000070b800000, 0x000000070b800000, 0x000000070ba00000|  0%| F|  |TAMS 0x000000070b800000, 0x000000070b800000| Untracked 
|  64|0x000000070ba00000, 0x000000070ba00000, 0x000000070bc00000|  0%| F|  |TAMS 0x000000070ba00000, 0x000000070ba00000| Untracked 
|  65|0x000000070bc00000, 0x000000070bc00000, 0x000000070be00000|  0%| F|  |TAMS 0x000000070bc00000, 0x000000070bc00000| Untracked 
|  66|0x000000070be00000, 0x000000070be00000, 0x000000070c000000|  0%| F|  |TAMS 0x000000070be00000, 0x000000070be00000| Untracked 
|  67|0x000000070c000000, 0x000000070c000000, 0x000000070c200000|  0%| F|  |TAMS 0x000000070c000000, 0x000000070c000000| Untracked 
|  68|0x000000070c200000, 0x000000070c200000, 0x000000070c400000|  0%| F|  |TAMS 0x000000070c200000, 0x000000070c200000| Untracked 
|  69|0x000000070c400000, 0x000000070c400000, 0x000000070c600000|  0%| F|  |TAMS 0x000000070c400000, 0x000000070c400000| Untracked 
|  70|0x000000070c600000, 0x000000070c600000, 0x000000070c800000|  0%| F|  |TAMS 0x000000070c600000, 0x000000070c600000| Untracked 
|  71|0x000000070c800000, 0x000000070c800000, 0x000000070ca00000|  0%| F|  |TAMS 0x000000070c800000, 0x000000070c800000| Untracked 
|  72|0x000000070ca00000, 0x000000070ca00000, 0x000000070cc00000|  0%| F|  |TAMS 0x000000070ca00000, 0x000000070ca00000| Untracked 
|  73|0x000000070cc00000, 0x000000070cc00000, 0x000000070ce00000|  0%| F|  |TAMS 0x000000070cc00000, 0x000000070cc00000| Untracked 
|  74|0x000000070ce00000, 0x000000070ce00000, 0x000000070d000000|  0%| F|  |TAMS 0x000000070ce00000, 0x000000070ce00000| Untracked 
|  75|0x000000070d000000, 0x000000070d000000, 0x000000070d200000|  0%| F|  |TAMS 0x000000070d000000, 0x000000070d000000| Untracked 
|  76|0x000000070d200000, 0x000000070d200000, 0x000000070d400000|  0%| F|  |TAMS 0x000000070d200000, 0x000000070d200000| Untracked 
|  77|0x000000070d400000, 0x000000070d400000, 0x000000070d600000|  0%| F|  |TAMS 0x000000070d400000, 0x000000070d400000| Untracked 
|  78|0x000000070d600000, 0x000000070d600000, 0x000000070d800000|  0%| F|  |TAMS 0x000000070d600000, 0x000000070d600000| Untracked 
|  79|0x000000070d800000, 0x000000070d800000, 0x000000070da00000|  0%| F|  |TAMS 0x000000070d800000, 0x000000070d800000| Untracked 
|  80|0x000000070da00000, 0x000000070da00000, 0x000000070dc00000|  0%| F|  |TAMS 0x000000070da00000, 0x000000070da00000| Untracked 
|  81|0x000000070dc00000, 0x000000070dc00000, 0x000000070de00000|  0%| F|  |TAMS 0x000000070dc00000, 0x000000070dc00000| Untracked 
|  82|0x000000070de00000, 0x000000070de00000, 0x000000070e000000|  0%| F|  |TAMS 0x000000070de00000, 0x000000070de00000| Untracked 
|  83|0x000000070e000000, 0x000000070e000000, 0x000000070e200000|  0%| F|  |TAMS 0x000000070e000000, 0x000000070e000000| Untracked 
|  84|0x000000070e200000, 0x000000070e200000, 0x000000070e400000|  0%| F|  |TAMS 0x000000070e200000, 0x000000070e200000| Untracked 
|  85|0x000000070e400000, 0x000000070e400000, 0x000000070e600000|  0%| F|  |TAMS 0x000000070e400000, 0x000000070e400000| Untracked 
|  86|0x000000070e600000, 0x000000070e600000, 0x000000070e800000|  0%| F|  |TAMS 0x000000070e600000, 0x000000070e600000| Untracked 
|  87|0x000000070e800000, 0x000000070e800000, 0x000000070ea00000|  0%| F|  |TAMS 0x000000070e800000, 0x000000070e800000| Untracked 
|  88|0x000000070ea00000, 0x000000070ea00000, 0x000000070ec00000|  0%| F|  |TAMS 0x000000070ea00000, 0x000000070ea00000| Untracked 
|  89|0x000000070ec00000, 0x000000070ec00000, 0x000000070ee00000|  0%| F|  |TAMS 0x000000070ec00000, 0x000000070ec00000| Untracked 
|  90|0x000000070ee00000, 0x000000070ee00000, 0x000000070f000000|  0%| F|  |TAMS 0x000000070ee00000, 0x000000070ee00000| Untracked 
|  91|0x000000070f000000, 0x000000070f000000, 0x000000070f200000|  0%| F|  |TAMS 0x000000070f000000, 0x000000070f000000| Untracked 
|  92|0x000000070f200000, 0x000000070f200000, 0x000000070f400000|  0%| F|  |TAMS 0x000000070f200000, 0x000000070f200000| Untracked 
|  93|0x000000070f400000, 0x000000070f400000, 0x000000070f600000|  0%| F|  |TAMS 0x000000070f400000, 0x000000070f400000| Untracked 
|  94|0x000000070f600000, 0x000000070f600000, 0x000000070f800000|  0%| F|  |TAMS 0x000000070f600000, 0x000000070f600000| Untracked 
|  95|0x000000070f800000, 0x000000070f800000, 0x000000070fa00000|  0%| F|  |TAMS 0x000000070f800000, 0x000000070f800000| Untracked 
|  96|0x000000070fa00000, 0x000000070fa00000, 0x000000070fc00000|  0%| F|  |TAMS 0x000000070fa00000, 0x000000070fa00000| Untracked 
|  97|0x000000070fc00000, 0x000000070fc00000, 0x000000070fe00000|  0%| F|  |TAMS 0x000000070fc00000, 0x000000070fc00000| Untracked 
|  98|0x000000070fe00000, 0x000000070fe00000, 0x0000000710000000|  0%| F|  |TAMS 0x000000070fe00000, 0x000000070fe00000| Untracked 
|  99|0x0000000710000000, 0x0000000710000000, 0x0000000710200000|  0%| F|  |TAMS 0x0000000710000000, 0x0000000710000000| Untracked 
| 100|0x0000000710200000, 0x0000000710200000, 0x0000000710400000|  0%| F|  |TAMS 0x0000000710200000, 0x0000000710200000| Untracked 
| 101|0x0000000710400000, 0x0000000710400000, 0x0000000710600000|  0%| F|  |TAMS 0x0000000710400000, 0x0000000710400000| Untracked 
| 102|0x0000000710600000, 0x0000000710600000, 0x0000000710800000|  0%| F|  |TAMS 0x0000000710600000, 0x0000000710600000| Untracked 
| 103|0x0000000710800000, 0x0000000710800000, 0x0000000710a00000|  0%| F|  |TAMS 0x0000000710800000, 0x0000000710800000| Untracked 
| 104|0x0000000710a00000, 0x0000000710a00000, 0x0000000710c00000|  0%| F|  |TAMS 0x0000000710a00000, 0x0000000710a00000| Untracked 
| 105|0x0000000710c00000, 0x0000000710c00000, 0x0000000710e00000|  0%| F|  |TAMS 0x0000000710c00000, 0x0000000710c00000| Untracked 
| 106|0x0000000710e00000, 0x0000000710e00000, 0x0000000711000000|  0%| F|  |TAMS 0x0000000710e00000, 0x0000000710e00000| Untracked 
| 107|0x0000000711000000, 0x0000000711000000, 0x0000000711200000|  0%| F|  |TAMS 0x0000000711000000, 0x0000000711000000| Untracked 
| 108|0x0000000711200000, 0x0000000711200000, 0x0000000711400000|  0%| F|  |TAMS 0x0000000711200000, 0x0000000711200000| Untracked 
| 109|0x0000000711400000, 0x0000000711400000, 0x0000000711600000|  0%| F|  |TAMS 0x0000000711400000, 0x0000000711400000| Untracked 
| 110|0x0000000711600000, 0x0000000711600000, 0x0000000711800000|  0%| F|  |TAMS 0x0000000711600000, 0x0000000711600000| Untracked 
| 111|0x0000000711800000, 0x0000000711800000, 0x0000000711a00000|  0%| F|  |TAMS 0x0000000711800000, 0x0000000711800000| Untracked 
| 112|0x0000000711a00000, 0x0000000711a00000, 0x0000000711c00000|  0%| F|  |TAMS 0x0000000711a00000, 0x0000000711a00000| Untracked 
| 113|0x0000000711c00000, 0x0000000711c00000, 0x0000000711e00000|  0%| F|  |TAMS 0x0000000711c00000, 0x0000000711c00000| Untracked 
| 114|0x0000000711e00000, 0x0000000711e00000, 0x0000000712000000|  0%| F|  |TAMS 0x0000000711e00000, 0x0000000711e00000| Untracked 
| 115|0x0000000712000000, 0x0000000712000000, 0x0000000712200000|  0%| F|  |TAMS 0x0000000712000000, 0x0000000712000000| Untracked 
| 116|0x0000000712200000, 0x0000000712200000, 0x0000000712400000|  0%| F|  |TAMS 0x0000000712200000, 0x0000000712200000| Untracked 
| 117|0x0000000712400000, 0x0000000712400000, 0x0000000712600000|  0%| F|  |TAMS 0x0000000712400000, 0x0000000712400000| Untracked 
| 118|0x0000000712600000, 0x0000000712600000, 0x0000000712800000|  0%| F|  |TAMS 0x0000000712600000, 0x0000000712600000| Untracked 
| 119|0x0000000712800000, 0x0000000712800000, 0x0000000712a00000|  0%| F|  |TAMS 0x0000000712800000, 0x0000000712800000| Untracked 
| 120|0x0000000712a00000, 0x0000000712ae1cc0, 0x0000000712c00000| 44%| E|  |TAMS 0x0000000712a00000, 0x0000000712a00000| Complete 
| 121|0x0000000712c00000, 0x0000000712e00000, 0x0000000712e00000|100%| E|CS|TAMS 0x0000000712c00000, 0x0000000712c00000| Complete 
| 122|0x0000000712e00000, 0x0000000713000000, 0x0000000713000000|100%| E|CS|TAMS 0x0000000712e00000, 0x0000000712e00000| Complete 
| 123|0x0000000713000000, 0x0000000713200000, 0x0000000713200000|100%| E|CS|TAMS 0x0000000713000000, 0x0000000713000000| Complete 
| 124|0x0000000713200000, 0x0000000713400000, 0x0000000713400000|100%| E|CS|TAMS 0x0000000713200000, 0x0000000713200000| Complete 
| 125|0x0000000713400000, 0x0000000713600000, 0x0000000713600000|100%| E|CS|TAMS 0x0000000713400000, 0x0000000713400000| Complete 
| 126|0x0000000713600000, 0x0000000713800000, 0x0000000713800000|100%| E|CS|TAMS 0x0000000713600000, 0x0000000713600000| Complete 

Card table byte_map: [0x00000241f4e20000,0x00000241f5610000] _byte_map_base: 0x00000241f1603000

Marking Bits (Prev, Next): (CMBitMap*) 0x00000241db9014d0, (CMBitMap*) 0x00000241db901510
 Prev Bits: [0x00000241f5e00000, 0x00000241f9d18000)
 Next Bits: [0x00000241f9d20000, 0x00000241fdc38000)

Polling page: 0x00000241e4980000

Metaspace:

Usage:
  Non-class:      9.92 MB used.
      Class:      1.29 MB used.
       Both:     11.22 MB used.

Virtual space:
  Non-class space:       64.00 MB reserved,      10.00 MB ( 16%) committed,  1 nodes.
      Class space:        1.00 GB reserved,       1.44 MB ( <1%) committed,  1 nodes.
             Both:        1.06 GB reserved,      11.44 MB (  1%) committed. 

Chunk freelists:
   Non-Class:  2.01 MB
       Class:  2.61 MB
        Both:  4.63 MB

MaxMetaspaceSize: unlimited
CompressedClassSpaceSize: 1.00 GB
Initial GC threshold: 21.00 MB
Current GC threshold: 21.00 MB
CDS: on
MetaspaceReclaimPolicy: balanced
 - commit_granule_bytes: 65536.
 - commit_granule_words: 8192.
 - virtual_space_node_default_size: 8388608.
 - enlarge_chunks_in_place: 1.
 - new_chunks_are_fully_committed: 0.
 - uncommit_free_chunks: 1.
 - use_allocation_guard: 0.


Internal statistics:

num_allocs_failed_limit: 0.
num_arena_births: 140.
num_arena_deaths: 0.
num_vsnodes_births: 2.
num_vsnodes_deaths: 0.
num_space_committed: 183.
num_space_uncommitted: 0.
num_chunks_returned_to_freelist: 0.
num_chunks_taken_from_freelist: 219.
num_chunk_merges: 0.
num_chunk_splits: 117.
num_chunks_enlarged: 41.
num_inconsistent_stats: 0.

CodeHeap 'non-profiled nmethods': size=120000Kb used=400Kb max_used=400Kb free=119599Kb
 bounds [0x00000241ec470000, 0x00000241ec6e0000, 0x00000241f39a0000]
CodeHeap 'profiled nmethods': size=120000Kb used=2629Kb max_used=2629Kb free=117370Kb
 bounds [0x00000241e4f40000, 0x00000241e51e0000, 0x00000241ec470000]
CodeHeap 'non-nmethods': size=5760Kb used=1324Kb max_used=1338Kb free=4435Kb
 bounds [0x00000241e49a0000, 0x00000241e4c10000, 0x00000241e4f40000]
 total_blobs=2074 nmethods=1435 adapters=552
 compilation: enabled
              stopped_count=0, restarted_count=0
 full_count=0

Compilation events (20 events):
Event: 2.148 Thread 0x00000241802b5020 1425   !   3       sun.awt.GlobalCursorManager$NativeUpdater::postIfNotPending (48 bytes)
Event: 2.148 Thread 0x00000241802b5020 nmethod 1425 0x00000241e51cc710 code [0x00000241e51cc900, 0x00000241e51cd008]
Event: 2.158 Thread 0x00000241802b5020 1426       3       sun.awt.windows.WComponentPeer::updateCursorImmediately (7 bytes)
Event: 2.158 Thread 0x00000241802b5020 nmethod 1426 0x00000241e51cd290 code [0x00000241e51cd480, 0x00000241e51cd9d8]
Event: 2.158 Thread 0x00000241802b5020 1427   !   3       sun.awt.GlobalCursorManager::updateCursorImmediately (31 bytes)
Event: 2.158 Thread 0x00000241802b5020 nmethod 1427 0x00000241e51cdc10 code [0x00000241e51cddc0, 0x00000241e51ce008]
Event: 2.162 Thread 0x00000241802b5020 1428       3       java.util.concurrent.locks.AbstractQueuedSynchronizer$Node::setStatusRelaxed (12 bytes)
Event: 2.163 Thread 0x00000241802b5020 nmethod 1428 0x00000241e51ce110 code [0x00000241e51ce2a0, 0x00000241e51ce3b8]
Event: 2.168 Thread 0x00000241802b5020 1429       3       sun.awt.WeakIdentityHashMap::get (19 bytes)
Event: 2.168 Thread 0x00000241802b5020 nmethod 1429 0x00000241e51ce490 code [0x00000241e51ce6c0, 0x00000241e51cf038]
Event: 2.168 Thread 0x00000241802b5020 1430       3       sun.awt.WeakIdentityHashMap::getMap (31 bytes)
Event: 2.168 Thread 0x00000241802b5020 nmethod 1430 0x00000241e51cf390 code [0x00000241e51cf560, 0x00000241e51cfa58]
Event: 2.172 Thread 0x00000241802b5020 1431   !   3       sun.awt.GlobalCursorManager$NativeUpdater::run (43 bytes)
Event: 2.172 Thread 0x00000241802b5020 nmethod 1431 0x00000241e51cfc10 code [0x00000241e51cfdc0, 0x00000241e51d0088]
Event: 2.172 Thread 0x00000241802b5020 1432       3       java.awt.LightweightDispatcher::retargetMouseEnterExit (79 bytes)
Event: 2.172 Thread 0x00000241802b5020 nmethod 1432 0x00000241e51d0190 code [0x00000241e51d0360, 0x00000241e51d0978]
Event: 2.172 Thread 0x00000241802b5020 1433       3       java.awt.LightweightDispatcher::isMouseGrab (49 bytes)
Event: 2.172 Thread 0x00000241802b5020 nmethod 1433 0x00000241e51d0b10 code [0x00000241e51d0d00, 0x00000241e51d14e8]
Event: 1138.778 Thread 0x00000241802ac6c0 1435  s    4       sun.java2d.loops.GraphicsPrimitive::makeUniqueID (26 bytes)
Event: 1138.778 Thread 0x00000241802b5020 1436  s    3       sun.java2d.loops.GraphicsPrimitiveMgr::locatePrim (95 bytes)

GC Heap History (0 events):
No events

Deoptimization events (20 events):
Event: 0.539 Thread 0x0000024184f89410 DEOPT PACKING pc=0x00000241e503a66d sp=0x000000b3c98fed80
Event: 0.539 Thread 0x0000024184f89410 DEOPT UNPACKING pc=0x00000241e49f6763 sp=0x000000b3c98fe1f0 mode 0
Event: 0.539 Thread 0x0000024184f89410 DEOPT PACKING pc=0x00000241e503a66d sp=0x000000b3c98fed80
Event: 0.539 Thread 0x0000024184f89410 DEOPT UNPACKING pc=0x00000241e49f6763 sp=0x000000b3c98fe1f0 mode 0
Event: 0.540 Thread 0x0000024184f89410 DEOPT PACKING pc=0x00000241e503a66d sp=0x000000b3c98fed80
Event: 0.540 Thread 0x0000024184f89410 DEOPT UNPACKING pc=0x00000241e49f6763 sp=0x000000b3c98fe1f0 mode 0
Event: 0.540 Thread 0x0000024184f89410 DEOPT PACKING pc=0x00000241e503a66d sp=0x000000b3c98fed80
Event: 0.540 Thread 0x0000024184f89410 DEOPT UNPACKING pc=0x00000241e49f6763 sp=0x000000b3c98fe1f0 mode 0
Event: 0.540 Thread 0x0000024184f89410 DEOPT PACKING pc=0x00000241e503a66d sp=0x000000b3c98fed80
Event: 0.540 Thread 0x0000024184f89410 DEOPT UNPACKING pc=0x00000241e49f6763 sp=0x000000b3c98fe1f0 mode 0
Event: 0.540 Thread 0x0000024184f89410 DEOPT PACKING pc=0x00000241e503a66d sp=0x000000b3c98fed80
Event: 0.540 Thread 0x0000024184f89410 DEOPT UNPACKING pc=0x00000241e49f6763 sp=0x000000b3c98fe1f0 mode 0
Event: 0.540 Thread 0x0000024184f89410 DEOPT PACKING pc=0x00000241e503a66d sp=0x000000b3c98fed80
Event: 0.540 Thread 0x0000024184f89410 DEOPT UNPACKING pc=0x00000241e49f6763 sp=0x000000b3c98fe1f0 mode 0
Event: 0.540 Thread 0x0000024184f89410 DEOPT PACKING pc=0x00000241e503a66d sp=0x000000b3c98fed80
Event: 0.540 Thread 0x0000024184f89410 DEOPT UNPACKING pc=0x00000241e49f6763 sp=0x000000b3c98fe1f0 mode 0
Event: 0.599 Thread 0x00000241db88fe30 Uncommon trap: trap_request=0xffffff45 fr.pc=0x00000241ec4a4428 relative=0x0000000000000508
Event: 0.599 Thread 0x00000241db88fe30 Uncommon trap: reason=unstable_if action=reinterpret pc=0x00000241ec4a4428 method=java.lang.StringLatin1.newString([BII)Ljava/lang/String; @ 1 c2
Event: 0.599 Thread 0x00000241db88fe30 DEOPT PACKING pc=0x00000241ec4a4428 sp=0x000000b3c82fe150
Event: 0.599 Thread 0x00000241db88fe30 DEOPT UNPACKING pc=0x00000241e49f5c23 sp=0x000000b3c82fe0b0 mode 2

Classes loaded (20 events):
Event: 0.706 Loading class javax/swing/TimerQueue$DelayedTimer
Event: 0.706 Loading class java/util/concurrent/Delayed
Event: 0.706 Loading class java/util/concurrent/Delayed done
Event: 0.706 Loading class javax/swing/TimerQueue$DelayedTimer done
Event: 0.706 Loading class java/util/concurrent/TimeUnit$1
Event: 0.706 Loading class java/util/concurrent/TimeUnit$1 done
Event: 2.208 Loading class java/awt/LightweightDispatcher$2
Event: 2.208 Loading class java/awt/LightweightDispatcher$2 done
Event: 2.459 Loading class javax/swing/Timer$1
Event: 2.459 Loading class javax/swing/Timer$1 done
Event: 4.224 Loading class java/awt/KeyboardFocusManager$2
Event: 4.224 Loading class java/awt/KeyboardFocusManager$2 done
Event: 4.225 Loading class sun/awt/SunToolkit$1
Event: 4.225 Loading class sun/awt/SunToolkit$1 done
Event: 1138.776 Loading class java/util/WeakHashMap$KeyIterator
Event: 1138.776 Loading class java/util/WeakHashMap$HashIterator
Event: 1138.776 Loading class java/util/WeakHashMap$HashIterator done
Event: 1138.776 Loading class java/util/WeakHashMap$KeyIterator done
Event: 1138.777 Loading class javax/swing/RepaintManager$DisplayChangedRunnable
Event: 1138.777 Loading class javax/swing/RepaintManager$DisplayChangedRunnable done

Classes unloaded (0 events):
No events

Classes redefined (0 events):
No events

Internal exceptions (17 events):
Event: 0.087 Thread 0x00000241db88fe30 Exception <a 'java/lang/ClassNotFoundException'{0x00000007137e07b8}: sun/awt/resources/spi/awtProvider> (0x00000007137e07b8) 
thrown [s\open\src\hotspot\share\classfile\systemDictionary.cpp, line 255]
Event: 0.105 Thread 0x00000241db88fe30 Exception <a 'java/io/FileNotFoundException'{0x0000000713436150}> (0x0000000713436150) 
thrown [s\open\src\hotspot\share\prims\jni.cpp, line 516]
Event: 0.110 Thread 0x00000241db88fe30 Exception <a 'java/io/FileNotFoundException'{0x00000007134631e8}> (0x00000007134631e8) 
thrown [s\open\src\hotspot\share\prims\jni.cpp, line 516]
Event: 0.135 Thread 0x00000241db88fe30 Exception <a 'java/lang/NoSuchMethodError'{0x00000007134ad6a0}: 'java.lang.Object java.lang.invoke.DirectMethodHandle$Holder.invokeStaticInit(java.lang.Object)'> (0x00000007134ad6a0) 
thrown [s\open\src\hotspot\share\interpreter\linkResolver.cpp, line 766]
Event: 0.162 Thread 0x00000241db88fe30 Exception <a 'java/lang/NoSuchMethodError'{0x0000000713567fa0}: 'void java.lang.invoke.DirectMethodHandle$Holder.invokeSpecial(java.lang.Object, java.lang.Object, java.lang.Object)'> (0x0000000713567fa0) 
thrown [s\open\src\hotspot\share\interpreter\linkResolver.cpp, line 766]
Event: 0.168 Thread 0x00000241db88fe30 Exception <a 'java/lang/NoSuchMethodError'{0x0000000713592ea0}: 'java.lang.Object java.lang.invoke.DirectMethodHandle$Holder.newInvokeSpecial(java.lang.Object, java.lang.Object, java.lang.Object, java.lang.Object, java.lang.Object)'> (0x0000000713592ea0) 
thrown [s\open\src\hotspot\share\interpreter\linkResolver.cpp, line 766]
Event: 0.172 Thread 0x00000241db88fe30 Exception <a 'java/lang/NoSuchMethodError'{0x00000007135c4c38}: 'java.lang.Object java.lang.invoke.DirectMethodHandle$Holder.invokeStatic(java.lang.Object, int, java.lang.Object)'> (0x00000007135c4c38) 
thrown [s\open\src\hotspot\share\interpreter\linkResolver.cpp, line 766]
Event: 0.198 Thread 0x00000241db88fe30 Exception <a 'java/lang/ClassNotFoundException'{0x0000000713281990}: com/sun/swing/internal/plaf/metal/resources/spi/metalProvider> (0x0000000713281990) 
thrown [s\open\src\hotspot\share\classfile\systemDictionary.cpp, line 255]
Event: 0.199 Thread 0x00000241db88fe30 Exception <a 'java/lang/ClassNotFoundException'{0x0000000713285a18}: com/sun/swing/internal/plaf/basic/resources/spi/basicProvider> (0x0000000713285a18) 
thrown [s\open\src\hotspot\share\classfile\systemDictionary.cpp, line 255]
Event: 0.206 Thread 0x00000241db88fe30 Exception <a 'java/lang/NoSuchMethodError'{0x00000007132a6420}: 'int java.lang.invoke.Invokers$Holder.invokeExact_MT(java.lang.Object, java.lang.Object)'> (0x00000007132a6420) 
thrown [s\open\src\hotspot\share\interpreter\linkResolver.cpp, line 766]
Event: 0.235 Thread 0x0000024184f89410 Exception <a 'java/lang/NoSuchMethodError'{0x00000007133f7d90}: 'java.lang.Object java.lang.invoke.DirectMethodHandle$Holder.newInvokeSpecial(java.lang.Object, java.lang.Object, java.lang.Object, int, int, int, int, int)'> (0x00000007133f7d90) 
thrown [s\open\src\hotspot\share\interpreter\linkResolver.cpp, line 766]
Event: 0.285 Thread 0x00000241db88fe30 Exception <a 'java/lang/NoSuchMethodError'{0x0000000713103308}: 'void java.lang.invoke.DirectMethodHandle$Holder.invokeStatic(java.lang.Object, java.lang.Object, java.lang.Object)'> (0x0000000713103308) 
thrown [s\open\src\hotspot\share\interpreter\linkResolver.cpp, line 766]
Event: 0.286 Thread 0x00000241db88fe30 Exception <a 'java/lang/NoSuchMethodError'{0x00000007131097b0}: 'void java.lang.invoke.DirectMethodHandle$Holder.invokeStatic(java.lang.Object, java.lang.Object)'> (0x00000007131097b0) 
thrown [s\open\src\hotspot\share\interpreter\linkResolver.cpp, line 766]
Event: 0.344 Thread 0x00000241db88fe30 Exception <a 'java/lang/NoSuchMethodError'{0x0000000713190758}: 'void java.lang.invoke.DirectMethodHandle$Holder.invokeStaticInit(java.lang.Object)'> (0x0000000713190758) 
thrown [s\open\src\hotspot\share\interpreter\linkResolver.cpp, line 766]
Event: 0.408 Thread 0x00000241db88fe30 Exception <a 'java/lang/NoSuchMethodError'{0x0000000712f03028}: 'java.lang.Object java.lang.invoke.DirectMethodHandle$Holder.invokeStaticInit(java.lang.Object, int, int, int, int)'> (0x0000000712f03028) 
thrown [s\open\src\hotspot\share\interpreter\linkResolver.cpp, line 766]
Event: 0.459 Thread 0x00000241db88fe30 Exception <a 'java/lang/NoSuchMethodError'{0x0000000712fd91b8}: 'java.lang.Object java.lang.invoke.DirectMethodHandle$Holder.invokeStaticInit(java.lang.Object, java.lang.Object, int, int, int, int)'> (0x0000000712fd91b8) 
thrown [s\open\src\hotspot\share\interpreter\linkResolver.cpp, line 766]
Event: 0.503 Thread 0x0000024184d7a1e0 Exception <a 'java/lang/NoSuchMethodError'{0x00000007134f1900}: 'void java.lang.invoke.DirectMethodHandle$Holder.invokeVirtual(java.lang.Object, java.lang.Object)'> (0x00000007134f1900) 
thrown [s\open\src\hotspot\share\interpreter\linkResolver.cpp, line 766]

VM Operations (20 events):
Event: 0.068 Executing VM operation: HandshakeAllThreads
Event: 0.068 Executing VM operation: HandshakeAllThreads done
Event: 0.241 Executing VM operation: HandshakeAllThreads
Event: 0.241 Executing VM operation: HandshakeAllThreads done
Event: 0.298 Executing VM operation: HandshakeAllThreads
Event: 0.298 Executing VM operation: HandshakeAllThreads done
Event: 0.392 Executing VM operation: HandshakeAllThreads
Event: 0.392 Executing VM operation: HandshakeAllThreads done
Event: 0.417 Executing VM operation: HandshakeAllThreads
Event: 0.417 Executing VM operation: HandshakeAllThreads done
Event: 0.624 Executing VM operation: ICBufferFull
Event: 0.624 Executing VM operation: ICBufferFull done
Event: 0.641 Executing VM operation: HandshakeAllThreads
Event: 0.641 Executing VM operation: HandshakeAllThreads done
Event: 1.649 Executing VM operation: Cleanup
Event: 1.650 Executing VM operation: Cleanup done
Event: 2.664 Executing VM operation: Cleanup
Event: 2.664 Executing VM operation: Cleanup done
Event: 4.678 Executing VM operation: Cleanup
Event: 4.678 Executing VM operation: Cleanup done

Events (20 events):
Event: 0.048 Thread 0x0000024184cd6ac0 Thread added: 0x0000024184cd6ac0
Event: 0.059 Loaded shared library C:\Program Files\Java\jdk-18.0.1\bin\net.dll
Event: 0.062 Loaded shared library C:\Program Files\Java\jdk-18.0.1\bin\nio.dll
Event: 0.065 Loaded shared library C:\Program Files\Java\jdk-18.0.1\bin\zip.dll
Event: 0.082 Loaded shared library C:\Program Files\Java\jdk-18.0.1\bin\jimage.dll
Event: 0.095 Loaded shared library C:\Program Files\Java\jdk-18.0.1\bin\awt.dll
Event: 0.135 Thread 0x0000024184d79860 Thread added: 0x0000024184d79860
Event: 0.136 Thread 0x0000024184d79d20 Thread added: 0x0000024184d79d20
Event: 0.137 Thread 0x0000024184d7a1e0 Thread added: 0x0000024184d7a1e0
Event: 0.211 Thread 0x0000024184f89410 Thread added: 0x0000024184f89410
Event: 0.245 Thread 0x0000024184fba010 Thread added: 0x0000024184fba010
Event: 0.251 Loaded shared library C:\Program Files\Java\jdk-18.0.1\bin\freetype.dll
Event: 0.252 Loaded shared library C:\Program Files\Java\jdk-18.0.1\bin\fontmanager.dll
Event: 0.338 Loaded shared library C:\Program Files\Java\jdk-18.0.1\bin\verify.dll
Event: 0.365 Thread 0x0000024184fcdd20 Thread added: 0x0000024184fcdd20
Event: 0.637 Thread 0x00000241db88fe30 Thread exited: 0x00000241db88fe30
Event: 0.637 Thread 0x0000024185a15db0 Thread added: 0x0000024185a15db0
Event: 0.705 Thread 0x0000024185a18900 Thread added: 0x0000024185a18900
Event: 0.765 Thread 0x0000024184fcdd20 Thread exited: 0x0000024184fcdd20
Event: 5.542 Thread 0x0000024184f89410 Thread exited: 0x0000024184f89410


Dynamic libraries:
0x00007ff665b30000 - 0x00007ff665b40000 	C:\Program Files\Java\jdk-18.0.1\bin\javaw.exe
0x00007ffe5b4b0000 - 0x00007ffe5b6a8000 	C:\Windows\SYSTEM32\ntdll.dll
0x00007ffe5b3b0000 - 0x00007ffe5b46f000 	C:\Windows\System32\KERNEL32.DLL
0x00007ffe58f70000 - 0x00007ffe59242000 	C:\Windows\System32\KERNELBASE.dll
0x00007ffe58bb0000 - 0x00007ffe58cb0000 	C:\Windows\System32\ucrtbase.dll
0x00007ffe519a0000 - 0x00007ffe519ba000 	C:\Program Files\Java\jdk-18.0.1\bin\VCRUNTIME140.dll
0x00007ffe50850000 - 0x00007ffe50868000 	C:\Program Files\Java\jdk-18.0.1\bin\jli.dll
0x00007ffe59520000 - 0x00007ffe595ce000 	C:\Windows\System32\ADVAPI32.dll
0x00007ffe5b0c0000 - 0x00007ffe5b15e000 	C:\Windows\System32\msvcrt.dll
0x00007ffe59b60000 - 0x00007ffe59bfc000 	C:\Windows\System32\sechost.dll
0x00007ffe5b160000 - 0x00007ffe5b284000 	C:\Windows\System32\RPCRT4.dll
0x00007ffe5a8f0000 - 0x00007ffe5aa91000 	C:\Windows\System32\USER32.dll
0x00007ffe592e0000 - 0x00007ffe59302000 	C:\Windows\System32\win32u.dll
0x00007ffe43a70000 - 0x00007ffe43d0a000 	C:\Windows\WinSxS\amd64_microsoft.windows.common-controls_6595b64144ccf1df_6.0.19041.1110_none_60b5254171f9507e\COMCTL32.dll
0x00007ffe5acc0000 - 0x00007ffe5aceb000 	C:\Windows\System32\GDI32.dll
0x00007ffe593f0000 - 0x00007ffe594ff000 	C:\Windows\System32\gdi32full.dll
0x00007ffe58e10000 - 0x00007ffe58ead000 	C:\Windows\System32\msvcp_win.dll
0x00007ffe4e860000 - 0x00007ffe4e86a000 	C:\Windows\SYSTEM32\VERSION.dll
0x00007ffe5a6b0000 - 0x00007ffe5a6e0000 	C:\Windows\System32\IMM32.DLL
0x00007ffe51c50000 - 0x00007ffe51c5c000 	C:\Program Files\Java\jdk-18.0.1\bin\vcruntime140_1.dll
0x00007ffe4f8d0000 - 0x00007ffe4f95d000 	C:\Program Files\Java\jdk-18.0.1\bin\msvcp140.dll
0x00007ffe06c70000 - 0x00007ffe07880000 	C:\Program Files\Java\jdk-18.0.1\bin\server\jvm.dll
0x00007ffe59a40000 - 0x00007ffe59a48000 	C:\Windows\System32\PSAPI.DLL
0x00007ffe380f0000 - 0x00007ffe380f9000 	C:\Windows\SYSTEM32\WSOCK32.dll
0x00007ffe5aab0000 - 0x00007ffe5ab1b000 	C:\Windows\System32\WS2_32.dll
0x00007ffe45dd0000 - 0x00007ffe45df7000 	C:\Windows\SYSTEM32\WINMM.dll
0x00007ffe57400000 - 0x00007ffe57412000 	C:\Windows\SYSTEM32\kernel.appcore.dll
0x00007ffe4fa40000 - 0x00007ffe4fa4a000 	C:\Program Files\Java\jdk-18.0.1\bin\jimage.dll
0x00007ffe56980000 - 0x00007ffe56b64000 	C:\Windows\SYSTEM32\DBGHELP.DLL
0x00007ffe3ff60000 - 0x00007ffe3ff95000 	C:\Windows\SYSTEM32\dbgcore.DLL
0x00007ffe59250000 - 0x00007ffe592d2000 	C:\Windows\System32\bcryptPrimitives.dll
0x00007ffe4fa10000 - 0x00007ffe4fa35000 	C:\Program Files\Java\jdk-18.0.1\bin\java.dll
0x00007ffe4f400000 - 0x00007ffe4f4d6000 	C:\Program Files\Java\jdk-18.0.1\bin\jsvml.dll
0x00007ffe59c00000 - 0x00007ffe5a345000 	C:\Windows\System32\SHELL32.dll
0x00007ffe56c50000 - 0x00007ffe573e2000 	C:\Windows\SYSTEM32\windows.storage.dll
0x00007ffe5a350000 - 0x00007ffe5a6a5000 	C:\Windows\System32\combase.dll
0x00007ffe58610000 - 0x00007ffe58640000 	C:\Windows\SYSTEM32\Wldp.dll
0x00007ffe5af50000 - 0x00007ffe5affd000 	C:\Windows\System32\SHCORE.dll
0x00007ffe5a6e0000 - 0x00007ffe5a735000 	C:\Windows\System32\shlwapi.dll
0x00007ffe58af0000 - 0x00007ffe58b0f000 	C:\Windows\SYSTEM32\profapi.dll
0x00007ffe4f8b0000 - 0x00007ffe4f8c3000 	C:\Program Files\Java\jdk-18.0.1\bin\net.dll
0x00007ffe4d750000 - 0x00007ffe4d85a000 	C:\Windows\SYSTEM32\WINHTTP.dll
0x00007ffe58370000 - 0x00007ffe583da000 	C:\Windows\system32\mswsock.dll
0x00007ffe4f890000 - 0x00007ffe4f8a6000 	C:\Program Files\Java\jdk-18.0.1\bin\nio.dll
0x00007ffe4f3e0000 - 0x00007ffe4f3f8000 	C:\Program Files\Java\jdk-18.0.1\bin\zip.dll
0x00007ffe16810000 - 0x00007ffe1699f000 	C:\Program Files\Java\jdk-18.0.1\bin\awt.dll
0x00007ffe5ae20000 - 0x00007ffe5aeed000 	C:\Windows\System32\OLEAUT32.dll
0x00007ffe53760000 - 0x00007ffe537f0000 	C:\Windows\SYSTEM32\apphelp.dll
0x00007ffe561e0000 - 0x00007ffe5620f000 	C:\Windows\system32\DWMAPI.DLL
0x00007ffe538a0000 - 0x00007ffe5393e000 	C:\Windows\system32\uxtheme.dll
0x00007ffe35b50000 - 0x00007ffe35c75000 	C:\Windows\system32\opengl32.dll
0x00007ffe45440000 - 0x00007ffe4546c000 	C:\Windows\SYSTEM32\GLU32.dll
0x00007ffe5b290000 - 0x00007ffe5b3a4000 	C:\Windows\System32\MSCTF.dll
0x00007ffe5acf0000 - 0x00007ffe5ae1a000 	C:\Windows\System32\ole32.dll
0x00007ffe460e0000 - 0x00007ffe46169000 	C:\Program Files\Java\jdk-18.0.1\bin\freetype.dll
0x00007ffe44ff0000 - 0x00007ffe45098000 	C:\Program Files\Java\jdk-18.0.1\bin\fontmanager.dll
0x00007ffe4fa00000 - 0x00007ffe4fa10000 	C:\Program Files\Java\jdk-18.0.1\bin\verify.dll
0x00007ffe58560000 - 0x00007ffe58578000 	C:\Windows\SYSTEM32\CRYPTSP.dll
0x00007ffe57c20000 - 0x00007ffe57c54000 	C:\Windows\system32\rsaenh.dll
0x00007ffe593c0000 - 0x00007ffe593e7000 	C:\Windows\System32\bcrypt.dll
0x00007ffe58ab0000 - 0x00007ffe58ade000 	C:\Windows\SYSTEM32\USERENV.dll
0x00007ffe58580000 - 0x00007ffe5858c000 	C:\Windows\SYSTEM32\CRYPTBASE.dll
0x00007ffe58010000 - 0x00007ffe5804b000 	C:\Windows\SYSTEM32\IPHLPAPI.DLL
0x00007ffe5ab20000 - 0x00007ffe5ab28000 	C:\Windows\System32\NSI.dll
0x00007ffe4ed70000 - 0x00007ffe4ed87000 	C:\Windows\SYSTEM32\dhcpcsvc6.DLL
0x00007ffe4edb0000 - 0x00007ffe4edcd000 	C:\Windows\SYSTEM32\dhcpcsvc.DLL
0x00007ffe58060000 - 0x00007ffe5812b000 	C:\Windows\SYSTEM32\DNSAPI.dll
0x00007ffe5ac10000 - 0x00007ffe5acb9000 	C:\Windows\System32\clbcatq.dll
0x00007ffe4fa60000 - 0x00007ffe4fc14000 	C:\Windows\SYSTEM32\WindowsCodecs.dll
0x00007ffe316a0000 - 0x00007ffe316de000 	C:\Windows\system32\dataexchange.dll
0x00007ffe529f0000 - 0x00007ffe52c53000 	C:\Windows\system32\d3d11.dll
0x00007ffe52c60000 - 0x00007ffe52e43000 	C:\Windows\system32\dcomp.dll
0x00007ffe57470000 - 0x00007ffe57563000 	C:\Windows\system32\dxgi.dll
0x00007ffe50e70000 - 0x00007ffe51070000 	C:\Windows\system32\twinapi.appcore.dll
0x00007ffe343e0000 - 0x00007ffe344d9000 	C:\Windows\SYSTEM32\textinputframework.dll
0x00007ffe53530000 - 0x00007ffe53622000 	C:\Windows\System32\CoreMessaging.dll
0x00007ffe531d0000 - 0x00007ffe5352e000 	C:\Windows\System32\CoreUIComponents.dll
0x00007ffe57d40000 - 0x00007ffe57d73000 	C:\Windows\SYSTEM32\ntmarta.dll
0x00007ffe51e70000 - 0x00007ffe51fc4000 	C:\Windows\SYSTEM32\wintypes.dll

dbghelp: loaded successfully - version: 4.0.5 - missing functions: none
symbol engine: initialized successfully - sym options: 0x614 - pdb path: .;C:\Program Files\Java\jdk-18.0.1\bin;C:\Windows\SYSTEM32;C:\Windows\WinSxS\amd64_microsoft.windows.common-controls_6595b64144ccf1df_6.0.19041.1110_none_60b5254171f9507e;C:\Program Files\Java\jdk-18.0.1\bin\server

VM Arguments:
jvm_args: -Dfile.encoding=UTF-8 -XX:+ShowCodeDetailsInExceptionMessages 
java_command: UI.Tour_GUI
java_class_path (initial): D:\Learn\HK04-LTHSK-JAVA\BaiNhom\CongTyDuLich\SourceCode\bin;D:\Learn\HK04-LTHSK-JAVA\BaiNhom\CongTyDuLich\SourceCode\Lib\sqljdbc42.jar;D:\Learn\HK04-LTHSK-JAVA\BaiNhom\CongTyDuLich\SourceCode\Lib\jdatepicker-1.3.4.jar
Launcher Type: SUN_STANDARD

[Global flags]
     intx CICompilerCount                          = 4                                         {product} {ergonomic}
     uint ConcGCThreads                            = 3                                         {product} {ergonomic}
     uint G1ConcRefinementThreads                  = 10                                        {product} {ergonomic}
   size_t G1HeapRegionSize                         = 2097152                                   {product} {ergonomic}
    uintx GCDrainStackTargetSize                   = 64                                        {product} {ergonomic}
   size_t InitialHeapSize                          = 266338304                                 {product} {ergonomic}
   size_t MarkStackSize                            = 4194304                                   {product} {ergonomic}
   size_t MaxHeapSize                              = 4234149888                                {product} {ergonomic}
   size_t MaxNewSize                               = 2539651072                                {product} {ergonomic}
   size_t MinHeapDeltaBytes                        = 2097152                                   {product} {ergonomic}
   size_t MinHeapSize                              = 8388608                                   {product} {ergonomic}
    uintx NonNMethodCodeHeapSize                   = 5839372                                {pd product} {ergonomic}
    uintx NonProfiledCodeHeapSize                  = 122909434                              {pd product} {ergonomic}
    uintx ProfiledCodeHeapSize                     = 122909434                              {pd product} {ergonomic}
    uintx ReservedCodeCacheSize                    = 251658240                              {pd product} {ergonomic}
     bool SegmentedCodeCache                       = true                                      {product} {ergonomic}
     bool ShowCodeDetailsInExceptionMessages       = true                                   {manageable} {command line}
   size_t SoftMaxHeapSize                          = 4234149888                             {manageable} {ergonomic}
     bool UseCompressedClassPointers               = true                           {product lp64_product} {ergonomic}
     bool UseCompressedOops                        = true                           {product lp64_product} {ergonomic}
     bool UseG1GC                                  = true                                      {product} {ergonomic}
     bool UseLargePagesIndividualAllocation        = false                                  {pd product} {ergonomic}

Logging:
Log output configuration:
 #0: stdout all=warning uptime,level,tags foldmultilines=false
 #1: stderr all=off uptime,level,tags foldmultilines=false

Environment Variables:
PATH=C:\Program Files\Common Files\Oracle\Java\javapath;C:\Windows\system32;C:\Windows;C:\Windows\System32\Wbem;C:\Windows\System32\WindowsPowerShell\v1.0\;C:\Windows\System32\OpenSSH\;C:\Program Files (x86)\NVIDIA Corporation\PhysX\Common;C:\Program Files\NVIDIA Corporation\NVIDIA NvDLISR;C:\Program Files\Git\cmd;C:\Program Files\Microsoft SQL Server\Client SDK\ODBC\170\Tools\Binn\;C:\Program Files (x86)\Microsoft SQL Server\150\Tools\Binn\;C:\Program Files\Microsoft SQL Server\150\Tools\Binn\;C:\Program Files\Microsoft SQL Server\150\DTS\Binn\;C:\Program Files (x86)\Microsoft SQL Server\150\DTS\Binn\;C:\Program Files\Azure Data Studio\bin;C:\Program Files\MongoDB\Server\5.0\bin;D:\Program Files\MongoDB\Tools\100\bin;D:\Program Files\Microsoft SQL Server\sqljdbc_12.2\enu\auth\x64;C:\Users\ACER\AppData\Local\Microsoft\WindowsApps;C:\Users\ACER\AppData\Local\GitHubDesktop\bin;C:\msys64\mingw64\bin;C:\Users\ACER\AppData\Local\Programs\Microsoft VS Code\bin;C:\Program Files\Azure Data Studio\bin;C:\Users\ACER\AppData\Local\Programs\mongosh\
USERNAME=ACER
OS=Windows_NT
PROCESSOR_IDENTIFIER=Intel64 Family 6 Model 141 Stepping 1, GenuineIntel



---------------  S Y S T E M  ---------------

OS:
 Windows 10 , 64 bit Build 19041 (10.0.19041.2546)
OS uptime: 8 days 6:13 hours

CPU: total 12 (initial active 12) (6 cores per cpu, 2 threads per core) family 6 model 141 stepping 1 microcode 0x3c, cx8, cmov, fxsr, ht, mmx, 3dnowpref, sse, sse2, sse3, ssse3, sse4.1, sse4.2, popcnt, lzcnt, tsc, tscinvbit, avx, avx2, aes, erms, clmul, bmi1, bmi2, adx, avx512f, avx512dq, avx512cd, avx512bw, avx512vl, sha, fma, vzeroupper, avx512_vpopcntdq, avx512_vpclmulqdq, avx512_vaes, avx512_vnni, clflush, clflushopt, clwb, avx512_vbmi2, avx512_vbmi

Memory: 4k page, system-wide physical 16147M (2687M free)
TotalPageFile size 38652M (AvailPageFile size 0M)
current process WorkingSet (physical memory assigned to process): 84M, peak: 88M
current process commit charge ("private bytes"): 369M, peak: 374M

vm_info: Java HotSpot(TM) 64-Bit Server VM (18.0.1+10-24) for windows-amd64 JRE (18.0.1+10-24), built on Mar  9 2022 22:41:56 by "mach5one" with MS VC++ 16.8 / 16.9 (VS2019)

END.
