#
# There is insufficient memory for the Java Runtime Environment to continue.
# Native memory allocation (malloc) failed to allocate 32744 bytes for Chunk::new
# Possible reasons:
#   The system is out of physical RAM or swap space
#   The process is running with CompressedOops enabled, and the Java Heap may be blocking the growth of the native heap
# Possible solutions:
#   Reduce memory load on the system
#   Increase physical memory or swap space
#   Check if swap backing store is full
#   Decrease Java heap size (-Xmx/-Xms)
#   Decrease number of Java threads
#   Decrease Java thread stack sizes (-Xss)
#   Set larger code cache with -XX:ReservedCodeCacheSize=
#   JVM is running with Zero Based Compressed Oops mode in which the Java heap is
#     placed in the first 32GB address space. The Java Heap base address is the
#     maximum limit for the native heap growth. Please use -XX:HeapBaseMinAddress
#     to set the Java Heap base and to place the Java Heap above 32GB virtual address.
# This output file may be truncated or incomplete.
#
#  Out of Memory Error (arena.cpp:184), pid=6712, tid=6864
#
# JRE version: Java(TM) SE Runtime Environment (18.0.1+10) (build 18.0.1+10-24)
# Java VM: Java HotSpot(TM) 64-Bit Server VM (18.0.1+10-24, mixed mode, sharing, tiered, compressed oops, compressed class ptrs, g1 gc, windows-amd64)
# No core dump will be written. Minidumps are not enabled by default on client versions of Windows
#

---------------  S U M M A R Y ------------

Command Line: -Dfile.encoding=UTF-8 -XX:+ShowCodeDetailsInExceptionMessages UI.Tour_GUI

Host: 11th Gen Intel(R) Core(TM) i5-11400H @ 2.70GHz, 12 cores, 15G,  Windows 10 , 64 bit Build 19041 (10.0.19041.2546)
Time: Tue Apr 11 21:26:36 2023 SE Asia Standard Time elapsed time: 245.651420 seconds (0d 0h 4m 5s)

---------------  T H R E A D  ---------------

Current thread (0x000001b13662f5b0):  JavaThread "C2 CompilerThread0" daemon [_thread_in_native, id=6864, stack(0x0000004648800000,0x0000004648900000)]


Current CompileTask:
C2: 245651 1524  s    4       sun.java2d.loops.GraphicsPrimitive::makeUniqueID (26 bytes)

Stack: [0x0000004648800000,0x0000004648900000]
Native frames: (J=compiled Java code, j=interpreted, Vv=VM code, C=native code)
V  [jvm.dll+0x69887a]
V  [jvm.dll+0x7f38bd]
V  [jvm.dll+0x7f51ce]
V  [jvm.dll+0x7f5883]
V  [jvm.dll+0x25ca3f]
V  [jvm.dll+0xb8c2f]
V  [jvm.dll+0xb8fa5]
V  [jvm.dll+0x361c1a]
V  [jvm.dll+0x362c1f]
V  [jvm.dll+0x36b082]
V  [jvm.dll+0x1bd917]
V  [jvm.dll+0x2c6b58]
V  [jvm.dll+0x6b0b0e]
V  [jvm.dll+0x6a8c3b]
V  [jvm.dll+0x6a8275]
V  [jvm.dll+0x6a612b]
V  [jvm.dll+0x1bce5c]
V  [jvm.dll+0x22ebb8]
V  [jvm.dll+0x1b9cfc]
V  [jvm.dll+0x23e8ca]
V  [jvm.dll+0x23cbb5]
V  [jvm.dll+0x7a5fb1]
V  [jvm.dll+0x7a03ea]
V  [jvm.dll+0x697725]
C  [ucrtbase.dll+0x21bb2]
C  [KERNEL32.DLL+0x17614]
C  [ntdll.dll+0x526a1]


---------------  P R O C E S S  ---------------

Threads class SMR info:
_java_thread_list=0x000001b13bc72710, length=17, elements={
0x000001b136607890, 0x000001b136608230, 0x000001b13661fc10, 0x000001b1366205b0,
0x000001b136624f70, 0x000001b136625a50, 0x000001b13662f5b0, 0x000001b13665c320,
0x000001b136666910, 0x000001b13a8d4e80, 0x000001b13a8dafd0, 0x000001b13a969840,
0x000001b13ab525a0, 0x000001b13ab55520, 0x000001b13b6c9000, 0x000001b13b79a120,
0x000001b13b797aa0
}

Java Threads: ( => current thread )
  0x000001b136607890 JavaThread "Reference Handler" daemon [_thread_blocked, id=29976, stack(0x0000004648200000,0x0000004648300000)]
  0x000001b136608230 JavaThread "Finalizer" daemon [_thread_blocked, id=29980, stack(0x0000004648300000,0x0000004648400000)]
  0x000001b13661fc10 JavaThread "Signal Dispatcher" daemon [_thread_blocked, id=22136, stack(0x0000004648400000,0x0000004648500000)]
  0x000001b1366205b0 JavaThread "Attach Listener" daemon [_thread_blocked, id=20204, stack(0x0000004648500000,0x0000004648600000)]
  0x000001b136624f70 JavaThread "Service Thread" daemon [_thread_blocked, id=22696, stack(0x0000004648600000,0x0000004648700000)]
  0x000001b136625a50 JavaThread "Monitor Deflation Thread" daemon [_thread_blocked, id=9456, stack(0x0000004648700000,0x0000004648800000)]
=>0x000001b13662f5b0 JavaThread "C2 CompilerThread0" daemon [_thread_in_native, id=6864, stack(0x0000004648800000,0x0000004648900000)]
  0x000001b13665c320 JavaThread "C1 CompilerThread0" daemon [_thread_blocked, id=17216, stack(0x0000004648900000,0x0000004648a00000)]
  0x000001b136666910 JavaThread "Sweeper thread" daemon [_thread_blocked, id=29964, stack(0x0000004648a00000,0x0000004648b00000)]
  0x000001b13a8d4e80 JavaThread "Notification Thread" daemon [_thread_blocked, id=30516, stack(0x0000004648b00000,0x0000004648c00000)]
  0x000001b13a8dafd0 JavaThread "Common-Cleaner" daemon [_thread_blocked, id=23004, stack(0x0000004648d00000,0x0000004648e00000)]
  0x000001b13a969840 JavaThread "Java2D Disposer" daemon [_thread_blocked, id=30140, stack(0x0000004648e00000,0x0000004648f00000)]
  0x000001b13ab525a0 JavaThread "AWT-Shutdown" [_thread_blocked, id=21176, stack(0x0000004648f00000,0x0000004649000000)]
  0x000001b13ab55520 JavaThread "AWT-Windows" daemon [_thread_in_native, id=15192, stack(0x0000004649000000,0x0000004649100000)]
  0x000001b13b6c9000 JavaThread "AWT-EventQueue-0" [_thread_blocked, id=30708, stack(0x0000004649200000,0x0000004649300000)]
  0x000001b13b79a120 JavaThread "DestroyJavaVM" [_thread_blocked, id=23812, stack(0x0000004647b00000,0x0000004647c00000)]
  0x000001b13b797aa0 JavaThread "TimerQueue" daemon [_thread_blocked, id=20996, stack(0x0000004649300000,0x0000004649400000)]

Other Threads:
  0x000001b1366039e0 VMThread "VM Thread" [stack: 0x0000004648100000,0x0000004648200000] [id=29920]
  0x000001b13a8d9f70 WatcherThread "VM Periodic Task Thread" [stack: 0x0000004648c00000,0x0000004648d00000] [id=30472]
  0x000001b11164f580 WorkerThread "GC Thread#0" [stack: 0x0000004647c00000,0x0000004647d00000] [id=18752]
  0x000001b111660100 ConcurrentGCThread "G1 Main Marker" [stack: 0x0000004647d00000,0x0000004647e00000] [id=27156]
  0x000001b1116622a0 WorkerThread "G1 Conc#0" [stack: 0x0000004647e00000,0x0000004647f00000] [id=30548]
  0x000001b1116ae1b0 ConcurrentGCThread "G1 Refine#0" [stack: 0x0000004647f00000,0x0000004648000000] [id=12064]
  0x000001b1116aeac0 ConcurrentGCThread "G1 Service" [stack: 0x0000004648000000,0x0000004648100000] [id=19584]

Threads with active compile tasks:
C2 CompilerThread0   245682 1524  s    4       sun.java2d.loops.GraphicsPrimitive::makeUniqueID (26 bytes)

VM state: not at safepoint (normal execution)

VM Mutex/Monitor currently owned by a thread: None

Heap address: 0x0000000703a00000, size: 4038 MB, Compressed Oops mode: Zero based, Oop shift amount: 3

CDS archive(s) mapped at: [0x0000000800000000-0x0000000800ba0000-0x0000000800ba0000), size 12189696, SharedBaseAddress: 0x0000000800000000, ArchiveRelocationMode: 0.
Compressed class space mapped at: 0x0000000800c00000-0x0000000840c00000, reserved size: 1073741824
Narrow klass base: 0x0000000800000000, Narrow klass shift: 0, Narrow klass range: 0x100000000

GC Precious Log:
 CardTable entry size: 512
 Card Set container configuration: InlinePtr #cards 4 size 8 Array Of Cards #cards 16 size 48 Howl #buckets 8 coarsen threshold 3686 Howl Bitmap #cards 512 size 80 coarsen threshold 460 Card regions per heap region 1 cards per card region 4096
 CPUs: 12 total, 12 available
 Memory: 16147M
 Large Page Support: Disabled
 NUMA Support: Disabled
 Compressed Oops: Enabled (Zero based)
 Heap Region Size: 2M
 Heap Min Capacity: 8M
 Heap Initial Capacity: 254M
 Heap Max Capacity: 4038M
 Pre-touch: Disabled
 Parallel Workers: 10
 Concurrent Workers: 3
 Concurrent Refinement Workers: 10
 Periodic GC: Disabled

Heap:
 garbage-first heap   total 260096K, used 20480K [0x0000000703a00000, 0x0000000800000000)
  region size 2048K, 7 young (14336K), 0 survivors (0K)
 Metaspace       used 11604K, committed 11840K, reserved 1114112K
  class space    used 1331K, committed 1472K, reserved 1048576K

Heap Regions: E=young(eden), S=young(survivor), O=old, HS=humongous(starts), HC=humongous(continues), CS=collection set, F=free, OA=open archive, CA=closed archive, TAMS=top-at-mark-start (previous, next)
|   0|0x0000000703a00000, 0x0000000703c00000, 0x0000000703c00000|100%|HS|  |TAMS 0x0000000703a00000, 0x0000000703a00000| Complete 
|   1|0x0000000703c00000, 0x0000000703e00000, 0x0000000703e00000|100%|HS|  |TAMS 0x0000000703c00000, 0x0000000703c00000| Complete 
|   2|0x0000000703e00000, 0x0000000704000000, 0x0000000704000000|100%|HC|  |TAMS 0x0000000703e00000, 0x0000000703e00000| Complete 
|   3|0x0000000704000000, 0x0000000704200000, 0x0000000704200000|100%|HC|  |TAMS 0x0000000704000000, 0x0000000704000000| Complete 
|   4|0x0000000704200000, 0x0000000704200000, 0x0000000704400000|  0%| F|  |TAMS 0x0000000704200000, 0x0000000704200000| Untracked 
|   5|0x0000000704400000, 0x0000000704400000, 0x0000000704600000|  0%| F|  |TAMS 0x0000000704400000, 0x0000000704400000| Untracked 
|   6|0x0000000704600000, 0x0000000704600000, 0x0000000704800000|  0%| F|  |TAMS 0x0000000704600000, 0x0000000704600000| Untracked 
|   7|0x0000000704800000, 0x0000000704800000, 0x0000000704a00000|  0%| F|  |TAMS 0x0000000704800000, 0x0000000704800000| Untracked 
|   8|0x0000000704a00000, 0x0000000704a00000, 0x0000000704c00000|  0%| F|  |TAMS 0x0000000704a00000, 0x0000000704a00000| Untracked 
|   9|0x0000000704c00000, 0x0000000704c00000, 0x0000000704e00000|  0%| F|  |TAMS 0x0000000704c00000, 0x0000000704c00000| Untracked 
|  10|0x0000000704e00000, 0x0000000704e00000, 0x0000000705000000|  0%| F|  |TAMS 0x0000000704e00000, 0x0000000704e00000| Untracked 
|  11|0x0000000705000000, 0x0000000705000000, 0x0000000705200000|  0%| F|  |TAMS 0x0000000705000000, 0x0000000705000000| Untracked 
|  12|0x0000000705200000, 0x0000000705200000, 0x0000000705400000|  0%| F|  |TAMS 0x0000000705200000, 0x0000000705200000| Untracked 
|  13|0x0000000705400000, 0x0000000705400000, 0x0000000705600000|  0%| F|  |TAMS 0x0000000705400000, 0x0000000705400000| Untracked 
|  14|0x0000000705600000, 0x0000000705600000, 0x0000000705800000|  0%| F|  |TAMS 0x0000000705600000, 0x0000000705600000| Untracked 
|  15|0x0000000705800000, 0x0000000705800000, 0x0000000705a00000|  0%| F|  |TAMS 0x0000000705800000, 0x0000000705800000| Untracked 
|  16|0x0000000705a00000, 0x0000000705a00000, 0x0000000705c00000|  0%| F|  |TAMS 0x0000000705a00000, 0x0000000705a00000| Untracked 
|  17|0x0000000705c00000, 0x0000000705c00000, 0x0000000705e00000|  0%| F|  |TAMS 0x0000000705c00000, 0x0000000705c00000| Untracked 
|  18|0x0000000705e00000, 0x0000000705e00000, 0x0000000706000000|  0%| F|  |TAMS 0x0000000705e00000, 0x0000000705e00000| Untracked 
|  19|0x0000000706000000, 0x0000000706000000, 0x0000000706200000|  0%| F|  |TAMS 0x0000000706000000, 0x0000000706000000| Untracked 
|  20|0x0000000706200000, 0x0000000706200000, 0x0000000706400000|  0%| F|  |TAMS 0x0000000706200000, 0x0000000706200000| Untracked 
|  21|0x0000000706400000, 0x0000000706400000, 0x0000000706600000|  0%| F|  |TAMS 0x0000000706400000, 0x0000000706400000| Untracked 
|  22|0x0000000706600000, 0x0000000706600000, 0x0000000706800000|  0%| F|  |TAMS 0x0000000706600000, 0x0000000706600000| Untracked 
|  23|0x0000000706800000, 0x0000000706800000, 0x0000000706a00000|  0%| F|  |TAMS 0x0000000706800000, 0x0000000706800000| Untracked 
|  24|0x0000000706a00000, 0x0000000706a00000, 0x0000000706c00000|  0%| F|  |TAMS 0x0000000706a00000, 0x0000000706a00000| Untracked 
|  25|0x0000000706c00000, 0x0000000706c00000, 0x0000000706e00000|  0%| F|  |TAMS 0x0000000706c00000, 0x0000000706c00000| Untracked 
|  26|0x0000000706e00000, 0x0000000706e00000, 0x0000000707000000|  0%| F|  |TAMS 0x0000000706e00000, 0x0000000706e00000| Untracked 
|  27|0x0000000707000000, 0x0000000707000000, 0x0000000707200000|  0%| F|  |TAMS 0x0000000707000000, 0x0000000707000000| Untracked 
|  28|0x0000000707200000, 0x0000000707200000, 0x0000000707400000|  0%| F|  |TAMS 0x0000000707200000, 0x0000000707200000| Untracked 
|  29|0x0000000707400000, 0x0000000707400000, 0x0000000707600000|  0%| F|  |TAMS 0x0000000707400000, 0x0000000707400000| Untracked 
|  30|0x0000000707600000, 0x0000000707600000, 0x0000000707800000|  0%| F|  |TAMS 0x0000000707600000, 0x0000000707600000| Untracked 
|  31|0x0000000707800000, 0x0000000707800000, 0x0000000707a00000|  0%| F|  |TAMS 0x0000000707800000, 0x0000000707800000| Untracked 
|  32|0x0000000707a00000, 0x0000000707a00000, 0x0000000707c00000|  0%| F|  |TAMS 0x0000000707a00000, 0x0000000707a00000| Untracked 
|  33|0x0000000707c00000, 0x0000000707c00000, 0x0000000707e00000|  0%| F|  |TAMS 0x0000000707c00000, 0x0000000707c00000| Untracked 
|  34|0x0000000707e00000, 0x0000000707e00000, 0x0000000708000000|  0%| F|  |TAMS 0x0000000707e00000, 0x0000000707e00000| Untracked 
|  35|0x0000000708000000, 0x0000000708000000, 0x0000000708200000|  0%| F|  |TAMS 0x0000000708000000, 0x0000000708000000| Untracked 
|  36|0x0000000708200000, 0x0000000708200000, 0x0000000708400000|  0%| F|  |TAMS 0x0000000708200000, 0x0000000708200000| Untracked 
|  37|0x0000000708400000, 0x0000000708400000, 0x0000000708600000|  0%| F|  |TAMS 0x0000000708400000, 0x0000000708400000| Untracked 
|  38|0x0000000708600000, 0x0000000708600000, 0x0000000708800000|  0%| F|  |TAMS 0x0000000708600000, 0x0000000708600000| Untracked 
|  39|0x0000000708800000, 0x0000000708800000, 0x0000000708a00000|  0%| F|  |TAMS 0x0000000708800000, 0x0000000708800000| Untracked 
|  40|0x0000000708a00000, 0x0000000708a00000, 0x0000000708c00000|  0%| F|  |TAMS 0x0000000708a00000, 0x0000000708a00000| Untracked 
|  41|0x0000000708c00000, 0x0000000708c00000, 0x0000000708e00000|  0%| F|  |TAMS 0x0000000708c00000, 0x0000000708c00000| Untracked 
|  42|0x0000000708e00000, 0x0000000708e00000, 0x0000000709000000|  0%| F|  |TAMS 0x0000000708e00000, 0x0000000708e00000| Untracked 
|  43|0x0000000709000000, 0x0000000709000000, 0x0000000709200000|  0%| F|  |TAMS 0x0000000709000000, 0x0000000709000000| Untracked 
|  44|0x0000000709200000, 0x0000000709200000, 0x0000000709400000|  0%| F|  |TAMS 0x0000000709200000, 0x0000000709200000| Untracked 
|  45|0x0000000709400000, 0x0000000709400000, 0x0000000709600000|  0%| F|  |TAMS 0x0000000709400000, 0x0000000709400000| Untracked 
|  46|0x0000000709600000, 0x0000000709600000, 0x0000000709800000|  0%| F|  |TAMS 0x0000000709600000, 0x0000000709600000| Untracked 
|  47|0x0000000709800000, 0x0000000709800000, 0x0000000709a00000|  0%| F|  |TAMS 0x0000000709800000, 0x0000000709800000| Untracked 
|  48|0x0000000709a00000, 0x0000000709a00000, 0x0000000709c00000|  0%| F|  |TAMS 0x0000000709a00000, 0x0000000709a00000| Untracked 
|  49|0x0000000709c00000, 0x0000000709c00000, 0x0000000709e00000|  0%| F|  |TAMS 0x0000000709c00000, 0x0000000709c00000| Untracked 
|  50|0x0000000709e00000, 0x0000000709e00000, 0x000000070a000000|  0%| F|  |TAMS 0x0000000709e00000, 0x0000000709e00000| Untracked 
|  51|0x000000070a000000, 0x000000070a000000, 0x000000070a200000|  0%| F|  |TAMS 0x000000070a000000, 0x000000070a000000| Untracked 
|  52|0x000000070a200000, 0x000000070a200000, 0x000000070a400000|  0%| F|  |TAMS 0x000000070a200000, 0x000000070a200000| Untracked 
|  53|0x000000070a400000, 0x000000070a400000, 0x000000070a600000|  0%| F|  |TAMS 0x000000070a400000, 0x000000070a400000| Untracked 
|  54|0x000000070a600000, 0x000000070a600000, 0x000000070a800000|  0%| F|  |TAMS 0x000000070a600000, 0x000000070a600000| Untracked 
|  55|0x000000070a800000, 0x000000070a800000, 0x000000070aa00000|  0%| F|  |TAMS 0x000000070a800000, 0x000000070a800000| Untracked 
|  56|0x000000070aa00000, 0x000000070aa00000, 0x000000070ac00000|  0%| F|  |TAMS 0x000000070aa00000, 0x000000070aa00000| Untracked 
|  57|0x000000070ac00000, 0x000000070ac00000, 0x000000070ae00000|  0%| F|  |TAMS 0x000000070ac00000, 0x000000070ac00000| Untracked 
|  58|0x000000070ae00000, 0x000000070ae00000, 0x000000070b000000|  0%| F|  |TAMS 0x000000070ae00000, 0x000000070ae00000| Untracked 
|  59|0x000000070b000000, 0x000000070b000000, 0x000000070b200000|  0%| F|  |TAMS 0x000000070b000000, 0x000000070b000000| Untracked 
|  60|0x000000070b200000, 0x000000070b200000, 0x000000070b400000|  0%| F|  |TAMS 0x000000070b200000, 0x000000070b200000| Untracked 
|  61|0x000000070b400000, 0x000000070b400000, 0x000000070b600000|  0%| F|  |TAMS 0x000000070b400000, 0x000000070b400000| Untracked 
|  62|0x000000070b600000, 0x000000070b600000, 0x000000070b800000|  0%| F|  |TAMS 0x000000070b600000, 0x000000070b600000| Untracked 
|  63|0x000000070b800000, 0x000000070b800000, 0x000000070ba00000|  0%| F|  |TAMS 0x000000070b800000, 0x000000070b800000| Untracked 
|  64|0x000000070ba00000, 0x000000070ba00000, 0x000000070bc00000|  0%| F|  |TAMS 0x000000070ba00000, 0x000000070ba00000| Untracked 
|  65|0x000000070bc00000, 0x000000070bc00000, 0x000000070be00000|  0%| F|  |TAMS 0x000000070bc00000, 0x000000070bc00000| Untracked 
|  66|0x000000070be00000, 0x000000070be00000, 0x000000070c000000|  0%| F|  |TAMS 0x000000070be00000, 0x000000070be00000| Untracked 
|  67|0x000000070c000000, 0x000000070c000000, 0x000000070c200000|  0%| F|  |TAMS 0x000000070c000000, 0x000000070c000000| Untracked 
|  68|0x000000070c200000, 0x000000070c200000, 0x000000070c400000|  0%| F|  |TAMS 0x000000070c200000, 0x000000070c200000| Untracked 
|  69|0x000000070c400000, 0x000000070c400000, 0x000000070c600000|  0%| F|  |TAMS 0x000000070c400000, 0x000000070c400000| Untracked 
|  70|0x000000070c600000, 0x000000070c600000, 0x000000070c800000|  0%| F|  |TAMS 0x000000070c600000, 0x000000070c600000| Untracked 
|  71|0x000000070c800000, 0x000000070c800000, 0x000000070ca00000|  0%| F|  |TAMS 0x000000070c800000, 0x000000070c800000| Untracked 
|  72|0x000000070ca00000, 0x000000070ca00000, 0x000000070cc00000|  0%| F|  |TAMS 0x000000070ca00000, 0x000000070ca00000| Untracked 
|  73|0x000000070cc00000, 0x000000070cc00000, 0x000000070ce00000|  0%| F|  |TAMS 0x000000070cc00000, 0x000000070cc00000| Untracked 
|  74|0x000000070ce00000, 0x000000070ce00000, 0x000000070d000000|  0%| F|  |TAMS 0x000000070ce00000, 0x000000070ce00000| Untracked 
|  75|0x000000070d000000, 0x000000070d000000, 0x000000070d200000|  0%| F|  |TAMS 0x000000070d000000, 0x000000070d000000| Untracked 
|  76|0x000000070d200000, 0x000000070d200000, 0x000000070d400000|  0%| F|  |TAMS 0x000000070d200000, 0x000000070d200000| Untracked 
|  77|0x000000070d400000, 0x000000070d400000, 0x000000070d600000|  0%| F|  |TAMS 0x000000070d400000, 0x000000070d400000| Untracked 
|  78|0x000000070d600000, 0x000000070d600000, 0x000000070d800000|  0%| F|  |TAMS 0x000000070d600000, 0x000000070d600000| Untracked 
|  79|0x000000070d800000, 0x000000070d800000, 0x000000070da00000|  0%| F|  |TAMS 0x000000070d800000, 0x000000070d800000| Untracked 
|  80|0x000000070da00000, 0x000000070da00000, 0x000000070dc00000|  0%| F|  |TAMS 0x000000070da00000, 0x000000070da00000| Untracked 
|  81|0x000000070dc00000, 0x000000070dc00000, 0x000000070de00000|  0%| F|  |TAMS 0x000000070dc00000, 0x000000070dc00000| Untracked 
|  82|0x000000070de00000, 0x000000070de00000, 0x000000070e000000|  0%| F|  |TAMS 0x000000070de00000, 0x000000070de00000| Untracked 
|  83|0x000000070e000000, 0x000000070e000000, 0x000000070e200000|  0%| F|  |TAMS 0x000000070e000000, 0x000000070e000000| Untracked 
|  84|0x000000070e200000, 0x000000070e200000, 0x000000070e400000|  0%| F|  |TAMS 0x000000070e200000, 0x000000070e200000| Untracked 
|  85|0x000000070e400000, 0x000000070e400000, 0x000000070e600000|  0%| F|  |TAMS 0x000000070e400000, 0x000000070e400000| Untracked 
|  86|0x000000070e600000, 0x000000070e600000, 0x000000070e800000|  0%| F|  |TAMS 0x000000070e600000, 0x000000070e600000| Untracked 
|  87|0x000000070e800000, 0x000000070e800000, 0x000000070ea00000|  0%| F|  |TAMS 0x000000070e800000, 0x000000070e800000| Untracked 
|  88|0x000000070ea00000, 0x000000070ea00000, 0x000000070ec00000|  0%| F|  |TAMS 0x000000070ea00000, 0x000000070ea00000| Untracked 
|  89|0x000000070ec00000, 0x000000070ec00000, 0x000000070ee00000|  0%| F|  |TAMS 0x000000070ec00000, 0x000000070ec00000| Untracked 
|  90|0x000000070ee00000, 0x000000070ee00000, 0x000000070f000000|  0%| F|  |TAMS 0x000000070ee00000, 0x000000070ee00000| Untracked 
|  91|0x000000070f000000, 0x000000070f000000, 0x000000070f200000|  0%| F|  |TAMS 0x000000070f000000, 0x000000070f000000| Untracked 
|  92|0x000000070f200000, 0x000000070f200000, 0x000000070f400000|  0%| F|  |TAMS 0x000000070f200000, 0x000000070f200000| Untracked 
|  93|0x000000070f400000, 0x000000070f400000, 0x000000070f600000|  0%| F|  |TAMS 0x000000070f400000, 0x000000070f400000| Untracked 
|  94|0x000000070f600000, 0x000000070f600000, 0x000000070f800000|  0%| F|  |TAMS 0x000000070f600000, 0x000000070f600000| Untracked 
|  95|0x000000070f800000, 0x000000070f800000, 0x000000070fa00000|  0%| F|  |TAMS 0x000000070f800000, 0x000000070f800000| Untracked 
|  96|0x000000070fa00000, 0x000000070fa00000, 0x000000070fc00000|  0%| F|  |TAMS 0x000000070fa00000, 0x000000070fa00000| Untracked 
|  97|0x000000070fc00000, 0x000000070fc00000, 0x000000070fe00000|  0%| F|  |TAMS 0x000000070fc00000, 0x000000070fc00000| Untracked 
|  98|0x000000070fe00000, 0x000000070fe00000, 0x0000000710000000|  0%| F|  |TAMS 0x000000070fe00000, 0x000000070fe00000| Untracked 
|  99|0x0000000710000000, 0x0000000710000000, 0x0000000710200000|  0%| F|  |TAMS 0x0000000710000000, 0x0000000710000000| Untracked 
| 100|0x0000000710200000, 0x0000000710200000, 0x0000000710400000|  0%| F|  |TAMS 0x0000000710200000, 0x0000000710200000| Untracked 
| 101|0x0000000710400000, 0x0000000710400000, 0x0000000710600000|  0%| F|  |TAMS 0x0000000710400000, 0x0000000710400000| Untracked 
| 102|0x0000000710600000, 0x0000000710600000, 0x0000000710800000|  0%| F|  |TAMS 0x0000000710600000, 0x0000000710600000| Untracked 
| 103|0x0000000710800000, 0x0000000710800000, 0x0000000710a00000|  0%| F|  |TAMS 0x0000000710800000, 0x0000000710800000| Untracked 
| 104|0x0000000710a00000, 0x0000000710a00000, 0x0000000710c00000|  0%| F|  |TAMS 0x0000000710a00000, 0x0000000710a00000| Untracked 
| 105|0x0000000710c00000, 0x0000000710c00000, 0x0000000710e00000|  0%| F|  |TAMS 0x0000000710c00000, 0x0000000710c00000| Untracked 
| 106|0x0000000710e00000, 0x0000000710e00000, 0x0000000711000000|  0%| F|  |TAMS 0x0000000710e00000, 0x0000000710e00000| Untracked 
| 107|0x0000000711000000, 0x0000000711000000, 0x0000000711200000|  0%| F|  |TAMS 0x0000000711000000, 0x0000000711000000| Untracked 
| 108|0x0000000711200000, 0x0000000711200000, 0x0000000711400000|  0%| F|  |TAMS 0x0000000711200000, 0x0000000711200000| Untracked 
| 109|0x0000000711400000, 0x0000000711400000, 0x0000000711600000|  0%| F|  |TAMS 0x0000000711400000, 0x0000000711400000| Untracked 
| 110|0x0000000711600000, 0x0000000711600000, 0x0000000711800000|  0%| F|  |TAMS 0x0000000711600000, 0x0000000711600000| Untracked 
| 111|0x0000000711800000, 0x0000000711800000, 0x0000000711a00000|  0%| F|  |TAMS 0x0000000711800000, 0x0000000711800000| Untracked 
| 112|0x0000000711a00000, 0x0000000711a00000, 0x0000000711c00000|  0%| F|  |TAMS 0x0000000711a00000, 0x0000000711a00000| Untracked 
| 113|0x0000000711c00000, 0x0000000711c00000, 0x0000000711e00000|  0%| F|  |TAMS 0x0000000711c00000, 0x0000000711c00000| Untracked 
| 114|0x0000000711e00000, 0x0000000711e00000, 0x0000000712000000|  0%| F|  |TAMS 0x0000000711e00000, 0x0000000711e00000| Untracked 
| 115|0x0000000712000000, 0x0000000712000000, 0x0000000712200000|  0%| F|  |TAMS 0x0000000712000000, 0x0000000712000000| Untracked 
| 116|0x0000000712200000, 0x0000000712200000, 0x0000000712400000|  0%| F|  |TAMS 0x0000000712200000, 0x0000000712200000| Untracked 
| 117|0x0000000712400000, 0x0000000712400000, 0x0000000712600000|  0%| F|  |TAMS 0x0000000712400000, 0x0000000712400000| Untracked 
| 118|0x0000000712600000, 0x0000000712600000, 0x0000000712800000|  0%| F|  |TAMS 0x0000000712600000, 0x0000000712600000| Untracked 
| 119|0x0000000712800000, 0x0000000712800000, 0x0000000712a00000|  0%| F|  |TAMS 0x0000000712800000, 0x0000000712800000| Untracked 
| 120|0x0000000712a00000, 0x0000000712c00000, 0x0000000712c00000|100%| E|  |TAMS 0x0000000712a00000, 0x0000000712a00000| Complete 
| 121|0x0000000712c00000, 0x0000000712e00000, 0x0000000712e00000|100%| E|CS|TAMS 0x0000000712c00000, 0x0000000712c00000| Complete 
| 122|0x0000000712e00000, 0x0000000713000000, 0x0000000713000000|100%| E|CS|TAMS 0x0000000712e00000, 0x0000000712e00000| Complete 
| 123|0x0000000713000000, 0x0000000713200000, 0x0000000713200000|100%| E|CS|TAMS 0x0000000713000000, 0x0000000713000000| Complete 
| 124|0x0000000713200000, 0x0000000713400000, 0x0000000713400000|100%| E|CS|TAMS 0x0000000713200000, 0x0000000713200000| Complete 
| 125|0x0000000713400000, 0x0000000713600000, 0x0000000713600000|100%| E|CS|TAMS 0x0000000713400000, 0x0000000713400000| Complete 
| 126|0x0000000713600000, 0x0000000713800000, 0x0000000713800000|100%| E|CS|TAMS 0x0000000713600000, 0x0000000713600000| Complete 

Card table byte_map: [0x000001b12ab60000,0x000001b12b350000] _byte_map_base: 0x000001b127343000

Marking Bits (Prev, Next): (CMBitMap*) 0x000001b11164fb80, (CMBitMap*) 0x000001b11164fbc0
 Prev Bits: [0x000001b12bb40000, 0x000001b12fa58000)
 Next Bits: [0x000001b12fa60000, 0x000001b133978000)

Polling page: 0x000001b111420000

Metaspace:

Usage:
  Non-class:     10.03 MB used.
      Class:      1.30 MB used.
       Both:     11.33 MB used.

Virtual space:
  Non-class space:       64.00 MB reserved,      10.12 MB ( 16%) committed,  1 nodes.
      Class space:        1.00 GB reserved,       1.44 MB ( <1%) committed,  1 nodes.
             Both:        1.06 GB reserved,      11.56 MB (  1%) committed. 

Chunk freelists:
   Non-Class:  1.00 MB
       Class:  2.61 MB
        Both:  3.61 MB

MaxMetaspaceSize: unlimited
CompressedClassSpaceSize: 1.00 GB
Initial GC threshold: 21.00 MB
Current GC threshold: 21.00 MB
CDS: on
MetaspaceReclaimPolicy: balanced
 - commit_granule_bytes: 65536.
 - commit_granule_words: 8192.
 - virtual_space_node_default_size: 8388608.
 - enlarge_chunks_in_place: 1.
 - new_chunks_are_fully_committed: 0.
 - uncommit_free_chunks: 1.
 - use_allocation_guard: 0.


Internal statistics:

num_allocs_failed_limit: 0.
num_arena_births: 140.
num_arena_deaths: 0.
num_vsnodes_births: 2.
num_vsnodes_deaths: 0.
num_space_committed: 185.
num_space_uncommitted: 0.
num_chunks_returned_to_freelist: 0.
num_chunks_taken_from_freelist: 220.
num_chunk_merges: 0.
num_chunk_splits: 116.
num_chunks_enlarged: 41.
num_inconsistent_stats: 0.

CodeHeap 'non-profiled nmethods': size=120000Kb used=460Kb max_used=460Kb free=119540Kb
 bounds [0x000001b1221b0000, 0x000001b122420000, 0x000001b1296e0000]
CodeHeap 'profiled nmethods': size=120000Kb used=2901Kb max_used=2901Kb free=117099Kb
 bounds [0x000001b11ac80000, 0x000001b11af60000, 0x000001b1221b0000]
CodeHeap 'non-nmethods': size=5760Kb used=1331Kb max_used=1363Kb free=4428Kb
 bounds [0x000001b11a6e0000, 0x000001b11a950000, 0x000001b11ac80000]
 total_blobs=2163 nmethods=1523 adapters=552
 compilation: enabled
              stopped_count=0, restarted_count=0
 full_count=0

Compilation events (20 events):
Event: 6.327 Thread 0x000001b13665c320 nmethod 1514 0x000001b11af52490 code [0x000001b11af52760, 0x000001b11af53c78]
Event: 6.438 Thread 0x000001b13665c320 1515       3       javax.swing.JComponent::isDoubleBuffered (6 bytes)
Event: 6.438 Thread 0x000001b13665c320 nmethod 1515 0x000001b11af54010 code [0x000001b11af541a0, 0x000001b11af54378]
Event: 6.438 Thread 0x000001b13665c320 1516       3       sun.java2d.pipe.ValidatePipe::validate (6 bytes)
Event: 6.439 Thread 0x000001b13665c320 nmethod 1516 0x000001b11af54410 code [0x000001b11af545e0, 0x000001b11af54938]
Event: 6.439 Thread 0x000001b13665c320 1517       3       sun.java2d.SunGraphics2D::validatePipe (30 bytes)
Event: 6.439 Thread 0x000001b13665c320 nmethod 1517 0x000001b11af54a90 code [0x000001b11af54c40, 0x000001b11af54f38]
Event: 6.553 Thread 0x000001b13665c320 1518       1       sun.awt.windows.WObjectPeer::isDisposed (5 bytes)
Event: 6.553 Thread 0x000001b13665c320 nmethod 1518 0x000001b122216a10 code [0x000001b122216ba0, 0x000001b122216c78]
Event: 6.774 Thread 0x000001b13665c320 1519       3       java.awt.Rectangle::reshape (22 bytes)
Event: 6.774 Thread 0x000001b13665c320 nmethod 1519 0x000001b11af55090 code [0x000001b11af55220, 0x000001b11af55338]
Event: 6.853 Thread 0x000001b13662f5b0 1520       4       java.awt.Container::getMouseEventTarget (50 bytes)
Event: 6.863 Thread 0x000001b13662f5b0 nmethod 1520 0x000001b122216d10 code [0x000001b122216f60, 0x000001b122218548]
Event: 6.936 Thread 0x000001b13662f5b0 1521       4       java.security.AccessController::getContext (23 bytes)
Event: 6.941 Thread 0x000001b13662f5b0 nmethod 1521 0x000001b122219290 code [0x000001b122219460, 0x000001b122219a50]
Event: 7.100 Thread 0x000001b13662f5b0 1522       4       java.lang.Object::equals (11 bytes)
Event: 7.101 Thread 0x000001b13662f5b0 nmethod 1522 0x000001b122219f10 code [0x000001b12221a080, 0x000001b12221a118]
Event: 7.664 Thread 0x000001b13662f5b0 1523   !   4       sun.awt.PostEventQueue::flush (168 bytes)
Event: 7.762 Thread 0x000001b13662f5b0 nmethod 1523 0x000001b12221a210 code [0x000001b12221a6a0, 0x000001b1222206d0]
Event: 245.649 Thread 0x000001b13662f5b0 1524  s    4       sun.java2d.loops.GraphicsPrimitive::makeUniqueID (26 bytes)

GC Heap History (0 events):
No events

Deoptimization events (20 events):
Event: 0.267 Thread 0x000001b1115df7a0 Uncommon trap: trap_request=0xffffff45 fr.pc=0x000001b1221d2690 relative=0x0000000000000210
Event: 0.267 Thread 0x000001b1115df7a0 Uncommon trap: reason=unstable_if action=reinterpret pc=0x000001b1221d2690 method=java.lang.StringUTF16.compress([CI[BII)I @ 20 c2
Event: 0.267 Thread 0x000001b1115df7a0 DEOPT PACKING pc=0x000001b1221d2690 sp=0x0000004647bfe720
Event: 0.267 Thread 0x000001b1115df7a0 DEOPT UNPACKING pc=0x000001b11a735c23 sp=0x0000004647bfe6a0 mode 2
Event: 0.345 Thread 0x000001b1115df7a0 Uncommon trap: trap_request=0xffffff45 fr.pc=0x000001b1221db794 relative=0x0000000000000454
Event: 0.345 Thread 0x000001b1115df7a0 Uncommon trap: reason=unstable_if action=reinterpret pc=0x000001b1221db794 method=java.lang.StringLatin1.replace([BCC)Ljava/lang/String; @ 19 c2
Event: 0.345 Thread 0x000001b1115df7a0 DEOPT PACKING pc=0x000001b1221db794 sp=0x0000004647bfe480
Event: 0.345 Thread 0x000001b1115df7a0 DEOPT UNPACKING pc=0x000001b11a735c23 sp=0x0000004647bfe400 mode 2
Event: 0.364 Thread 0x000001b1115df7a0 Uncommon trap: trap_request=0xffffff45 fr.pc=0x000001b1221d703c relative=0x000000000000041c
Event: 0.364 Thread 0x000001b1115df7a0 Uncommon trap: reason=unstable_if action=reinterpret pc=0x000001b1221d703c method=java.lang.StringLatin1.newString([BII)Ljava/lang/String; @ 1 c2
Event: 0.364 Thread 0x000001b1115df7a0 DEOPT PACKING pc=0x000001b1221d703c sp=0x0000004647bfebc0
Event: 0.364 Thread 0x000001b1115df7a0 DEOPT UNPACKING pc=0x000001b11a735c23 sp=0x0000004647bfeb88 mode 2
Event: 0.620 Thread 0x000001b1115df7a0 Uncommon trap: trap_request=0xffffff45 fr.pc=0x000001b1221e3ba8 relative=0x0000000000000508
Event: 0.620 Thread 0x000001b1115df7a0 Uncommon trap: reason=unstable_if action=reinterpret pc=0x000001b1221e3ba8 method=java.lang.StringLatin1.newString([BII)Ljava/lang/String; @ 1 c2
Event: 0.620 Thread 0x000001b1115df7a0 DEOPT PACKING pc=0x000001b1221e3ba8 sp=0x0000004647bfe4e0
Event: 0.620 Thread 0x000001b1115df7a0 DEOPT UNPACKING pc=0x000001b11a735c23 sp=0x0000004647bfe440 mode 2
Event: 7.950 Thread 0x000001b13b6c9000 Uncommon trap: trap_request=0xffffff45 fr.pc=0x000001b12221d7f4 relative=0x0000000000003154
Event: 7.950 Thread 0x000001b13b6c9000 Uncommon trap: reason=unstable_if action=reinterpret pc=0x000001b12221d7f4 method=java.awt.EventQueue.getPriority(Ljava/awt/AWTEvent;)I @ 4 c2
Event: 7.950 Thread 0x000001b13b6c9000 DEOPT PACKING pc=0x000001b12221d7f4 sp=0x00000046492fe850
Event: 7.950 Thread 0x000001b13b6c9000 DEOPT UNPACKING pc=0x000001b11a735c23 sp=0x00000046492fe718 mode 2

Classes loaded (20 events):
Event: 2.138 Loading class javax/swing/JInternalFrame
Event: 2.139 Loading class javax/swing/JInternalFrame done
Event: 2.261 Loading class javax/swing/Timer$1
Event: 2.261 Loading class javax/swing/Timer$1 done
Event: 5.389 Loading class java/awt/Canvas
Event: 5.389 Loading class java/awt/Canvas done
Event: 5.390 Loading class java/awt/Scrollbar
Event: 5.390 Loading class java/awt/Scrollbar done
Event: 7.697 Loading class java/awt/LightweightDispatcher$2
Event: 7.697 Loading class java/awt/LightweightDispatcher$2 done
Event: 7.926 Loading class java/awt/KeyboardFocusManager$2
Event: 7.926 Loading class java/awt/KeyboardFocusManager$2 done
Event: 7.927 Loading class sun/awt/SunToolkit$1
Event: 7.927 Loading class sun/awt/SunToolkit$1 done
Event: 245.647 Loading class java/util/WeakHashMap$KeyIterator
Event: 245.647 Loading class java/util/WeakHashMap$HashIterator
Event: 245.647 Loading class java/util/WeakHashMap$HashIterator done
Event: 245.647 Loading class java/util/WeakHashMap$KeyIterator done
Event: 245.647 Loading class javax/swing/RepaintManager$DisplayChangedRunnable
Event: 245.647 Loading class javax/swing/RepaintManager$DisplayChangedRunnable done

Classes unloaded (0 events):
No events

Classes redefined (0 events):
No events

Internal exceptions (17 events):
Event: 0.077 Thread 0x000001b1115df7a0 Exception <a 'java/lang/ClassNotFoundException'{0x00000007137e0708}: sun/awt/resources/spi/awtProvider> (0x00000007137e0708) 
thrown [s\open\src\hotspot\share\classfile\systemDictionary.cpp, line 255]
Event: 0.095 Thread 0x000001b1115df7a0 Exception <a 'java/io/FileNotFoundException'{0x0000000713435f48}> (0x0000000713435f48) 
thrown [s\open\src\hotspot\share\prims\jni.cpp, line 516]
Event: 0.101 Thread 0x000001b1115df7a0 Exception <a 'java/io/FileNotFoundException'{0x0000000713462f78}> (0x0000000713462f78) 
thrown [s\open\src\hotspot\share\prims\jni.cpp, line 516]
Event: 0.134 Thread 0x000001b1115df7a0 Exception <a 'java/lang/NoSuchMethodError'{0x00000007134ad2d8}: 'java.lang.Object java.lang.invoke.DirectMethodHandle$Holder.invokeStaticInit(java.lang.Object)'> (0x00000007134ad2d8) 
thrown [s\open\src\hotspot\share\interpreter\linkResolver.cpp, line 766]
Event: 0.166 Thread 0x000001b1115df7a0 Exception <a 'java/lang/NoSuchMethodError'{0x0000000713567a60}: 'void java.lang.invoke.DirectMethodHandle$Holder.invokeSpecial(java.lang.Object, java.lang.Object, java.lang.Object)'> (0x0000000713567a60) 
thrown [s\open\src\hotspot\share\interpreter\linkResolver.cpp, line 766]
Event: 0.175 Thread 0x000001b1115df7a0 Exception <a 'java/lang/NoSuchMethodError'{0x0000000713592960}: 'java.lang.Object java.lang.invoke.DirectMethodHandle$Holder.newInvokeSpecial(java.lang.Object, java.lang.Object, java.lang.Object, java.lang.Object, java.lang.Object)'> (0x0000000713592960) 
thrown [s\open\src\hotspot\share\interpreter\linkResolver.cpp, line 766]
Event: 0.181 Thread 0x000001b1115df7a0 Exception <a 'java/lang/NoSuchMethodError'{0x00000007135c46f8}: 'java.lang.Object java.lang.invoke.DirectMethodHandle$Holder.invokeStatic(java.lang.Object, int, java.lang.Object)'> (0x00000007135c46f8) 
thrown [s\open\src\hotspot\share\interpreter\linkResolver.cpp, line 766]
Event: 0.204 Thread 0x000001b1115df7a0 Exception <a 'java/lang/ClassNotFoundException'{0x0000000713281e18}: com/sun/swing/internal/plaf/metal/resources/spi/metalProvider> (0x0000000713281e18) 
thrown [s\open\src\hotspot\share\classfile\systemDictionary.cpp, line 255]
Event: 0.205 Thread 0x000001b1115df7a0 Exception <a 'java/lang/ClassNotFoundException'{0x0000000713285ea0}: com/sun/swing/internal/plaf/basic/resources/spi/basicProvider> (0x0000000713285ea0) 
thrown [s\open\src\hotspot\share\classfile\systemDictionary.cpp, line 255]
Event: 0.213 Thread 0x000001b1115df7a0 Exception <a 'java/lang/NoSuchMethodError'{0x00000007132a69a8}: 'int java.lang.invoke.Invokers$Holder.invokeExact_MT(java.lang.Object, java.lang.Object)'> (0x00000007132a69a8) 
thrown [s\open\src\hotspot\share\interpreter\linkResolver.cpp, line 766]
Event: 0.245 Thread 0x000001b13abca010 Exception <a 'java/lang/NoSuchMethodError'{0x00000007133f81b0}: 'java.lang.Object java.lang.invoke.DirectMethodHandle$Holder.newInvokeSpecial(java.lang.Object, java.lang.Object, java.lang.Object, int, int, int, int, int)'> (0x00000007133f81b0) 
thrown [s\open\src\hotspot\share\interpreter\linkResolver.cpp, line 766]
Event: 0.302 Thread 0x000001b1115df7a0 Exception <a 'java/lang/NoSuchMethodError'{0x0000000713103540}: 'void java.lang.invoke.DirectMethodHandle$Holder.invokeStatic(java.lang.Object, java.lang.Object, java.lang.Object)'> (0x0000000713103540) 
thrown [s\open\src\hotspot\share\interpreter\linkResolver.cpp, line 766]
Event: 0.303 Thread 0x000001b1115df7a0 Exception <a 'java/lang/NoSuchMethodError'{0x00000007131099e8}: 'void java.lang.invoke.DirectMethodHandle$Holder.invokeStatic(java.lang.Object, java.lang.Object)'> (0x00000007131099e8) 
thrown [s\open\src\hotspot\share\interpreter\linkResolver.cpp, line 766]
Event: 0.356 Thread 0x000001b1115df7a0 Exception <a 'java/lang/NoSuchMethodError'{0x00000007131903d0}: 'void java.lang.invoke.DirectMethodHandle$Holder.invokeStaticInit(java.lang.Object)'> (0x00000007131903d0) 
thrown [s\open\src\hotspot\share\interpreter\linkResolver.cpp, line 766]
Event: 0.410 Thread 0x000001b1115df7a0 Exception <a 'java/lang/NoSuchMethodError'{0x0000000712f02f60}: 'java.lang.Object java.lang.invoke.DirectMethodHandle$Holder.invokeStaticInit(java.lang.Object, int, int, int, int)'> (0x0000000712f02f60) 
thrown [s\open\src\hotspot\share\interpreter\linkResolver.cpp, line 766]
Event: 0.473 Thread 0x000001b1115df7a0 Exception <a 'java/lang/NoSuchMethodError'{0x0000000712fd91f0}: 'java.lang.Object java.lang.invoke.DirectMethodHandle$Holder.invokeStaticInit(java.lang.Object, java.lang.Object, int, int, int, int)'> (0x0000000712fd91f0) 
thrown [s\open\src\hotspot\share\interpreter\linkResolver.cpp, line 766]
Event: 0.525 Thread 0x000001b13ab55520 Exception <a 'java/lang/NoSuchMethodError'{0x00000007134f1510}: 'void java.lang.invoke.DirectMethodHandle$Holder.invokeVirtual(java.lang.Object, java.lang.Object)'> (0x00000007134f1510) 
thrown [s\open\src\hotspot\share\interpreter\linkResolver.cpp, line 766]

VM Operations (20 events):
Event: 0.660 Executing VM operation: HandshakeAllThreads
Event: 0.660 Executing VM operation: HandshakeAllThreads done
Event: 0.686 Executing VM operation: HandshakeAllThreads
Event: 0.686 Executing VM operation: HandshakeAllThreads done
Event: 1.694 Executing VM operation: Cleanup
Event: 1.695 Executing VM operation: Cleanup done
Event: 2.701 Executing VM operation: Cleanup
Event: 2.701 Executing VM operation: Cleanup done
Event: 3.710 Executing VM operation: Cleanup
Event: 3.710 Executing VM operation: Cleanup done
Event: 4.717 Executing VM operation: Cleanup
Event: 4.717 Executing VM operation: Cleanup done
Event: 5.724 Executing VM operation: Cleanup
Event: 5.725 Executing VM operation: Cleanup done
Event: 6.734 Executing VM operation: Cleanup
Event: 6.735 Executing VM operation: Cleanup done
Event: 7.746 Executing VM operation: Cleanup
Event: 7.746 Executing VM operation: Cleanup done
Event: 8.751 Executing VM operation: Cleanup
Event: 8.751 Executing VM operation: Cleanup done

Events (20 events):
Event: 0.044 Thread 0x000001b13a8dafd0 Thread added: 0x000001b13a8dafd0
Event: 0.053 Loaded shared library C:\Program Files\Java\jdk-18.0.1\bin\net.dll
Event: 0.055 Loaded shared library C:\Program Files\Java\jdk-18.0.1\bin\nio.dll
Event: 0.059 Loaded shared library C:\Program Files\Java\jdk-18.0.1\bin\zip.dll
Event: 0.073 Loaded shared library C:\Program Files\Java\jdk-18.0.1\bin\jimage.dll
Event: 0.087 Loaded shared library C:\Program Files\Java\jdk-18.0.1\bin\awt.dll
Event: 0.135 Thread 0x000001b13a969840 Thread added: 0x000001b13a969840
Event: 0.135 Thread 0x000001b13ab525a0 Thread added: 0x000001b13ab525a0
Event: 0.136 Thread 0x000001b13ab55520 Thread added: 0x000001b13ab55520
Event: 0.219 Thread 0x000001b13abca010 Thread added: 0x000001b13abca010
Event: 0.254 Thread 0x000001b13b6c9000 Thread added: 0x000001b13b6c9000
Event: 0.259 Loaded shared library C:\Program Files\Java\jdk-18.0.1\bin\freetype.dll
Event: 0.260 Loaded shared library C:\Program Files\Java\jdk-18.0.1\bin\fontmanager.dll
Event: 0.347 Loaded shared library C:\Program Files\Java\jdk-18.0.1\bin\verify.dll
Event: 0.489 Thread 0x000001b13b922f70 Thread added: 0x000001b13b922f70
Event: 0.656 Thread 0x000001b1115df7a0 Thread exited: 0x000001b1115df7a0
Event: 0.656 Thread 0x000001b13b79a120 Thread added: 0x000001b13b79a120
Event: 0.867 Thread 0x000001b13b922f70 Thread exited: 0x000001b13b922f70
Event: 1.752 Thread 0x000001b13b797aa0 Thread added: 0x000001b13b797aa0
Event: 5.562 Thread 0x000001b13abca010 Thread exited: 0x000001b13abca010


Dynamic libraries:
0x00007ff665b30000 - 0x00007ff665b40000 	C:\Program Files\Java\jdk-18.0.1\bin\javaw.exe
0x00007ffe5b4b0000 - 0x00007ffe5b6a8000 	C:\Windows\SYSTEM32\ntdll.dll
0x00007ffe5b3b0000 - 0x00007ffe5b46f000 	C:\Windows\System32\KERNEL32.DLL
0x00007ffe58f70000 - 0x00007ffe59242000 	C:\Windows\System32\KERNELBASE.dll
0x00007ffe58bb0000 - 0x00007ffe58cb0000 	C:\Windows\System32\ucrtbase.dll
0x00007ffe519a0000 - 0x00007ffe519ba000 	C:\Program Files\Java\jdk-18.0.1\bin\VCRUNTIME140.dll
0x00007ffe50850000 - 0x00007ffe50868000 	C:\Program Files\Java\jdk-18.0.1\bin\jli.dll
0x00007ffe59520000 - 0x00007ffe595ce000 	C:\Windows\System32\ADVAPI32.dll
0x00007ffe5b0c0000 - 0x00007ffe5b15e000 	C:\Windows\System32\msvcrt.dll
0x00007ffe59b60000 - 0x00007ffe59bfc000 	C:\Windows\System32\sechost.dll
0x00007ffe5b160000 - 0x00007ffe5b284000 	C:\Windows\System32\RPCRT4.dll
0x00007ffe5a8f0000 - 0x00007ffe5aa91000 	C:\Windows\System32\USER32.dll
0x00007ffe592e0000 - 0x00007ffe59302000 	C:\Windows\System32\win32u.dll
0x00007ffe43a70000 - 0x00007ffe43d0a000 	C:\Windows\WinSxS\amd64_microsoft.windows.common-controls_6595b64144ccf1df_6.0.19041.1110_none_60b5254171f9507e\COMCTL32.dll
0x00007ffe5acc0000 - 0x00007ffe5aceb000 	C:\Windows\System32\GDI32.dll
0x00007ffe593f0000 - 0x00007ffe594ff000 	C:\Windows\System32\gdi32full.dll
0x00007ffe58e10000 - 0x00007ffe58ead000 	C:\Windows\System32\msvcp_win.dll
0x00007ffe4e860000 - 0x00007ffe4e86a000 	C:\Windows\SYSTEM32\VERSION.dll
0x00007ffe5a6b0000 - 0x00007ffe5a6e0000 	C:\Windows\System32\IMM32.DLL
0x00007ffe51c50000 - 0x00007ffe51c5c000 	C:\Program Files\Java\jdk-18.0.1\bin\vcruntime140_1.dll
0x00007ffe4f8d0000 - 0x00007ffe4f95d000 	C:\Program Files\Java\jdk-18.0.1\bin\msvcp140.dll
0x00007ffe06c70000 - 0x00007ffe07880000 	C:\Program Files\Java\jdk-18.0.1\bin\server\jvm.dll
0x00007ffe59a40000 - 0x00007ffe59a48000 	C:\Windows\System32\PSAPI.DLL
0x00007ffe45dd0000 - 0x00007ffe45df7000 	C:\Windows\SYSTEM32\WINMM.dll
0x00007ffe380f0000 - 0x00007ffe380f9000 	C:\Windows\SYSTEM32\WSOCK32.dll
0x00007ffe5aab0000 - 0x00007ffe5ab1b000 	C:\Windows\System32\WS2_32.dll
0x00007ffe57400000 - 0x00007ffe57412000 	C:\Windows\SYSTEM32\kernel.appcore.dll
0x00007ffe4fa40000 - 0x00007ffe4fa4a000 	C:\Program Files\Java\jdk-18.0.1\bin\jimage.dll
0x00007ffe56980000 - 0x00007ffe56b64000 	C:\Windows\SYSTEM32\DBGHELP.DLL
0x00007ffe3ff60000 - 0x00007ffe3ff95000 	C:\Windows\SYSTEM32\dbgcore.DLL
0x00007ffe59250000 - 0x00007ffe592d2000 	C:\Windows\System32\bcryptPrimitives.dll
0x00007ffe4fa10000 - 0x00007ffe4fa35000 	C:\Program Files\Java\jdk-18.0.1\bin\java.dll
0x00007ffe4f400000 - 0x00007ffe4f4d6000 	C:\Program Files\Java\jdk-18.0.1\bin\jsvml.dll
0x00007ffe59c00000 - 0x00007ffe5a345000 	C:\Windows\System32\SHELL32.dll
0x00007ffe56c50000 - 0x00007ffe573e2000 	C:\Windows\SYSTEM32\windows.storage.dll
0x00007ffe5a350000 - 0x00007ffe5a6a5000 	C:\Windows\System32\combase.dll
0x00007ffe58610000 - 0x00007ffe58640000 	C:\Windows\SYSTEM32\Wldp.dll
0x00007ffe5af50000 - 0x00007ffe5affd000 	C:\Windows\System32\SHCORE.dll
0x00007ffe5a6e0000 - 0x00007ffe5a735000 	C:\Windows\System32\shlwapi.dll
0x00007ffe58af0000 - 0x00007ffe58b0f000 	C:\Windows\SYSTEM32\profapi.dll
0x00007ffe4f8b0000 - 0x00007ffe4f8c3000 	C:\Program Files\Java\jdk-18.0.1\bin\net.dll
0x00007ffe4d750000 - 0x00007ffe4d85a000 	C:\Windows\SYSTEM32\WINHTTP.dll
0x00007ffe58370000 - 0x00007ffe583da000 	C:\Windows\system32\mswsock.dll
0x00007ffe4f890000 - 0x00007ffe4f8a6000 	C:\Program Files\Java\jdk-18.0.1\bin\nio.dll
0x00007ffe4f3e0000 - 0x00007ffe4f3f8000 	C:\Program Files\Java\jdk-18.0.1\bin\zip.dll
0x00007ffe16810000 - 0x00007ffe1699f000 	C:\Program Files\Java\jdk-18.0.1\bin\awt.dll
0x00007ffe5ae20000 - 0x00007ffe5aeed000 	C:\Windows\System32\OLEAUT32.dll
0x00007ffe53760000 - 0x00007ffe537f0000 	C:\Windows\SYSTEM32\apphelp.dll
0x00007ffe561e0000 - 0x00007ffe5620f000 	C:\Windows\system32\DWMAPI.DLL
0x00007ffe538a0000 - 0x00007ffe5393e000 	C:\Windows\system32\uxtheme.dll
0x00007ffe35b50000 - 0x00007ffe35c75000 	C:\Windows\system32\opengl32.dll
0x00007ffe45440000 - 0x00007ffe4546c000 	C:\Windows\SYSTEM32\GLU32.dll
0x00007ffe5b290000 - 0x00007ffe5b3a4000 	C:\Windows\System32\MSCTF.dll
0x00007ffe5acf0000 - 0x00007ffe5ae1a000 	C:\Windows\System32\ole32.dll
0x00007ffe460e0000 - 0x00007ffe46169000 	C:\Program Files\Java\jdk-18.0.1\bin\freetype.dll
0x00007ffe44ff0000 - 0x00007ffe45098000 	C:\Program Files\Java\jdk-18.0.1\bin\fontmanager.dll
0x00007ffe4fa00000 - 0x00007ffe4fa10000 	C:\Program Files\Java\jdk-18.0.1\bin\verify.dll
0x00007ffe58560000 - 0x00007ffe58578000 	C:\Windows\SYSTEM32\CRYPTSP.dll
0x00007ffe57c20000 - 0x00007ffe57c54000 	C:\Windows\system32\rsaenh.dll
0x00007ffe593c0000 - 0x00007ffe593e7000 	C:\Windows\System32\bcrypt.dll
0x00007ffe58ab0000 - 0x00007ffe58ade000 	C:\Windows\SYSTEM32\USERENV.dll
0x00007ffe58580000 - 0x00007ffe5858c000 	C:\Windows\SYSTEM32\CRYPTBASE.dll
0x00007ffe58010000 - 0x00007ffe5804b000 	C:\Windows\SYSTEM32\IPHLPAPI.DLL
0x00007ffe5ab20000 - 0x00007ffe5ab28000 	C:\Windows\System32\NSI.dll
0x00007ffe4ed70000 - 0x00007ffe4ed87000 	C:\Windows\SYSTEM32\dhcpcsvc6.DLL
0x00007ffe4edb0000 - 0x00007ffe4edcd000 	C:\Windows\SYSTEM32\dhcpcsvc.DLL
0x00007ffe58060000 - 0x00007ffe5812b000 	C:\Windows\SYSTEM32\DNSAPI.dll
0x00007ffe5ac10000 - 0x00007ffe5acb9000 	C:\Windows\System32\clbcatq.dll
0x00007ffe4fa60000 - 0x00007ffe4fc14000 	C:\Windows\SYSTEM32\WindowsCodecs.dll
0x00007ffe316a0000 - 0x00007ffe316de000 	C:\Windows\system32\dataexchange.dll
0x00007ffe529f0000 - 0x00007ffe52c53000 	C:\Windows\system32\d3d11.dll
0x00007ffe52c60000 - 0x00007ffe52e43000 	C:\Windows\system32\dcomp.dll
0x00007ffe57470000 - 0x00007ffe57563000 	C:\Windows\system32\dxgi.dll
0x00007ffe50e70000 - 0x00007ffe51070000 	C:\Windows\system32\twinapi.appcore.dll
0x00007ffe343e0000 - 0x00007ffe344d9000 	C:\Windows\SYSTEM32\textinputframework.dll
0x00007ffe53530000 - 0x00007ffe53622000 	C:\Windows\System32\CoreMessaging.dll
0x00007ffe531d0000 - 0x00007ffe5352e000 	C:\Windows\System32\CoreUIComponents.dll
0x00007ffe57d40000 - 0x00007ffe57d73000 	C:\Windows\SYSTEM32\ntmarta.dll
0x00007ffe51e70000 - 0x00007ffe51fc4000 	C:\Windows\SYSTEM32\wintypes.dll

dbghelp: loaded successfully - version: 4.0.5 - missing functions: none
symbol engine: initialized successfully - sym options: 0x614 - pdb path: .;C:\Program Files\Java\jdk-18.0.1\bin;C:\Windows\SYSTEM32;C:\Windows\WinSxS\amd64_microsoft.windows.common-controls_6595b64144ccf1df_6.0.19041.1110_none_60b5254171f9507e;C:\Program Files\Java\jdk-18.0.1\bin\server

VM Arguments:
jvm_args: -Dfile.encoding=UTF-8 -XX:+ShowCodeDetailsInExceptionMessages 
java_command: UI.Tour_GUI
java_class_path (initial): D:\Learn\HK04-LTHSK-JAVA\BaiNhom\CongTyDuLich\SourceCode\bin;D:\Learn\HK04-LTHSK-JAVA\BaiNhom\CongTyDuLich\SourceCode\Lib\sqljdbc42.jar;D:\Learn\HK04-LTHSK-JAVA\BaiNhom\CongTyDuLich\SourceCode\Lib\jdatepicker-1.3.4.jar
Launcher Type: SUN_STANDARD

[Global flags]
     intx CICompilerCount                          = 4                                         {product} {ergonomic}
     uint ConcGCThreads                            = 3                                         {product} {ergonomic}
     uint G1ConcRefinementThreads                  = 10                                        {product} {ergonomic}
   size_t G1HeapRegionSize                         = 2097152                                   {product} {ergonomic}
    uintx GCDrainStackTargetSize                   = 64                                        {product} {ergonomic}
   size_t InitialHeapSize                          = 266338304                                 {product} {ergonomic}
   size_t MarkStackSize                            = 4194304                                   {product} {ergonomic}
   size_t MaxHeapSize                              = 4234149888                                {product} {ergonomic}
   size_t MaxNewSize                               = 2539651072                                {product} {ergonomic}
   size_t MinHeapDeltaBytes                        = 2097152                                   {product} {ergonomic}
   size_t MinHeapSize                              = 8388608                                   {product} {ergonomic}
    uintx NonNMethodCodeHeapSize                   = 5839372                                {pd product} {ergonomic}
    uintx NonProfiledCodeHeapSize                  = 122909434                              {pd product} {ergonomic}
    uintx ProfiledCodeHeapSize                     = 122909434                              {pd product} {ergonomic}
    uintx ReservedCodeCacheSize                    = 251658240                              {pd product} {ergonomic}
     bool SegmentedCodeCache                       = true                                      {product} {ergonomic}
     bool ShowCodeDetailsInExceptionMessages       = true                                   {manageable} {command line}
   size_t SoftMaxHeapSize                          = 4234149888                             {manageable} {ergonomic}
     bool UseCompressedClassPointers               = true                           {product lp64_product} {ergonomic}
     bool UseCompressedOops                        = true                           {product lp64_product} {ergonomic}
     bool UseG1GC                                  = true                                      {product} {ergonomic}
     bool UseLargePagesIndividualAllocation        = false                                  {pd product} {ergonomic}

Logging:
Log output configuration:
 #0: stdout all=warning uptime,level,tags foldmultilines=false
 #1: stderr all=off uptime,level,tags foldmultilines=false

Environment Variables:
PATH=C:\Program Files\Common Files\Oracle\Java\javapath;C:\Windows\system32;C:\Windows;C:\Windows\System32\Wbem;C:\Windows\System32\WindowsPowerShell\v1.0\;C:\Windows\System32\OpenSSH\;C:\Program Files (x86)\NVIDIA Corporation\PhysX\Common;C:\Program Files\NVIDIA Corporation\NVIDIA NvDLISR;C:\Program Files\Git\cmd;C:\Program Files\Microsoft SQL Server\Client SDK\ODBC\170\Tools\Binn\;C:\Program Files (x86)\Microsoft SQL Server\150\Tools\Binn\;C:\Program Files\Microsoft SQL Server\150\Tools\Binn\;C:\Program Files\Microsoft SQL Server\150\DTS\Binn\;C:\Program Files (x86)\Microsoft SQL Server\150\DTS\Binn\;C:\Program Files\Azure Data Studio\bin;C:\Program Files\MongoDB\Server\5.0\bin;D:\Program Files\MongoDB\Tools\100\bin;D:\Program Files\Microsoft SQL Server\sqljdbc_12.2\enu\auth\x64;C:\Users\ACER\AppData\Local\Microsoft\WindowsApps;C:\Users\ACER\AppData\Local\GitHubDesktop\bin;C:\msys64\mingw64\bin;C:\Users\ACER\AppData\Local\Programs\Microsoft VS Code\bin;C:\Program Files\Azure Data Studio\bin;C:\Users\ACER\AppData\Local\Programs\mongosh\
USERNAME=ACER
OS=Windows_NT
PROCESSOR_IDENTIFIER=Intel64 Family 6 Model 141 Stepping 1, GenuineIntel



---------------  S Y S T E M  ---------------

OS:
 Windows 10 , 64 bit Build 19041 (10.0.19041.2546)
OS uptime: 8 days 6:13 hours

CPU: total 12 (initial active 12) (6 cores per cpu, 2 threads per core) family 6 model 141 stepping 1 microcode 0x3c, cx8, cmov, fxsr, ht, mmx, 3dnowpref, sse, sse2, sse3, ssse3, sse4.1, sse4.2, popcnt, lzcnt, tsc, tscinvbit, avx, avx2, aes, erms, clmul, bmi1, bmi2, adx, avx512f, avx512dq, avx512cd, avx512bw, avx512vl, sha, fma, vzeroupper, avx512_vpopcntdq, avx512_vpclmulqdq, avx512_vaes, avx512_vnni, clflush, clflushopt, clwb, avx512_vbmi2, avx512_vbmi

Memory: 4k page, system-wide physical 16147M (2687M free)
TotalPageFile size 38652M (AvailPageFile size 0M)
current process WorkingSet (physical memory assigned to process): 86M, peak: 97M
current process commit charge ("private bytes"): 370M, peak: 381M

vm_info: Java HotSpot(TM) 64-Bit Server VM (18.0.1+10-24) for windows-amd64 JRE (18.0.1+10-24), built on Mar  9 2022 22:41:56 by "mach5one" with MS VC++ 16.8 / 16.9 (VS2019)

END.
