#
# There is insufficient memory for the Java Runtime Environment to continue.
# Native memory allocation (malloc) failed to allocate 32744 bytes for Chunk::new
# Possible reasons:
#   The system is out of physical RAM or swap space
#   The process is running with CompressedOops enabled, and the Java Heap may be blocking the growth of the native heap
# Possible solutions:
#   Reduce memory load on the system
#   Increase physical memory or swap space
#   Check if swap backing store is full
#   Decrease Java heap size (-Xmx/-Xms)
#   Decrease number of Java threads
#   Decrease Java thread stack sizes (-Xss)
#   Set larger code cache with -XX:ReservedCodeCacheSize=
#   JVM is running with Zero Based Compressed Oops mode in which the Java heap is
#     placed in the first 32GB address space. The Java Heap base address is the
#     maximum limit for the native heap growth. Please use -XX:HeapBaseMinAddress
#     to set the Java Heap base and to place the Java Heap above 32GB virtual address.
# This output file may be truncated or incomplete.
#
#  Out of Memory Error (arena.cpp:184), pid=10216, tid=28380
#
# JRE version: Java(TM) SE Runtime Environment (18.0.1+10) (build 18.0.1+10-24)
# Java VM: Java HotSpot(TM) 64-Bit Server VM (18.0.1+10-24, mixed mode, sharing, tiered, compressed oops, compressed class ptrs, g1 gc, windows-amd64)
# No core dump will be written. Minidumps are not enabled by default on client versions of Windows
#

---------------  S U M M A R Y ------------

Command Line: -Dfile.encoding=UTF-8 -XX:+ShowCodeDetailsInExceptionMessages UI.Tour_GUI

Host: 11th Gen Intel(R) Core(TM) i5-11400H @ 2.70GHz, 12 cores, 15G,  Windows 10 , 64 bit Build 19041 (10.0.19041.2546)
Time: Tue Apr 11 21:26:36 2023 SE Asia Standard Time elapsed time: 720.017426 seconds (0d 0h 12m 0s)

---------------  T H R E A D  ---------------

Current thread (0x0000024f6c5b3260):  JavaThread "C2 CompilerThread0" daemon [_thread_in_native, id=28380, stack(0x00000066bf700000,0x00000066bf800000)]


Current CompileTask:
C2: 720017 1594       4       sun.java2d.loops.GraphicsPrimitiveMgr::locate (104 bytes)

Stack: [0x00000066bf700000,0x00000066bf800000]
Native frames: (J=compiled Java code, j=interpreted, Vv=VM code, C=native code)
V  [jvm.dll+0x69887a]
V  [jvm.dll+0x7f38bd]
V  [jvm.dll+0x7f51ce]
V  [jvm.dll+0x7f5883]
V  [jvm.dll+0x25ca3f]
V  [jvm.dll+0xb8c2f]
V  [jvm.dll+0xb8fa5]
V  [jvm.dll+0x23091b]
V  [jvm.dll+0x22e71e]
V  [jvm.dll+0x1b9cfc]
V  [jvm.dll+0x23e8ca]
V  [jvm.dll+0x23cbb5]
V  [jvm.dll+0x7a5fb1]
V  [jvm.dll+0x7a03ea]
V  [jvm.dll+0x697725]
C  [ucrtbase.dll+0x21bb2]
C  [KERNEL32.DLL+0x17614]
C  [ntdll.dll+0x526a1]


---------------  P R O C E S S  ---------------

Threads class SMR info:
_java_thread_list=0x0000024f72219db0, length=17, elements={
0x0000024f6c5860c0, 0x0000024f6c586a60, 0x0000024f6c59e6d0, 0x0000024f6c5a1080,
0x0000024f6c5a5a40, 0x0000024f6c5a6e00, 0x0000024f6c5b3260, 0x0000024f6c5b56f0,
0x0000024f6c5c6ca0, 0x0000024f710d06d0, 0x0000024f710d4460, 0x0000024f712e4250,
0x0000024f71153ad0, 0x0000024f71301260, 0x0000024f713bb2c0, 0x0000024f7204ab10,
0x0000024f720497d0
}

Java Threads: ( => current thread )
  0x0000024f6c5860c0 JavaThread "Reference Handler" daemon [_thread_blocked, id=9784, stack(0x00000066bf100000,0x00000066bf200000)]
  0x0000024f6c586a60 JavaThread "Finalizer" daemon [_thread_blocked, id=4468, stack(0x00000066bf200000,0x00000066bf300000)]
  0x0000024f6c59e6d0 JavaThread "Signal Dispatcher" daemon [_thread_blocked, id=6316, stack(0x00000066bf300000,0x00000066bf400000)]
  0x0000024f6c5a1080 JavaThread "Attach Listener" daemon [_thread_blocked, id=23852, stack(0x00000066bf400000,0x00000066bf500000)]
  0x0000024f6c5a5a40 JavaThread "Service Thread" daemon [_thread_blocked, id=18860, stack(0x00000066bf500000,0x00000066bf600000)]
  0x0000024f6c5a6e00 JavaThread "Monitor Deflation Thread" daemon [_thread_blocked, id=13456, stack(0x00000066bf600000,0x00000066bf700000)]
=>0x0000024f6c5b3260 JavaThread "C2 CompilerThread0" daemon [_thread_in_native, id=28380, stack(0x00000066bf700000,0x00000066bf800000)]
  0x0000024f6c5b56f0 JavaThread "C1 CompilerThread0" daemon [_thread_blocked, id=14096, stack(0x00000066bf800000,0x00000066bf900000)]
  0x0000024f6c5c6ca0 JavaThread "Sweeper thread" daemon [_thread_blocked, id=8400, stack(0x00000066bf900000,0x00000066bfa00000)]
  0x0000024f710d06d0 JavaThread "Notification Thread" daemon [_thread_blocked, id=20052, stack(0x00000066bfa00000,0x00000066bfb00000)]
  0x0000024f710d4460 JavaThread "Common-Cleaner" daemon [_thread_blocked, id=624, stack(0x00000066bfc00000,0x00000066bfd00000)]
  0x0000024f712e4250 JavaThread "Java2D Disposer" daemon [_thread_blocked, id=10408, stack(0x00000066bfd00000,0x00000066bfe00000)]
  0x0000024f71153ad0 JavaThread "AWT-Shutdown" [_thread_blocked, id=22356, stack(0x00000066bfe00000,0x00000066bff00000)]
  0x0000024f71301260 JavaThread "AWT-Windows" daemon [_thread_in_native, id=21548, stack(0x00000066bff00000,0x00000066c0000000)]
  0x0000024f713bb2c0 JavaThread "AWT-EventQueue-0" [_thread_blocked, id=4032, stack(0x00000066c0100000,0x00000066c0200000)]
  0x0000024f7204ab10 JavaThread "DestroyJavaVM" [_thread_blocked, id=5340, stack(0x00000066bea00000,0x00000066beb00000)]
  0x0000024f720497d0 JavaThread "TimerQueue" daemon [_thread_blocked, id=29648, stack(0x00000066c0200000,0x00000066c0300000)]

Other Threads:
  0x0000024f6c581210 VMThread "VM Thread" [stack: 0x00000066bf000000,0x00000066bf100000] [id=14036]
  0x0000024f710d3de0 WatcherThread "VM Periodic Task Thread" [stack: 0x00000066bfb00000,0x00000066bfc00000] [id=12952]
  0x0000024f49db07b0 WorkerThread "GC Thread#0" [stack: 0x00000066beb00000,0x00000066bec00000] [id=29152]
  0x0000024f49dc1330 ConcurrentGCThread "G1 Main Marker" [stack: 0x00000066bec00000,0x00000066bed00000] [id=22436]
  0x0000024f49dc1d20 WorkerThread "G1 Conc#0" [stack: 0x00000066bed00000,0x00000066bee00000] [id=25644]
  0x0000024f49df8cd0 ConcurrentGCThread "G1 Refine#0" [stack: 0x00000066bee00000,0x00000066bef00000] [id=13148]
  0x0000024f49df95e0 ConcurrentGCThread "G1 Service" [stack: 0x00000066bef00000,0x00000066bf000000] [id=24340]

Threads with active compile tasks:
C2 CompilerThread0   720051 1594       4       sun.java2d.loops.GraphicsPrimitiveMgr::locate (104 bytes)

VM state: not at safepoint (normal execution)

VM Mutex/Monitor currently owned by a thread: None

Heap address: 0x0000000703a00000, size: 4038 MB, Compressed Oops mode: Zero based, Oop shift amount: 3

CDS archive(s) mapped at: [0x0000000800000000-0x0000000800ba0000-0x0000000800ba0000), size 12189696, SharedBaseAddress: 0x0000000800000000, ArchiveRelocationMode: 0.
Compressed class space mapped at: 0x0000000800c00000-0x0000000840c00000, reserved size: 1073741824
Narrow klass base: 0x0000000800000000, Narrow klass shift: 0, Narrow klass range: 0x100000000

GC Precious Log:
 CardTable entry size: 512
 Card Set container configuration: InlinePtr #cards 4 size 8 Array Of Cards #cards 16 size 48 Howl #buckets 8 coarsen threshold 3686 Howl Bitmap #cards 512 size 80 coarsen threshold 460 Card regions per heap region 1 cards per card region 4096
 CPUs: 12 total, 12 available
 Memory: 16147M
 Large Page Support: Disabled
 NUMA Support: Disabled
 Compressed Oops: Enabled (Zero based)
 Heap Region Size: 2M
 Heap Min Capacity: 8M
 Heap Initial Capacity: 254M
 Heap Max Capacity: 4038M
 Pre-touch: Disabled
 Parallel Workers: 10
 Concurrent Workers: 3
 Concurrent Refinement Workers: 10
 Periodic GC: Disabled

Heap:
 garbage-first heap   total 260096K, used 20480K [0x0000000703a00000, 0x0000000800000000)
  region size 2048K, 7 young (14336K), 0 survivors (0K)
 Metaspace       used 11697K, committed 11904K, reserved 1114112K
  class space    used 1338K, committed 1472K, reserved 1048576K

Heap Regions: E=young(eden), S=young(survivor), O=old, HS=humongous(starts), HC=humongous(continues), CS=collection set, F=free, OA=open archive, CA=closed archive, TAMS=top-at-mark-start (previous, next)
|   0|0x0000000703a00000, 0x0000000703c00000, 0x0000000703c00000|100%|HS|  |TAMS 0x0000000703a00000, 0x0000000703a00000| Complete 
|   1|0x0000000703c00000, 0x0000000703e00000, 0x0000000703e00000|100%|HS|  |TAMS 0x0000000703c00000, 0x0000000703c00000| Complete 
|   2|0x0000000703e00000, 0x0000000704000000, 0x0000000704000000|100%|HC|  |TAMS 0x0000000703e00000, 0x0000000703e00000| Complete 
|   3|0x0000000704000000, 0x0000000704200000, 0x0000000704200000|100%|HC|  |TAMS 0x0000000704000000, 0x0000000704000000| Complete 
|   4|0x0000000704200000, 0x0000000704200000, 0x0000000704400000|  0%| F|  |TAMS 0x0000000704200000, 0x0000000704200000| Untracked 
|   5|0x0000000704400000, 0x0000000704400000, 0x0000000704600000|  0%| F|  |TAMS 0x0000000704400000, 0x0000000704400000| Untracked 
|   6|0x0000000704600000, 0x0000000704600000, 0x0000000704800000|  0%| F|  |TAMS 0x0000000704600000, 0x0000000704600000| Untracked 
|   7|0x0000000704800000, 0x0000000704800000, 0x0000000704a00000|  0%| F|  |TAMS 0x0000000704800000, 0x0000000704800000| Untracked 
|   8|0x0000000704a00000, 0x0000000704a00000, 0x0000000704c00000|  0%| F|  |TAMS 0x0000000704a00000, 0x0000000704a00000| Untracked 
|   9|0x0000000704c00000, 0x0000000704c00000, 0x0000000704e00000|  0%| F|  |TAMS 0x0000000704c00000, 0x0000000704c00000| Untracked 
|  10|0x0000000704e00000, 0x0000000704e00000, 0x0000000705000000|  0%| F|  |TAMS 0x0000000704e00000, 0x0000000704e00000| Untracked 
|  11|0x0000000705000000, 0x0000000705000000, 0x0000000705200000|  0%| F|  |TAMS 0x0000000705000000, 0x0000000705000000| Untracked 
|  12|0x0000000705200000, 0x0000000705200000, 0x0000000705400000|  0%| F|  |TAMS 0x0000000705200000, 0x0000000705200000| Untracked 
|  13|0x0000000705400000, 0x0000000705400000, 0x0000000705600000|  0%| F|  |TAMS 0x0000000705400000, 0x0000000705400000| Untracked 
|  14|0x0000000705600000, 0x0000000705600000, 0x0000000705800000|  0%| F|  |TAMS 0x0000000705600000, 0x0000000705600000| Untracked 
|  15|0x0000000705800000, 0x0000000705800000, 0x0000000705a00000|  0%| F|  |TAMS 0x0000000705800000, 0x0000000705800000| Untracked 
|  16|0x0000000705a00000, 0x0000000705a00000, 0x0000000705c00000|  0%| F|  |TAMS 0x0000000705a00000, 0x0000000705a00000| Untracked 
|  17|0x0000000705c00000, 0x0000000705c00000, 0x0000000705e00000|  0%| F|  |TAMS 0x0000000705c00000, 0x0000000705c00000| Untracked 
|  18|0x0000000705e00000, 0x0000000705e00000, 0x0000000706000000|  0%| F|  |TAMS 0x0000000705e00000, 0x0000000705e00000| Untracked 
|  19|0x0000000706000000, 0x0000000706000000, 0x0000000706200000|  0%| F|  |TAMS 0x0000000706000000, 0x0000000706000000| Untracked 
|  20|0x0000000706200000, 0x0000000706200000, 0x0000000706400000|  0%| F|  |TAMS 0x0000000706200000, 0x0000000706200000| Untracked 
|  21|0x0000000706400000, 0x0000000706400000, 0x0000000706600000|  0%| F|  |TAMS 0x0000000706400000, 0x0000000706400000| Untracked 
|  22|0x0000000706600000, 0x0000000706600000, 0x0000000706800000|  0%| F|  |TAMS 0x0000000706600000, 0x0000000706600000| Untracked 
|  23|0x0000000706800000, 0x0000000706800000, 0x0000000706a00000|  0%| F|  |TAMS 0x0000000706800000, 0x0000000706800000| Untracked 
|  24|0x0000000706a00000, 0x0000000706a00000, 0x0000000706c00000|  0%| F|  |TAMS 0x0000000706a00000, 0x0000000706a00000| Untracked 
|  25|0x0000000706c00000, 0x0000000706c00000, 0x0000000706e00000|  0%| F|  |TAMS 0x0000000706c00000, 0x0000000706c00000| Untracked 
|  26|0x0000000706e00000, 0x0000000706e00000, 0x0000000707000000|  0%| F|  |TAMS 0x0000000706e00000, 0x0000000706e00000| Untracked 
|  27|0x0000000707000000, 0x0000000707000000, 0x0000000707200000|  0%| F|  |TAMS 0x0000000707000000, 0x0000000707000000| Untracked 
|  28|0x0000000707200000, 0x0000000707200000, 0x0000000707400000|  0%| F|  |TAMS 0x0000000707200000, 0x0000000707200000| Untracked 
|  29|0x0000000707400000, 0x0000000707400000, 0x0000000707600000|  0%| F|  |TAMS 0x0000000707400000, 0x0000000707400000| Untracked 
|  30|0x0000000707600000, 0x0000000707600000, 0x0000000707800000|  0%| F|  |TAMS 0x0000000707600000, 0x0000000707600000| Untracked 
|  31|0x0000000707800000, 0x0000000707800000, 0x0000000707a00000|  0%| F|  |TAMS 0x0000000707800000, 0x0000000707800000| Untracked 
|  32|0x0000000707a00000, 0x0000000707a00000, 0x0000000707c00000|  0%| F|  |TAMS 0x0000000707a00000, 0x0000000707a00000| Untracked 
|  33|0x0000000707c00000, 0x0000000707c00000, 0x0000000707e00000|  0%| F|  |TAMS 0x0000000707c00000, 0x0000000707c00000| Untracked 
|  34|0x0000000707e00000, 0x0000000707e00000, 0x0000000708000000|  0%| F|  |TAMS 0x0000000707e00000, 0x0000000707e00000| Untracked 
|  35|0x0000000708000000, 0x0000000708000000, 0x0000000708200000|  0%| F|  |TAMS 0x0000000708000000, 0x0000000708000000| Untracked 
|  36|0x0000000708200000, 0x0000000708200000, 0x0000000708400000|  0%| F|  |TAMS 0x0000000708200000, 0x0000000708200000| Untracked 
|  37|0x0000000708400000, 0x0000000708400000, 0x0000000708600000|  0%| F|  |TAMS 0x0000000708400000, 0x0000000708400000| Untracked 
|  38|0x0000000708600000, 0x0000000708600000, 0x0000000708800000|  0%| F|  |TAMS 0x0000000708600000, 0x0000000708600000| Untracked 
|  39|0x0000000708800000, 0x0000000708800000, 0x0000000708a00000|  0%| F|  |TAMS 0x0000000708800000, 0x0000000708800000| Untracked 
|  40|0x0000000708a00000, 0x0000000708a00000, 0x0000000708c00000|  0%| F|  |TAMS 0x0000000708a00000, 0x0000000708a00000| Untracked 
|  41|0x0000000708c00000, 0x0000000708c00000, 0x0000000708e00000|  0%| F|  |TAMS 0x0000000708c00000, 0x0000000708c00000| Untracked 
|  42|0x0000000708e00000, 0x0000000708e00000, 0x0000000709000000|  0%| F|  |TAMS 0x0000000708e00000, 0x0000000708e00000| Untracked 
|  43|0x0000000709000000, 0x0000000709000000, 0x0000000709200000|  0%| F|  |TAMS 0x0000000709000000, 0x0000000709000000| Untracked 
|  44|0x0000000709200000, 0x0000000709200000, 0x0000000709400000|  0%| F|  |TAMS 0x0000000709200000, 0x0000000709200000| Untracked 
|  45|0x0000000709400000, 0x0000000709400000, 0x0000000709600000|  0%| F|  |TAMS 0x0000000709400000, 0x0000000709400000| Untracked 
|  46|0x0000000709600000, 0x0000000709600000, 0x0000000709800000|  0%| F|  |TAMS 0x0000000709600000, 0x0000000709600000| Untracked 
|  47|0x0000000709800000, 0x0000000709800000, 0x0000000709a00000|  0%| F|  |TAMS 0x0000000709800000, 0x0000000709800000| Untracked 
|  48|0x0000000709a00000, 0x0000000709a00000, 0x0000000709c00000|  0%| F|  |TAMS 0x0000000709a00000, 0x0000000709a00000| Untracked 
|  49|0x0000000709c00000, 0x0000000709c00000, 0x0000000709e00000|  0%| F|  |TAMS 0x0000000709c00000, 0x0000000709c00000| Untracked 
|  50|0x0000000709e00000, 0x0000000709e00000, 0x000000070a000000|  0%| F|  |TAMS 0x0000000709e00000, 0x0000000709e00000| Untracked 
|  51|0x000000070a000000, 0x000000070a000000, 0x000000070a200000|  0%| F|  |TAMS 0x000000070a000000, 0x000000070a000000| Untracked 
|  52|0x000000070a200000, 0x000000070a200000, 0x000000070a400000|  0%| F|  |TAMS 0x000000070a200000, 0x000000070a200000| Untracked 
|  53|0x000000070a400000, 0x000000070a400000, 0x000000070a600000|  0%| F|  |TAMS 0x000000070a400000, 0x000000070a400000| Untracked 
|  54|0x000000070a600000, 0x000000070a600000, 0x000000070a800000|  0%| F|  |TAMS 0x000000070a600000, 0x000000070a600000| Untracked 
|  55|0x000000070a800000, 0x000000070a800000, 0x000000070aa00000|  0%| F|  |TAMS 0x000000070a800000, 0x000000070a800000| Untracked 
|  56|0x000000070aa00000, 0x000000070aa00000, 0x000000070ac00000|  0%| F|  |TAMS 0x000000070aa00000, 0x000000070aa00000| Untracked 
|  57|0x000000070ac00000, 0x000000070ac00000, 0x000000070ae00000|  0%| F|  |TAMS 0x000000070ac00000, 0x000000070ac00000| Untracked 
|  58|0x000000070ae00000, 0x000000070ae00000, 0x000000070b000000|  0%| F|  |TAMS 0x000000070ae00000, 0x000000070ae00000| Untracked 
|  59|0x000000070b000000, 0x000000070b000000, 0x000000070b200000|  0%| F|  |TAMS 0x000000070b000000, 0x000000070b000000| Untracked 
|  60|0x000000070b200000, 0x000000070b200000, 0x000000070b400000|  0%| F|  |TAMS 0x000000070b200000, 0x000000070b200000| Untracked 
|  61|0x000000070b400000, 0x000000070b400000, 0x000000070b600000|  0%| F|  |TAMS 0x000000070b400000, 0x000000070b400000| Untracked 
|  62|0x000000070b600000, 0x000000070b600000, 0x000000070b800000|  0%| F|  |TAMS 0x000000070b600000, 0x000000070b600000| Untracked 
|  63|0x000000070b800000, 0x000000070b800000, 0x000000070ba00000|  0%| F|  |TAMS 0x000000070b800000, 0x000000070b800000| Untracked 
|  64|0x000000070ba00000, 0x000000070ba00000, 0x000000070bc00000|  0%| F|  |TAMS 0x000000070ba00000, 0x000000070ba00000| Untracked 
|  65|0x000000070bc00000, 0x000000070bc00000, 0x000000070be00000|  0%| F|  |TAMS 0x000000070bc00000, 0x000000070bc00000| Untracked 
|  66|0x000000070be00000, 0x000000070be00000, 0x000000070c000000|  0%| F|  |TAMS 0x000000070be00000, 0x000000070be00000| Untracked 
|  67|0x000000070c000000, 0x000000070c000000, 0x000000070c200000|  0%| F|  |TAMS 0x000000070c000000, 0x000000070c000000| Untracked 
|  68|0x000000070c200000, 0x000000070c200000, 0x000000070c400000|  0%| F|  |TAMS 0x000000070c200000, 0x000000070c200000| Untracked 
|  69|0x000000070c400000, 0x000000070c400000, 0x000000070c600000|  0%| F|  |TAMS 0x000000070c400000, 0x000000070c400000| Untracked 
|  70|0x000000070c600000, 0x000000070c600000, 0x000000070c800000|  0%| F|  |TAMS 0x000000070c600000, 0x000000070c600000| Untracked 
|  71|0x000000070c800000, 0x000000070c800000, 0x000000070ca00000|  0%| F|  |TAMS 0x000000070c800000, 0x000000070c800000| Untracked 
|  72|0x000000070ca00000, 0x000000070ca00000, 0x000000070cc00000|  0%| F|  |TAMS 0x000000070ca00000, 0x000000070ca00000| Untracked 
|  73|0x000000070cc00000, 0x000000070cc00000, 0x000000070ce00000|  0%| F|  |TAMS 0x000000070cc00000, 0x000000070cc00000| Untracked 
|  74|0x000000070ce00000, 0x000000070ce00000, 0x000000070d000000|  0%| F|  |TAMS 0x000000070ce00000, 0x000000070ce00000| Untracked 
|  75|0x000000070d000000, 0x000000070d000000, 0x000000070d200000|  0%| F|  |TAMS 0x000000070d000000, 0x000000070d000000| Untracked 
|  76|0x000000070d200000, 0x000000070d200000, 0x000000070d400000|  0%| F|  |TAMS 0x000000070d200000, 0x000000070d200000| Untracked 
|  77|0x000000070d400000, 0x000000070d400000, 0x000000070d600000|  0%| F|  |TAMS 0x000000070d400000, 0x000000070d400000| Untracked 
|  78|0x000000070d600000, 0x000000070d600000, 0x000000070d800000|  0%| F|  |TAMS 0x000000070d600000, 0x000000070d600000| Untracked 
|  79|0x000000070d800000, 0x000000070d800000, 0x000000070da00000|  0%| F|  |TAMS 0x000000070d800000, 0x000000070d800000| Untracked 
|  80|0x000000070da00000, 0x000000070da00000, 0x000000070dc00000|  0%| F|  |TAMS 0x000000070da00000, 0x000000070da00000| Untracked 
|  81|0x000000070dc00000, 0x000000070dc00000, 0x000000070de00000|  0%| F|  |TAMS 0x000000070dc00000, 0x000000070dc00000| Untracked 
|  82|0x000000070de00000, 0x000000070de00000, 0x000000070e000000|  0%| F|  |TAMS 0x000000070de00000, 0x000000070de00000| Untracked 
|  83|0x000000070e000000, 0x000000070e000000, 0x000000070e200000|  0%| F|  |TAMS 0x000000070e000000, 0x000000070e000000| Untracked 
|  84|0x000000070e200000, 0x000000070e200000, 0x000000070e400000|  0%| F|  |TAMS 0x000000070e200000, 0x000000070e200000| Untracked 
|  85|0x000000070e400000, 0x000000070e400000, 0x000000070e600000|  0%| F|  |TAMS 0x000000070e400000, 0x000000070e400000| Untracked 
|  86|0x000000070e600000, 0x000000070e600000, 0x000000070e800000|  0%| F|  |TAMS 0x000000070e600000, 0x000000070e600000| Untracked 
|  87|0x000000070e800000, 0x000000070e800000, 0x000000070ea00000|  0%| F|  |TAMS 0x000000070e800000, 0x000000070e800000| Untracked 
|  88|0x000000070ea00000, 0x000000070ea00000, 0x000000070ec00000|  0%| F|  |TAMS 0x000000070ea00000, 0x000000070ea00000| Untracked 
|  89|0x000000070ec00000, 0x000000070ec00000, 0x000000070ee00000|  0%| F|  |TAMS 0x000000070ec00000, 0x000000070ec00000| Untracked 
|  90|0x000000070ee00000, 0x000000070ee00000, 0x000000070f000000|  0%| F|  |TAMS 0x000000070ee00000, 0x000000070ee00000| Untracked 
|  91|0x000000070f000000, 0x000000070f000000, 0x000000070f200000|  0%| F|  |TAMS 0x000000070f000000, 0x000000070f000000| Untracked 
|  92|0x000000070f200000, 0x000000070f200000, 0x000000070f400000|  0%| F|  |TAMS 0x000000070f200000, 0x000000070f200000| Untracked 
|  93|0x000000070f400000, 0x000000070f400000, 0x000000070f600000|  0%| F|  |TAMS 0x000000070f400000, 0x000000070f400000| Untracked 
|  94|0x000000070f600000, 0x000000070f600000, 0x000000070f800000|  0%| F|  |TAMS 0x000000070f600000, 0x000000070f600000| Untracked 
|  95|0x000000070f800000, 0x000000070f800000, 0x000000070fa00000|  0%| F|  |TAMS 0x000000070f800000, 0x000000070f800000| Untracked 
|  96|0x000000070fa00000, 0x000000070fa00000, 0x000000070fc00000|  0%| F|  |TAMS 0x000000070fa00000, 0x000000070fa00000| Untracked 
|  97|0x000000070fc00000, 0x000000070fc00000, 0x000000070fe00000|  0%| F|  |TAMS 0x000000070fc00000, 0x000000070fc00000| Untracked 
|  98|0x000000070fe00000, 0x000000070fe00000, 0x0000000710000000|  0%| F|  |TAMS 0x000000070fe00000, 0x000000070fe00000| Untracked 
|  99|0x0000000710000000, 0x0000000710000000, 0x0000000710200000|  0%| F|  |TAMS 0x0000000710000000, 0x0000000710000000| Untracked 
| 100|0x0000000710200000, 0x0000000710200000, 0x0000000710400000|  0%| F|  |TAMS 0x0000000710200000, 0x0000000710200000| Untracked 
| 101|0x0000000710400000, 0x0000000710400000, 0x0000000710600000|  0%| F|  |TAMS 0x0000000710400000, 0x0000000710400000| Untracked 
| 102|0x0000000710600000, 0x0000000710600000, 0x0000000710800000|  0%| F|  |TAMS 0x0000000710600000, 0x0000000710600000| Untracked 
| 103|0x0000000710800000, 0x0000000710800000, 0x0000000710a00000|  0%| F|  |TAMS 0x0000000710800000, 0x0000000710800000| Untracked 
| 104|0x0000000710a00000, 0x0000000710a00000, 0x0000000710c00000|  0%| F|  |TAMS 0x0000000710a00000, 0x0000000710a00000| Untracked 
| 105|0x0000000710c00000, 0x0000000710c00000, 0x0000000710e00000|  0%| F|  |TAMS 0x0000000710c00000, 0x0000000710c00000| Untracked 
| 106|0x0000000710e00000, 0x0000000710e00000, 0x0000000711000000|  0%| F|  |TAMS 0x0000000710e00000, 0x0000000710e00000| Untracked 
| 107|0x0000000711000000, 0x0000000711000000, 0x0000000711200000|  0%| F|  |TAMS 0x0000000711000000, 0x0000000711000000| Untracked 
| 108|0x0000000711200000, 0x0000000711200000, 0x0000000711400000|  0%| F|  |TAMS 0x0000000711200000, 0x0000000711200000| Untracked 
| 109|0x0000000711400000, 0x0000000711400000, 0x0000000711600000|  0%| F|  |TAMS 0x0000000711400000, 0x0000000711400000| Untracked 
| 110|0x0000000711600000, 0x0000000711600000, 0x0000000711800000|  0%| F|  |TAMS 0x0000000711600000, 0x0000000711600000| Untracked 
| 111|0x0000000711800000, 0x0000000711800000, 0x0000000711a00000|  0%| F|  |TAMS 0x0000000711800000, 0x0000000711800000| Untracked 
| 112|0x0000000711a00000, 0x0000000711a00000, 0x0000000711c00000|  0%| F|  |TAMS 0x0000000711a00000, 0x0000000711a00000| Untracked 
| 113|0x0000000711c00000, 0x0000000711c00000, 0x0000000711e00000|  0%| F|  |TAMS 0x0000000711c00000, 0x0000000711c00000| Untracked 
| 114|0x0000000711e00000, 0x0000000711e00000, 0x0000000712000000|  0%| F|  |TAMS 0x0000000711e00000, 0x0000000711e00000| Untracked 
| 115|0x0000000712000000, 0x0000000712000000, 0x0000000712200000|  0%| F|  |TAMS 0x0000000712000000, 0x0000000712000000| Untracked 
| 116|0x0000000712200000, 0x0000000712200000, 0x0000000712400000|  0%| F|  |TAMS 0x0000000712200000, 0x0000000712200000| Untracked 
| 117|0x0000000712400000, 0x0000000712400000, 0x0000000712600000|  0%| F|  |TAMS 0x0000000712400000, 0x0000000712400000| Untracked 
| 118|0x0000000712600000, 0x0000000712600000, 0x0000000712800000|  0%| F|  |TAMS 0x0000000712600000, 0x0000000712600000| Untracked 
| 119|0x0000000712800000, 0x0000000712800000, 0x0000000712a00000|  0%| F|  |TAMS 0x0000000712800000, 0x0000000712800000| Untracked 
| 120|0x0000000712a00000, 0x0000000712bc31b8, 0x0000000712c00000| 88%| E|  |TAMS 0x0000000712a00000, 0x0000000712a00000| Complete 
| 121|0x0000000712c00000, 0x0000000712e00000, 0x0000000712e00000|100%| E|CS|TAMS 0x0000000712c00000, 0x0000000712c00000| Complete 
| 122|0x0000000712e00000, 0x0000000713000000, 0x0000000713000000|100%| E|CS|TAMS 0x0000000712e00000, 0x0000000712e00000| Complete 
| 123|0x0000000713000000, 0x0000000713200000, 0x0000000713200000|100%| E|CS|TAMS 0x0000000713000000, 0x0000000713000000| Complete 
| 124|0x0000000713200000, 0x0000000713400000, 0x0000000713400000|100%| E|CS|TAMS 0x0000000713200000, 0x0000000713200000| Complete 
| 125|0x0000000713400000, 0x0000000713600000, 0x0000000713600000|100%| E|CS|TAMS 0x0000000713400000, 0x0000000713400000| Complete 
| 126|0x0000000713600000, 0x0000000713800000, 0x0000000713800000|100%| E|CS|TAMS 0x0000000713600000, 0x0000000713600000| Complete 

Card table byte_map: [0x0000024f613d0000,0x0000024f61bc0000] _byte_map_base: 0x0000024f5dbb3000

Marking Bits (Prev, Next): (CMBitMap*) 0x0000024f49db0db0, (CMBitMap*) 0x0000024f49db0df0
 Prev Bits: [0x0000024f623b0000, 0x0000024f662c8000)
 Next Bits: [0x0000024f662d0000, 0x0000024f6a1e8000)

Polling page: 0x0000024f47d40000

Metaspace:

Usage:
  Non-class:     10.12 MB used.
      Class:      1.31 MB used.
       Both:     11.42 MB used.

Virtual space:
  Non-class space:       64.00 MB reserved,      10.19 MB ( 16%) committed,  1 nodes.
      Class space:        1.00 GB reserved,       1.44 MB ( <1%) committed,  1 nodes.
             Both:        1.06 GB reserved,      11.62 MB (  1%) committed. 

Chunk freelists:
   Non-Class:  1.00 MB
       Class:  2.61 MB
        Both:  3.61 MB

MaxMetaspaceSize: unlimited
CompressedClassSpaceSize: 1.00 GB
Initial GC threshold: 21.00 MB
Current GC threshold: 21.00 MB
CDS: on
MetaspaceReclaimPolicy: balanced
 - commit_granule_bytes: 65536.
 - commit_granule_words: 8192.
 - virtual_space_node_default_size: 8388608.
 - enlarge_chunks_in_place: 1.
 - new_chunks_are_fully_committed: 0.
 - uncommit_free_chunks: 1.
 - use_allocation_guard: 0.


Internal statistics:

num_allocs_failed_limit: 0.
num_arena_births: 140.
num_arena_deaths: 0.
num_vsnodes_births: 2.
num_vsnodes_deaths: 0.
num_space_committed: 186.
num_space_uncommitted: 0.
num_chunks_returned_to_freelist: 0.
num_chunks_taken_from_freelist: 224.
num_chunk_merges: 0.
num_chunk_splits: 118.
num_chunks_enlarged: 41.
num_inconsistent_stats: 0.

CodeHeap 'non-profiled nmethods': size=120000Kb used=437Kb max_used=437Kb free=119562Kb
 bounds [0x0000024f59150000, 0x0000024f593c0000, 0x0000024f60680000]
CodeHeap 'profiled nmethods': size=120000Kb used=3014Kb max_used=3014Kb free=116985Kb
 bounds [0x0000024f51c20000, 0x0000024f51f20000, 0x0000024f59150000]
CodeHeap 'non-nmethods': size=5760Kb used=1332Kb max_used=1344Kb free=4427Kb
 bounds [0x0000024f51680000, 0x0000024f518f0000, 0x0000024f51c20000]
 total_blobs=2234 nmethods=1594 adapters=552
 compilation: enabled
              stopped_count=0, restarted_count=0
 full_count=0

Compilation events (20 events):
Event: 5.035 Thread 0x0000024f6c5b56f0 1583       3       java.awt.Container::preProcessKeyEvent (15 bytes)
Event: 5.036 Thread 0x0000024f6c5b56f0 nmethod 1583 0x0000024f51f0f710 code [0x0000024f51f0f8c0, 0x0000024f51f0fac8]
Event: 5.079 Thread 0x0000024f6c5b3260 1584       4       jdk.internal.misc.Unsafe::weakCompareAndSetInt (11 bytes)
Event: 5.079 Thread 0x0000024f6c5b3260 nmethod 1584 0x0000024f591bb110 code [0x0000024f591bb280, 0x0000024f591bb318]
Event: 5.103 Thread 0x0000024f6c5b3260 1585       4       java.security.AccessControlContext::optimize (319 bytes)
Event: 5.110 Thread 0x0000024f6c5b3260 nmethod 1585 0x0000024f591bb410 code [0x0000024f591bb5c0, 0x0000024f591bbb28]
Event: 5.284 Thread 0x0000024f6c5b3260 1586   !   4       sun.awt.AWTAutoShutdown::setToolkitBusy (124 bytes)
Event: 5.286 Thread 0x0000024f6c5b3260 nmethod 1586 0x0000024f591bbf10 code [0x0000024f591bc0a0, 0x0000024f591bc5f8]
Event: 5.395 Thread 0x0000024f6c5b56f0 1587       3       java.lang.ref.Reference::refersToImpl (6 bytes)
Event: 5.395 Thread 0x0000024f6c5b56f0 nmethod 1587 0x0000024f51f0fb90 code [0x0000024f51f0fd20, 0x0000024f51f0fe68]
Event: 5.687 Thread 0x0000024f6c5b3260 1589       4       java.util.concurrent.locks.ReentrantLock$NonfairSync::initialTryLock (58 bytes)
Event: 5.688 Thread 0x0000024f6c5b56f0 1590       3       javax.swing.RepaintManager::currentManager (5 bytes)
Event: 5.688 Thread 0x0000024f6c5b56f0 nmethod 1590 0x0000024f51f0ff10 code [0x0000024f51f100c0, 0x0000024f51f10258]
Event: 5.688 Thread 0x0000024f6c5b56f0 1591       3       javax.swing.RepaintManager::currentManager (7 bytes)
Event: 5.688 Thread 0x0000024f6c5b56f0 nmethod 1591 0x0000024f51f10310 code [0x0000024f51f104c0, 0x0000024f51f105f8]
Event: 5.688 Thread 0x0000024f6c5b56f0 1592       3       javax.swing.text.View::getDocument (10 bytes)
Event: 5.688 Thread 0x0000024f6c5b56f0 nmethod 1592 0x0000024f51f10690 code [0x0000024f51f10820, 0x0000024f51f10a18]
Event: 5.689 Thread 0x0000024f6c5b3260 nmethod 1589 0x0000024f591bcd90 code [0x0000024f591bcf00, 0x0000024f591bd0b8]
Event: 720.014 Thread 0x0000024f6c5b56f0 1595  s    3       sun.java2d.loops.GraphicsPrimitiveMgr::locatePrim (95 bytes)
Event: 720.014 Thread 0x0000024f6c5b3260 1594       4       sun.java2d.loops.GraphicsPrimitiveMgr::locate (104 bytes)

GC Heap History (0 events):
No events

Deoptimization events (20 events):
Event: 0.583 Thread 0x0000024f49d3e820 Uncommon trap: trap_request=0xffffff45 fr.pc=0x0000024f59183928 relative=0x0000000000000508
Event: 0.583 Thread 0x0000024f49d3e820 Uncommon trap: reason=unstable_if action=reinterpret pc=0x0000024f59183928 method=java.lang.StringLatin1.newString([BII)Ljava/lang/String; @ 1 c2
Event: 0.583 Thread 0x0000024f49d3e820 DEOPT PACKING pc=0x0000024f59183928 sp=0x00000066beafe400
Event: 0.583 Thread 0x0000024f49d3e820 DEOPT UNPACKING pc=0x0000024f516d5c23 sp=0x00000066beafe360 mode 2
Event: 2.301 Thread 0x0000024f713bb2c0 Uncommon trap: trap_request=0xffffffde fr.pc=0x0000024f5917f60c relative=0x000000000000018c
Event: 2.301 Thread 0x0000024f713bb2c0 Uncommon trap: reason=class_check action=maybe_recompile pc=0x0000024f5917f60c method=java.lang.String.equals(Ljava/lang/Object;)Z @ 8 c2
Event: 2.301 Thread 0x0000024f713bb2c0 DEOPT PACKING pc=0x0000024f5917f60c sp=0x00000066c01fe1c0
Event: 2.301 Thread 0x0000024f713bb2c0 DEOPT UNPACKING pc=0x0000024f516d5c23 sp=0x00000066c01fe148 mode 2
Event: 2.301 Thread 0x0000024f713bb2c0 Uncommon trap: trap_request=0xffffffde fr.pc=0x0000024f5917f60c relative=0x000000000000018c
Event: 2.301 Thread 0x0000024f713bb2c0 Uncommon trap: reason=class_check action=maybe_recompile pc=0x0000024f5917f60c method=java.lang.String.equals(Ljava/lang/Object;)Z @ 8 c2
Event: 2.301 Thread 0x0000024f713bb2c0 DEOPT PACKING pc=0x0000024f5917f60c sp=0x00000066c01fe1c0
Event: 2.301 Thread 0x0000024f713bb2c0 DEOPT UNPACKING pc=0x0000024f516d5c23 sp=0x00000066c01fe148 mode 2
Event: 2.435 Thread 0x0000024f713bb2c0 Uncommon trap: trap_request=0xffffffde fr.pc=0x0000024f5917f60c relative=0x000000000000018c
Event: 2.435 Thread 0x0000024f713bb2c0 Uncommon trap: reason=class_check action=maybe_recompile pc=0x0000024f5917f60c method=java.lang.String.equals(Ljava/lang/Object;)Z @ 8 c2
Event: 2.435 Thread 0x0000024f713bb2c0 DEOPT PACKING pc=0x0000024f5917f60c sp=0x00000066c01fe1c0
Event: 2.435 Thread 0x0000024f713bb2c0 DEOPT UNPACKING pc=0x0000024f516d5c23 sp=0x00000066c01fe148 mode 2
Event: 2.435 Thread 0x0000024f713bb2c0 Uncommon trap: trap_request=0xffffffde fr.pc=0x0000024f5917f60c relative=0x000000000000018c
Event: 2.435 Thread 0x0000024f713bb2c0 Uncommon trap: reason=class_check action=maybe_recompile pc=0x0000024f5917f60c method=java.lang.String.equals(Ljava/lang/Object;)Z @ 8 c2
Event: 2.435 Thread 0x0000024f713bb2c0 DEOPT PACKING pc=0x0000024f5917f60c sp=0x00000066c01fe1c0
Event: 2.435 Thread 0x0000024f713bb2c0 DEOPT UNPACKING pc=0x0000024f516d5c23 sp=0x00000066c01fe148 mode 2

Classes loaded (20 events):
Event: 2.301 Loading class javax/swing/JComponent$ActionStandin
Event: 2.302 Loading class javax/swing/JComponent$ActionStandin done
Event: 2.303 Loading class javax/swing/text/AbstractDocument$UndoRedoDocumentEvent
Event: 2.303 Loading class javax/swing/text/AbstractDocument$UndoRedoDocumentEvent done
Event: 2.303 Loading class javax/swing/text/DefaultCaret$1
Event: 2.303 Loading class javax/swing/text/DefaultCaret$1 done
Event: 3.758 Loading class javax/swing/Timer$1
Event: 3.758 Loading class javax/swing/Timer$1 done
Event: 5.395 Loading class java/awt/LightweightDispatcher$2
Event: 5.395 Loading class java/awt/LightweightDispatcher$2 done
Event: 6.095 Loading class java/awt/KeyboardFocusManager$2
Event: 6.096 Loading class java/awt/KeyboardFocusManager$2 done
Event: 6.097 Loading class sun/awt/SunToolkit$1
Event: 6.097 Loading class sun/awt/SunToolkit$1 done
Event: 720.013 Loading class java/util/WeakHashMap$KeyIterator
Event: 720.013 Loading class java/util/WeakHashMap$HashIterator
Event: 720.013 Loading class java/util/WeakHashMap$HashIterator done
Event: 720.013 Loading class java/util/WeakHashMap$KeyIterator done
Event: 720.013 Loading class javax/swing/RepaintManager$DisplayChangedRunnable
Event: 720.013 Loading class javax/swing/RepaintManager$DisplayChangedRunnable done

Classes unloaded (0 events):
No events

Classes redefined (0 events):
No events

Internal exceptions (17 events):
Event: 0.077 Thread 0x0000024f49d3e820 Exception <a 'java/lang/ClassNotFoundException'{0x00000007137e07e8}: sun/awt/resources/spi/awtProvider> (0x00000007137e07e8) 
thrown [s\open\src\hotspot\share\classfile\systemDictionary.cpp, line 255]
Event: 0.099 Thread 0x0000024f49d3e820 Exception <a 'java/io/FileNotFoundException'{0x0000000713436150}> (0x0000000713436150) 
thrown [s\open\src\hotspot\share\prims\jni.cpp, line 516]
Event: 0.104 Thread 0x0000024f49d3e820 Exception <a 'java/io/FileNotFoundException'{0x0000000713463150}> (0x0000000713463150) 
thrown [s\open\src\hotspot\share\prims\jni.cpp, line 516]
Event: 0.131 Thread 0x0000024f49d3e820 Exception <a 'java/lang/NoSuchMethodError'{0x00000007134ad790}: 'java.lang.Object java.lang.invoke.DirectMethodHandle$Holder.invokeStaticInit(java.lang.Object)'> (0x00000007134ad790) 
thrown [s\open\src\hotspot\share\interpreter\linkResolver.cpp, line 766]
Event: 0.158 Thread 0x0000024f49d3e820 Exception <a 'java/lang/NoSuchMethodError'{0x0000000713567fa0}: 'void java.lang.invoke.DirectMethodHandle$Holder.invokeSpecial(java.lang.Object, java.lang.Object, java.lang.Object)'> (0x0000000713567fa0) 
thrown [s\open\src\hotspot\share\interpreter\linkResolver.cpp, line 766]
Event: 0.163 Thread 0x0000024f49d3e820 Exception <a 'java/lang/NoSuchMethodError'{0x0000000713592ea0}: 'java.lang.Object java.lang.invoke.DirectMethodHandle$Holder.newInvokeSpecial(java.lang.Object, java.lang.Object, java.lang.Object, java.lang.Object, java.lang.Object)'> (0x0000000713592ea0) 
thrown [s\open\src\hotspot\share\interpreter\linkResolver.cpp, line 766]
Event: 0.169 Thread 0x0000024f49d3e820 Exception <a 'java/lang/NoSuchMethodError'{0x00000007135c4c38}: 'java.lang.Object java.lang.invoke.DirectMethodHandle$Holder.invokeStatic(java.lang.Object, int, java.lang.Object)'> (0x00000007135c4c38) 
thrown [s\open\src\hotspot\share\interpreter\linkResolver.cpp, line 766]
Event: 0.187 Thread 0x0000024f49d3e820 Exception <a 'java/lang/ClassNotFoundException'{0x0000000713281e90}: com/sun/swing/internal/plaf/metal/resources/spi/metalProvider> (0x0000000713281e90) 
thrown [s\open\src\hotspot\share\classfile\systemDictionary.cpp, line 255]
Event: 0.188 Thread 0x0000024f49d3e820 Exception <a 'java/lang/ClassNotFoundException'{0x0000000713285f18}: com/sun/swing/internal/plaf/basic/resources/spi/basicProvider> (0x0000000713285f18) 
thrown [s\open\src\hotspot\share\classfile\systemDictionary.cpp, line 255]
Event: 0.196 Thread 0x0000024f49d3e820 Exception <a 'java/lang/NoSuchMethodError'{0x00000007132a6920}: 'int java.lang.invoke.Invokers$Holder.invokeExact_MT(java.lang.Object, java.lang.Object)'> (0x00000007132a6920) 
thrown [s\open\src\hotspot\share\interpreter\linkResolver.cpp, line 766]
Event: 0.222 Thread 0x0000024f71386400 Exception <a 'java/lang/NoSuchMethodError'{0x00000007133f7dd8}: 'java.lang.Object java.lang.invoke.DirectMethodHandle$Holder.newInvokeSpecial(java.lang.Object, java.lang.Object, java.lang.Object, int, int, int, int, int)'> (0x00000007133f7dd8) 
thrown [s\open\src\hotspot\share\interpreter\linkResolver.cpp, line 766]
Event: 0.276 Thread 0x0000024f49d3e820 Exception <a 'java/lang/NoSuchMethodError'{0x0000000713103680}: 'void java.lang.invoke.DirectMethodHandle$Holder.invokeStatic(java.lang.Object, java.lang.Object, java.lang.Object)'> (0x0000000713103680) 
thrown [s\open\src\hotspot\share\interpreter\linkResolver.cpp, line 766]
Event: 0.277 Thread 0x0000024f49d3e820 Exception <a 'java/lang/NoSuchMethodError'{0x0000000713109b28}: 'void java.lang.invoke.DirectMethodHandle$Holder.invokeStatic(java.lang.Object, java.lang.Object)'> (0x0000000713109b28) 
thrown [s\open\src\hotspot\share\interpreter\linkResolver.cpp, line 766]
Event: 0.331 Thread 0x0000024f49d3e820 Exception <a 'java/lang/NoSuchMethodError'{0x0000000713190fd0}: 'void java.lang.invoke.DirectMethodHandle$Holder.invokeStaticInit(java.lang.Object)'> (0x0000000713190fd0) 
thrown [s\open\src\hotspot\share\interpreter\linkResolver.cpp, line 766]
Event: 0.383 Thread 0x0000024f49d3e820 Exception <a 'java/lang/NoSuchMethodError'{0x0000000712f04d60}: 'java.lang.Object java.lang.invoke.DirectMethodHandle$Holder.invokeStaticInit(java.lang.Object, int, int, int, int)'> (0x0000000712f04d60) 
thrown [s\open\src\hotspot\share\interpreter\linkResolver.cpp, line 766]
Event: 0.449 Thread 0x0000024f49d3e820 Exception <a 'java/lang/NoSuchMethodError'{0x0000000712fda8b8}: 'java.lang.Object java.lang.invoke.DirectMethodHandle$Holder.invokeStaticInit(java.lang.Object, java.lang.Object, int, int, int, int)'> (0x0000000712fda8b8) 
thrown [s\open\src\hotspot\share\interpreter\linkResolver.cpp, line 766]
Event: 0.488 Thread 0x0000024f71301260 Exception <a 'java/lang/NoSuchMethodError'{0x00000007134f1900}: 'void java.lang.invoke.DirectMethodHandle$Holder.invokeVirtual(java.lang.Object, java.lang.Object)'> (0x00000007134f1900) 
thrown [s\open\src\hotspot\share\interpreter\linkResolver.cpp, line 766]

VM Operations (20 events):
Event: 0.393 Executing VM operation: HandshakeAllThreads
Event: 0.393 Executing VM operation: HandshakeAllThreads done
Event: 0.492 Executing VM operation: HandshakeAllThreads
Event: 0.492 Executing VM operation: HandshakeAllThreads done
Event: 0.651 Executing VM operation: HandshakeAllThreads
Event: 0.651 Executing VM operation: HandshakeAllThreads done
Event: 0.654 Executing VM operation: ICBufferFull
Event: 0.654 Executing VM operation: ICBufferFull done
Event: 1.657 Executing VM operation: Cleanup
Event: 1.657 Executing VM operation: Cleanup done
Event: 2.667 Executing VM operation: Cleanup
Event: 2.667 Executing VM operation: Cleanup done
Event: 3.678 Executing VM operation: Cleanup
Event: 3.679 Executing VM operation: Cleanup done
Event: 4.691 Executing VM operation: Cleanup
Event: 4.692 Executing VM operation: Cleanup done
Event: 5.703 Executing VM operation: Cleanup
Event: 5.703 Executing VM operation: Cleanup done
Event: 6.713 Executing VM operation: Cleanup
Event: 6.713 Executing VM operation: Cleanup done

Events (20 events):
Event: 0.042 Thread 0x0000024f710d4460 Thread added: 0x0000024f710d4460
Event: 0.052 Loaded shared library C:\Program Files\Java\jdk-18.0.1\bin\net.dll
Event: 0.054 Loaded shared library C:\Program Files\Java\jdk-18.0.1\bin\nio.dll
Event: 0.058 Loaded shared library C:\Program Files\Java\jdk-18.0.1\bin\zip.dll
Event: 0.072 Loaded shared library C:\Program Files\Java\jdk-18.0.1\bin\jimage.dll
Event: 0.085 Loaded shared library C:\Program Files\Java\jdk-18.0.1\bin\awt.dll
Event: 0.132 Thread 0x0000024f712e4250 Thread added: 0x0000024f712e4250
Event: 0.133 Thread 0x0000024f71153ad0 Thread added: 0x0000024f71153ad0
Event: 0.134 Thread 0x0000024f71301260 Thread added: 0x0000024f71301260
Event: 0.199 Thread 0x0000024f71386400 Thread added: 0x0000024f71386400
Event: 0.234 Thread 0x0000024f713bb2c0 Thread added: 0x0000024f713bb2c0
Event: 0.238 Loaded shared library C:\Program Files\Java\jdk-18.0.1\bin\freetype.dll
Event: 0.239 Loaded shared library C:\Program Files\Java\jdk-18.0.1\bin\fontmanager.dll
Event: 0.325 Loaded shared library C:\Program Files\Java\jdk-18.0.1\bin\verify.dll
Event: 0.349 Thread 0x0000024f71f51760 Thread added: 0x0000024f71f51760
Event: 0.648 Thread 0x0000024f49d3e820 Thread exited: 0x0000024f49d3e820
Event: 0.648 Thread 0x0000024f7204ab10 Thread added: 0x0000024f7204ab10
Event: 0.648 Thread 0x0000024f71f51760 Thread exited: 0x0000024f71f51760
Event: 2.152 Thread 0x0000024f720497d0 Thread added: 0x0000024f720497d0
Event: 5.528 Thread 0x0000024f71386400 Thread exited: 0x0000024f71386400


Dynamic libraries:
0x00007ff665b30000 - 0x00007ff665b40000 	C:\Program Files\Java\jdk-18.0.1\bin\javaw.exe
0x00007ffe5b4b0000 - 0x00007ffe5b6a8000 	C:\Windows\SYSTEM32\ntdll.dll
0x00007ffe5b3b0000 - 0x00007ffe5b46f000 	C:\Windows\System32\KERNEL32.DLL
0x00007ffe58f70000 - 0x00007ffe59242000 	C:\Windows\System32\KERNELBASE.dll
0x00007ffe58bb0000 - 0x00007ffe58cb0000 	C:\Windows\System32\ucrtbase.dll
0x00007ffe519a0000 - 0x00007ffe519ba000 	C:\Program Files\Java\jdk-18.0.1\bin\VCRUNTIME140.dll
0x00007ffe50850000 - 0x00007ffe50868000 	C:\Program Files\Java\jdk-18.0.1\bin\jli.dll
0x00007ffe59520000 - 0x00007ffe595ce000 	C:\Windows\System32\ADVAPI32.dll
0x00007ffe5b0c0000 - 0x00007ffe5b15e000 	C:\Windows\System32\msvcrt.dll
0x00007ffe59b60000 - 0x00007ffe59bfc000 	C:\Windows\System32\sechost.dll
0x00007ffe5b160000 - 0x00007ffe5b284000 	C:\Windows\System32\RPCRT4.dll
0x00007ffe5a8f0000 - 0x00007ffe5aa91000 	C:\Windows\System32\USER32.dll
0x00007ffe592e0000 - 0x00007ffe59302000 	C:\Windows\System32\win32u.dll
0x00007ffe43a70000 - 0x00007ffe43d0a000 	C:\Windows\WinSxS\amd64_microsoft.windows.common-controls_6595b64144ccf1df_6.0.19041.1110_none_60b5254171f9507e\COMCTL32.dll
0x00007ffe5acc0000 - 0x00007ffe5aceb000 	C:\Windows\System32\GDI32.dll
0x00007ffe593f0000 - 0x00007ffe594ff000 	C:\Windows\System32\gdi32full.dll
0x00007ffe58e10000 - 0x00007ffe58ead000 	C:\Windows\System32\msvcp_win.dll
0x00007ffe4e860000 - 0x00007ffe4e86a000 	C:\Windows\SYSTEM32\VERSION.dll
0x00007ffe5a6b0000 - 0x00007ffe5a6e0000 	C:\Windows\System32\IMM32.DLL
0x00007ffe51c50000 - 0x00007ffe51c5c000 	C:\Program Files\Java\jdk-18.0.1\bin\vcruntime140_1.dll
0x00007ffe4f8d0000 - 0x00007ffe4f95d000 	C:\Program Files\Java\jdk-18.0.1\bin\msvcp140.dll
0x00007ffe06c70000 - 0x00007ffe07880000 	C:\Program Files\Java\jdk-18.0.1\bin\server\jvm.dll
0x00007ffe59a40000 - 0x00007ffe59a48000 	C:\Windows\System32\PSAPI.DLL
0x00007ffe380f0000 - 0x00007ffe380f9000 	C:\Windows\SYSTEM32\WSOCK32.dll
0x00007ffe45dd0000 - 0x00007ffe45df7000 	C:\Windows\SYSTEM32\WINMM.dll
0x00007ffe5aab0000 - 0x00007ffe5ab1b000 	C:\Windows\System32\WS2_32.dll
0x00007ffe57400000 - 0x00007ffe57412000 	C:\Windows\SYSTEM32\kernel.appcore.dll
0x00007ffe4fa40000 - 0x00007ffe4fa4a000 	C:\Program Files\Java\jdk-18.0.1\bin\jimage.dll
0x00007ffe56980000 - 0x00007ffe56b64000 	C:\Windows\SYSTEM32\DBGHELP.DLL
0x00007ffe3ff60000 - 0x00007ffe3ff95000 	C:\Windows\SYSTEM32\dbgcore.DLL
0x00007ffe59250000 - 0x00007ffe592d2000 	C:\Windows\System32\bcryptPrimitives.dll
0x00007ffe4fa10000 - 0x00007ffe4fa35000 	C:\Program Files\Java\jdk-18.0.1\bin\java.dll
0x00007ffe4f400000 - 0x00007ffe4f4d6000 	C:\Program Files\Java\jdk-18.0.1\bin\jsvml.dll
0x00007ffe59c00000 - 0x00007ffe5a345000 	C:\Windows\System32\SHELL32.dll
0x00007ffe56c50000 - 0x00007ffe573e2000 	C:\Windows\SYSTEM32\windows.storage.dll
0x00007ffe5a350000 - 0x00007ffe5a6a5000 	C:\Windows\System32\combase.dll
0x00007ffe58610000 - 0x00007ffe58640000 	C:\Windows\SYSTEM32\Wldp.dll
0x00007ffe5af50000 - 0x00007ffe5affd000 	C:\Windows\System32\SHCORE.dll
0x00007ffe5a6e0000 - 0x00007ffe5a735000 	C:\Windows\System32\shlwapi.dll
0x00007ffe58af0000 - 0x00007ffe58b0f000 	C:\Windows\SYSTEM32\profapi.dll
0x00007ffe4f8b0000 - 0x00007ffe4f8c3000 	C:\Program Files\Java\jdk-18.0.1\bin\net.dll
0x00007ffe4d750000 - 0x00007ffe4d85a000 	C:\Windows\SYSTEM32\WINHTTP.dll
0x00007ffe58370000 - 0x00007ffe583da000 	C:\Windows\system32\mswsock.dll
0x00007ffe4f890000 - 0x00007ffe4f8a6000 	C:\Program Files\Java\jdk-18.0.1\bin\nio.dll
0x00007ffe4f3e0000 - 0x00007ffe4f3f8000 	C:\Program Files\Java\jdk-18.0.1\bin\zip.dll
0x00007ffe16810000 - 0x00007ffe1699f000 	C:\Program Files\Java\jdk-18.0.1\bin\awt.dll
0x00007ffe5ae20000 - 0x00007ffe5aeed000 	C:\Windows\System32\OLEAUT32.dll
0x00007ffe53760000 - 0x00007ffe537f0000 	C:\Windows\SYSTEM32\apphelp.dll
0x00007ffe561e0000 - 0x00007ffe5620f000 	C:\Windows\system32\DWMAPI.DLL
0x00007ffe538a0000 - 0x00007ffe5393e000 	C:\Windows\system32\uxtheme.dll
0x00007ffe35b50000 - 0x00007ffe35c75000 	C:\Windows\system32\opengl32.dll
0x00007ffe45440000 - 0x00007ffe4546c000 	C:\Windows\SYSTEM32\GLU32.dll
0x00007ffe5b290000 - 0x00007ffe5b3a4000 	C:\Windows\System32\MSCTF.dll
0x00007ffe5acf0000 - 0x00007ffe5ae1a000 	C:\Windows\System32\ole32.dll
0x00007ffe460e0000 - 0x00007ffe46169000 	C:\Program Files\Java\jdk-18.0.1\bin\freetype.dll
0x00007ffe44ff0000 - 0x00007ffe45098000 	C:\Program Files\Java\jdk-18.0.1\bin\fontmanager.dll
0x00007ffe4fa00000 - 0x00007ffe4fa10000 	C:\Program Files\Java\jdk-18.0.1\bin\verify.dll
0x00007ffe58560000 - 0x00007ffe58578000 	C:\Windows\SYSTEM32\CRYPTSP.dll
0x00007ffe57c20000 - 0x00007ffe57c54000 	C:\Windows\system32\rsaenh.dll
0x00007ffe593c0000 - 0x00007ffe593e7000 	C:\Windows\System32\bcrypt.dll
0x00007ffe58ab0000 - 0x00007ffe58ade000 	C:\Windows\SYSTEM32\USERENV.dll
0x00007ffe58580000 - 0x00007ffe5858c000 	C:\Windows\SYSTEM32\CRYPTBASE.dll
0x00007ffe58010000 - 0x00007ffe5804b000 	C:\Windows\SYSTEM32\IPHLPAPI.DLL
0x00007ffe5ab20000 - 0x00007ffe5ab28000 	C:\Windows\System32\NSI.dll
0x00007ffe4ed70000 - 0x00007ffe4ed87000 	C:\Windows\SYSTEM32\dhcpcsvc6.DLL
0x00007ffe4edb0000 - 0x00007ffe4edcd000 	C:\Windows\SYSTEM32\dhcpcsvc.DLL
0x00007ffe58060000 - 0x00007ffe5812b000 	C:\Windows\SYSTEM32\DNSAPI.dll
0x00007ffe5ac10000 - 0x00007ffe5acb9000 	C:\Windows\System32\clbcatq.dll
0x00007ffe4fa60000 - 0x00007ffe4fc14000 	C:\Windows\SYSTEM32\WindowsCodecs.dll
0x00007ffe316a0000 - 0x00007ffe316de000 	C:\Windows\system32\dataexchange.dll
0x00007ffe529f0000 - 0x00007ffe52c53000 	C:\Windows\system32\d3d11.dll
0x00007ffe52c60000 - 0x00007ffe52e43000 	C:\Windows\system32\dcomp.dll
0x00007ffe57470000 - 0x00007ffe57563000 	C:\Windows\system32\dxgi.dll
0x00007ffe50e70000 - 0x00007ffe51070000 	C:\Windows\system32\twinapi.appcore.dll
0x00007ffe343e0000 - 0x00007ffe344d9000 	C:\Windows\SYSTEM32\textinputframework.dll
0x00007ffe531d0000 - 0x00007ffe5352e000 	C:\Windows\System32\CoreUIComponents.dll
0x00007ffe53530000 - 0x00007ffe53622000 	C:\Windows\System32\CoreMessaging.dll
0x00007ffe57d40000 - 0x00007ffe57d73000 	C:\Windows\SYSTEM32\ntmarta.dll
0x00007ffe51e70000 - 0x00007ffe51fc4000 	C:\Windows\SYSTEM32\wintypes.dll

dbghelp: loaded successfully - version: 4.0.5 - missing functions: none
symbol engine: initialized successfully - sym options: 0x614 - pdb path: .;C:\Program Files\Java\jdk-18.0.1\bin;C:\Windows\SYSTEM32;C:\Windows\WinSxS\amd64_microsoft.windows.common-controls_6595b64144ccf1df_6.0.19041.1110_none_60b5254171f9507e;C:\Program Files\Java\jdk-18.0.1\bin\server

VM Arguments:
jvm_args: -Dfile.encoding=UTF-8 -XX:+ShowCodeDetailsInExceptionMessages 
java_command: UI.Tour_GUI
java_class_path (initial): D:\Learn\HK04-LTHSK-JAVA\BaiNhom\CongTyDuLich\SourceCode\bin;D:\Learn\HK04-LTHSK-JAVA\BaiNhom\CongTyDuLich\SourceCode\Lib\sqljdbc42.jar;D:\Learn\HK04-LTHSK-JAVA\BaiNhom\CongTyDuLich\SourceCode\Lib\jdatepicker-1.3.4.jar
Launcher Type: SUN_STANDARD

[Global flags]
     intx CICompilerCount                          = 4                                         {product} {ergonomic}
     uint ConcGCThreads                            = 3                                         {product} {ergonomic}
     uint G1ConcRefinementThreads                  = 10                                        {product} {ergonomic}
   size_t G1HeapRegionSize                         = 2097152                                   {product} {ergonomic}
    uintx GCDrainStackTargetSize                   = 64                                        {product} {ergonomic}
   size_t InitialHeapSize                          = 266338304                                 {product} {ergonomic}
   size_t MarkStackSize                            = 4194304                                   {product} {ergonomic}
   size_t MaxHeapSize                              = 4234149888                                {product} {ergonomic}
   size_t MaxNewSize                               = 2539651072                                {product} {ergonomic}
   size_t MinHeapDeltaBytes                        = 2097152                                   {product} {ergonomic}
   size_t MinHeapSize                              = 8388608                                   {product} {ergonomic}
    uintx NonNMethodCodeHeapSize                   = 5839372                                {pd product} {ergonomic}
    uintx NonProfiledCodeHeapSize                  = 122909434                              {pd product} {ergonomic}
    uintx ProfiledCodeHeapSize                     = 122909434                              {pd product} {ergonomic}
    uintx ReservedCodeCacheSize                    = 251658240                              {pd product} {ergonomic}
     bool SegmentedCodeCache                       = true                                      {product} {ergonomic}
     bool ShowCodeDetailsInExceptionMessages       = true                                   {manageable} {command line}
   size_t SoftMaxHeapSize                          = 4234149888                             {manageable} {ergonomic}
     bool UseCompressedClassPointers               = true                           {product lp64_product} {ergonomic}
     bool UseCompressedOops                        = true                           {product lp64_product} {ergonomic}
     bool UseG1GC                                  = true                                      {product} {ergonomic}
     bool UseLargePagesIndividualAllocation        = false                                  {pd product} {ergonomic}

Logging:
Log output configuration:
 #0: stdout all=warning uptime,level,tags foldmultilines=false
 #1: stderr all=off uptime,level,tags foldmultilines=false

Environment Variables:
PATH=C:\Program Files\Common Files\Oracle\Java\javapath;C:\Windows\system32;C:\Windows;C:\Windows\System32\Wbem;C:\Windows\System32\WindowsPowerShell\v1.0\;C:\Windows\System32\OpenSSH\;C:\Program Files (x86)\NVIDIA Corporation\PhysX\Common;C:\Program Files\NVIDIA Corporation\NVIDIA NvDLISR;C:\Program Files\Git\cmd;C:\Program Files\Microsoft SQL Server\Client SDK\ODBC\170\Tools\Binn\;C:\Program Files (x86)\Microsoft SQL Server\150\Tools\Binn\;C:\Program Files\Microsoft SQL Server\150\Tools\Binn\;C:\Program Files\Microsoft SQL Server\150\DTS\Binn\;C:\Program Files (x86)\Microsoft SQL Server\150\DTS\Binn\;C:\Program Files\Azure Data Studio\bin;C:\Program Files\MongoDB\Server\5.0\bin;D:\Program Files\MongoDB\Tools\100\bin;D:\Program Files\Microsoft SQL Server\sqljdbc_12.2\enu\auth\x64;C:\Users\ACER\AppData\Local\Microsoft\WindowsApps;C:\Users\ACER\AppData\Local\GitHubDesktop\bin;C:\msys64\mingw64\bin;C:\Users\ACER\AppData\Local\Programs\Microsoft VS Code\bin;C:\Program Files\Azure Data Studio\bin;C:\Users\ACER\AppData\Local\Programs\mongosh\
USERNAME=ACER
OS=Windows_NT
PROCESSOR_IDENTIFIER=Intel64 Family 6 Model 141 Stepping 1, GenuineIntel



---------------  S Y S T E M  ---------------

OS:
 Windows 10 , 64 bit Build 19041 (10.0.19041.2546)
OS uptime: 8 days 6:13 hours

CPU: total 12 (initial active 12) (6 cores per cpu, 2 threads per core) family 6 model 141 stepping 1 microcode 0x3c, cx8, cmov, fxsr, ht, mmx, 3dnowpref, sse, sse2, sse3, ssse3, sse4.1, sse4.2, popcnt, lzcnt, tsc, tscinvbit, avx, avx2, aes, erms, clmul, bmi1, bmi2, adx, avx512f, avx512dq, avx512cd, avx512bw, avx512vl, sha, fma, vzeroupper, avx512_vpopcntdq, avx512_vpclmulqdq, avx512_vaes, avx512_vnni, clflush, clflushopt, clwb, avx512_vbmi2, avx512_vbmi

Memory: 4k page, system-wide physical 16147M (2687M free)
TotalPageFile size 38652M (AvailPageFile size 0M)
current process WorkingSet (physical memory assigned to process): 86M, peak: 90M
current process commit charge ("private bytes"): 370M, peak: 375M

vm_info: Java HotSpot(TM) 64-Bit Server VM (18.0.1+10-24) for windows-amd64 JRE (18.0.1+10-24), built on Mar  9 2022 22:41:56 by "mach5one" with MS VC++ 16.8 / 16.9 (VS2019)

END.
